<?xml version="1.0" encoding="UTF-8" standalone="yes"?><!DOCTYPE report PUBLIC "-//JACOCO//DTD Report 1.0//EN" "report.dtd"><report name="hosttracker_new.implementation"><sessioninfo id="ubuntu-53354796" start="1374875985573" dump="1374875986043"/><package name="org/opendaylight/controller/hosttracker/internal"><class name="org/opendaylight/controller/hosttracker/internal/DeviceUniqueIndex"><method name="&lt;init&gt;" desc="(Ljava/util/EnumSet;)V" line="60"><counter type="INSTRUCTION" missed="9" covered="0"/><counter type="LINE" missed="3" covered="0"/><counter type="COMPLEXITY" missed="1" covered="0"/><counter type="METHOD" missed="1" covered="0"/></method><method name="queryByEntity" desc="(Lorg/opendaylight/controller/hosttracker/Entity;)Ljava/util/Iterator;" line="70"><counter type="INSTRUCTION" missed="13" covered="0"/><counter type="BRANCH" missed="2" covered="0"/><counter type="LINE" missed="4" covered="0"/><counter type="COMPLEXITY" missed="2" covered="0"/><counter type="METHOD" missed="1" covered="0"/></method><method name="getAll" desc="()Ljava/util/Iterator;" line="79"><counter type="INSTRUCTION" missed="5" covered="0"/><counter type="LINE" missed="1" covered="0"/><counter type="COMPLEXITY" missed="1" covered="0"/><counter type="METHOD" missed="1" covered="0"/></method><method name="updateIndex" desc="(Lorg/opendaylight/controller/hosttracker/internal/Device;Ljava/lang/Long;)Z" line="84"><counter type="INSTRUCTION" missed="45" covered="0"/><counter type="BRANCH" missed="8" covered="0"/><counter type="LINE" missed="8" covered="0"/><counter type="COMPLEXITY" missed="5" covered="0"/><counter type="METHOD" missed="1" covered="0"/></method><method name="updateIndex" desc="(Lorg/opendaylight/controller/hosttracker/Entity;Ljava/lang/Long;)V" line="102"><counter type="INSTRUCTION" missed="18" covered="0"/><counter type="BRANCH" missed="2" covered="0"/><counter type="LINE" missed="5" covered="0"/><counter type="COMPLEXITY" missed="2" covered="0"/><counter type="METHOD" missed="1" covered="0"/></method><method name="removeEntity" desc="(Lorg/opendaylight/controller/hosttracker/Entity;)V" line="110"><counter type="INSTRUCTION" missed="13" covered="0"/><counter type="LINE" missed="3" covered="0"/><counter type="COMPLEXITY" missed="1" covered="0"/><counter type="METHOD" missed="1" covered="0"/></method><method name="removeEntity" desc="(Lorg/opendaylight/controller/hosttracker/Entity;Ljava/lang/Long;)V" line="116"><counter type="INSTRUCTION" missed="14" covered="0"/><counter type="LINE" missed="3" covered="0"/><counter type="COMPLEXITY" missed="1" covered="0"/><counter type="METHOD" missed="1" covered="0"/></method><method name="findByEntity" desc="(Lorg/opendaylight/controller/hosttracker/Entity;)Ljava/lang/Long;" line="132"><counter type="INSTRUCTION" missed="19" covered="0"/><counter type="BRANCH" missed="2" covered="0"/><counter type="LINE" missed="5" covered="0"/><counter type="COMPLEXITY" missed="2" covered="0"/><counter type="METHOD" missed="1" covered="0"/></method><counter type="INSTRUCTION" missed="136" covered="0"/><counter type="BRANCH" missed="14" covered="0"/><counter type="LINE" missed="32" covered="0"/><counter type="COMPLEXITY" missed="15" covered="0"/><counter type="METHOD" missed="8" covered="0"/><counter type="CLASS" missed="1" covered="0"/></class><class name="org/opendaylight/controller/hosttracker/internal/DeviceManagerImpl$AttachmentPointComparator"><method name="&lt;init&gt;" desc="(Lorg/opendaylight/controller/hosttracker/internal/DeviceManagerImpl;)V" line="360"><counter type="INSTRUCTION" missed="6" covered="0"/><counter type="LINE" missed="3" covered="0"/><counter type="COMPLEXITY" missed="1" covered="0"/><counter type="METHOD" missed="1" covered="0"/></method><method name="compare" desc="(Lorg/opendaylight/controller/hosttracker/internal/AttachmentPoint;Lorg/opendaylight/controller/hosttracker/internal/AttachmentPoint;)I" line="371"><counter type="INSTRUCTION" missed="101" covered="0"/><counter type="BRANCH" missed="30" covered="0"/><counter type="LINE" missed="31" covered="0"/><counter type="COMPLEXITY" missed="16" covered="0"/><counter type="METHOD" missed="1" covered="0"/></method><counter type="INSTRUCTION" missed="107" covered="0"/><counter type="BRANCH" missed="30" covered="0"/><counter type="LINE" missed="34" covered="0"/><counter type="COMPLEXITY" missed="17" covered="0"/><counter type="METHOD" missed="2" covered="0"/><counter type="CLASS" missed="1" covered="0"/></class><class name="org/opendaylight/controller/hosttracker/internal/DeviceManagerImpl$1"><method name="&lt;init&gt;" desc="(Lorg/opendaylight/controller/hosttracker/internal/DeviceManagerImpl;)V" line="1"><counter type="INSTRUCTION" missed="6" covered="0"/><counter type="LINE" missed="2" covered="0"/><counter type="COMPLEXITY" missed="1" covered="0"/><counter type="METHOD" missed="1" covered="0"/></method><method name="run" desc="()V" line="517"><counter type="INSTRUCTION" missed="14" covered="0"/><counter type="BRANCH" missed="2" covered="0"/><counter type="LINE" missed="5" covered="0"/><counter type="COMPLEXITY" missed="2" covered="0"/><counter type="METHOD" missed="1" covered="0"/></method><counter type="INSTRUCTION" missed="20" covered="0"/><counter type="BRANCH" missed="2" covered="0"/><counter type="LINE" missed="7" covered="0"/><counter type="COMPLEXITY" missed="3" covered="0"/><counter type="METHOD" missed="2" covered="0"/><counter type="CLASS" missed="1" covered="0"/></class><class name="org/opendaylight/controller/hosttracker/internal/DeviceMultiIndex"><method name="&lt;init&gt;" desc="(Ljava/util/EnumSet;)V" line="61"><counter type="INSTRUCTION" missed="9" covered="0"/><counter type="LINE" missed="3" covered="0"/><counter type="COMPLEXITY" missed="1" covered="0"/><counter type="METHOD" missed="1" covered="0"/></method><method name="queryByEntity" desc="(Lorg/opendaylight/controller/hosttracker/Entity;)Ljava/util/Iterator;" line="71"><counter type="INSTRUCTION" missed="21" covered="0"/><counter type="BRANCH" missed="2" covered="0"/><counter type="LINE" missed="5" covered="0"/><counter type="COMPLEXITY" missed="2" covered="0"/><counter type="METHOD" missed="1" covered="0"/></method><method name="getAll" desc="()Ljava/util/Iterator;" line="81"><counter type="INSTRUCTION" missed="10" covered="0"/><counter type="LINE" missed="2" covered="0"/><counter type="COMPLEXITY" missed="1" covered="0"/><counter type="METHOD" missed="1" covered="0"/></method><method name="updateIndex" desc="(Lorg/opendaylight/controller/hosttracker/internal/Device;Ljava/lang/Long;)Z" line="87"><counter type="INSTRUCTION" missed="23" covered="0"/><counter type="BRANCH" missed="2" covered="0"/><counter type="LINE" missed="3" covered="0"/><counter type="COMPLEXITY" missed="2" covered="0"/><counter type="METHOD" missed="1" covered="0"/></method><method name="updateIndex" desc="(Lorg/opendaylight/controller/hosttracker/Entity;Ljava/lang/Long;)V" line="95"><counter type="INSTRUCTION" missed="44" covered="0"/><counter type="BRANCH" missed="6" covered="0"/><counter type="LINE" missed="13" covered="0"/><counter type="COMPLEXITY" missed="4" covered="0"/><counter type="METHOD" missed="1" covered="0"/></method><method name="removeEntity" desc="(Lorg/opendaylight/controller/hosttracker/Entity;)V" line="115"><counter type="INSTRUCTION" missed="13" covered="0"/><counter type="LINE" missed="3" covered="0"/><counter type="COMPLEXITY" missed="1" covered="0"/><counter type="METHOD" missed="1" covered="0"/></method><method name="removeEntity" desc="(Lorg/opendaylight/controller/hosttracker/Entity;Ljava/lang/Long;)V" line="121"><counter type="INSTRUCTION" missed="20" covered="0"/><counter type="BRANCH" missed="2" covered="0"/><counter type="LINE" missed="5" covered="0"/><counter type="COMPLEXITY" missed="2" covered="0"/><counter type="METHOD" missed="1" covered="0"/></method><counter type="INSTRUCTION" missed="140" covered="0"/><counter type="BRANCH" missed="12" covered="0"/><counter type="LINE" missed="34" covered="0"/><counter type="COMPLEXITY" missed="13" covered="0"/><counter type="METHOD" missed="7" covered="0"/><counter type="CLASS" missed="1" covered="0"/></class><class name="org/opendaylight/controller/hosttracker/internal/Device"><method name="&lt;clinit&gt;" desc="()V" line="67"><counter type="INSTRUCTION" missed="7" covered="0"/><counter type="LINE" missed="2" covered="0"/><counter type="COMPLEXITY" missed="1" covered="0"/><counter type="METHOD" missed="1" covered="0"/></method><method name="&lt;init&gt;" desc="(Lorg/opendaylight/controller/hosttracker/internal/DeviceManagerImpl;Ljava/lang/Long;Lorg/opendaylight/controller/hosttracker/Entity;Lorg/opendaylight/controller/hosttracker/IEntityClass;)V" line="109"><counter type="INSTRUCTION" missed="69" covered="0"/><counter type="BRANCH" missed="4" covered="0"/><counter type="LINE" missed="20" covered="0"/><counter type="COMPLEXITY" missed="3" covered="0"/><counter type="METHOD" missed="1" covered="0"/></method><method name="&lt;init&gt;" desc="(Lorg/opendaylight/controller/hosttracker/internal/DeviceManagerImpl;Ljava/lang/Long;Ljava/lang/String;Ljava/util/Collection;Ljava/util/Collection;Ljava/util/Collection;Lorg/opendaylight/controller/hosttracker/IEntityClass;)V" line="150"><counter type="INSTRUCTION" missed="60" covered="0"/><counter type="BRANCH" missed="4" covered="0"/><counter type="LINE" missed="18" covered="0"/><counter type="COMPLEXITY" missed="3" covered="0"/><counter type="METHOD" missed="1" covered="0"/></method><method name="&lt;init&gt;" desc="(Lorg/opendaylight/controller/hosttracker/internal/Device;Lorg/opendaylight/controller/hosttracker/Entity;I)V" line="188"><counter type="INSTRUCTION" missed="109" covered="0"/><counter type="BRANCH" missed="10" covered="0"/><counter type="LINE" missed="26" covered="0"/><counter type="COMPLEXITY" missed="6" covered="0"/><counter type="METHOD" missed="1" covered="0"/></method><method name="computeVlandIds" desc="()[Ljava/lang/Short;" line="233"><counter type="INSTRUCTION" missed="72" covered="0"/><counter type="BRANCH" missed="8" covered="0"/><counter type="LINE" missed="10" covered="0"/><counter type="COMPLEXITY" missed="5" covered="0"/><counter type="METHOD" missed="1" covered="0"/></method><method name="getAPMap" desc="(Ljava/util/List;)Ljava/util/Map;" line="260"><counter type="INSTRUCTION" missed="85" covered="0"/><counter type="BRANCH" missed="14" covered="0"/><counter type="LINE" missed="21" covered="0"/><counter type="COMPLEXITY" missed="8" covered="0"/><counter type="METHOD" missed="1" covered="0"/></method><method name="removeExpiredAttachmentPoints" desc="(Ljava/util/List;)Z" line="310"><counter type="INSTRUCTION" missed="41" covered="0"/><counter type="BRANCH" missed="8" covered="0"/><counter type="LINE" missed="11" covered="0"/><counter type="COMPLEXITY" missed="5" covered="0"/><counter type="METHOD" missed="1" covered="0"/></method><method name="getDuplicateAttachmentPoints" desc="(Ljava/util/List;Ljava/util/Map;)Ljava/util/List;" line="342"><counter type="INSTRUCTION" missed="69" covered="0"/><counter type="BRANCH" missed="18" covered="0"/><counter type="LINE" missed="16" covered="0"/><counter type="COMPLEXITY" missed="10" covered="0"/><counter type="METHOD" missed="1" covered="0"/></method><method name="updateAttachmentPoint" desc="()Z" line="380"><counter type="INSTRUCTION" missed="64" covered="0"/><counter type="BRANCH" missed="14" covered="0"/><counter type="LINE" missed="18" covered="0"/><counter type="COMPLEXITY" missed="8" covered="0"/><counter type="METHOD" missed="1" covered="0"/></method><method name="updateAttachmentPoint" desc="(Lorg/opendaylight/controller/sal/core/NodeConnector;J)Z" line="422"><counter type="INSTRUCTION" missed="197" covered="0"/><counter type="BRANCH" missed="26" covered="0"/><counter type="LINE" missed="54" covered="0"/><counter type="COMPLEXITY" missed="14" covered="0"/><counter type="METHOD" missed="1" covered="0"/></method><method name="deleteAttachmentPoint" desc="(Lorg/opendaylight/controller/sal/core/NodeConnector;)Z" line="533"><counter type="INSTRUCTION" missed="60" covered="0"/><counter type="BRANCH" missed="8" covered="0"/><counter type="LINE" missed="17" covered="0"/><counter type="COMPLEXITY" missed="5" covered="0"/><counter type="METHOD" missed="1" covered="0"/></method><method name="getOldAP" desc="()[Lorg/opendaylight/controller/hosttracker/SwitchPort;" line="564"><counter type="INSTRUCTION" missed="64" covered="0"/><counter type="BRANCH" missed="10" covered="0"/><counter type="LINE" missed="15" covered="0"/><counter type="COMPLEXITY" missed="6" covered="0"/><counter type="METHOD" missed="1" covered="0"/></method><method name="getAttachmentPoints" desc="()[Lorg/opendaylight/controller/hosttracker/SwitchPort;" line="590"><counter type="INSTRUCTION" missed="4" covered="0"/><counter type="LINE" missed="1" covered="0"/><counter type="COMPLEXITY" missed="1" covered="0"/><counter type="METHOD" missed="1" covered="0"/></method><method name="getAttachmentPoints" desc="(Z)[Lorg/opendaylight/controller/hosttracker/SwitchPort;" line="595"><counter type="INSTRUCTION" missed="112" covered="0"/><counter type="BRANCH" missed="18" covered="0"/><counter type="LINE" missed="26" covered="0"/><counter type="COMPLEXITY" missed="10" covered="0"/><counter type="METHOD" missed="1" covered="0"/></method><method name="getDeviceKey" desc="()Ljava/lang/Long;" line="640"><counter type="INSTRUCTION" missed="3" covered="0"/><counter type="LINE" missed="1" covered="0"/><counter type="COMPLEXITY" missed="1" covered="0"/><counter type="METHOD" missed="1" covered="0"/></method><method name="getMACAddress" desc="()J" line="646"><counter type="INSTRUCTION" missed="6" covered="0"/><counter type="LINE" missed="1" covered="0"/><counter type="COMPLEXITY" missed="1" covered="0"/><counter type="METHOD" missed="1" covered="0"/></method><method name="getMACAddressString" desc="()Ljava/lang/String;" line="651"><counter type="INSTRUCTION" missed="3" covered="0"/><counter type="LINE" missed="1" covered="0"/><counter type="COMPLEXITY" missed="1" covered="0"/><counter type="METHOD" missed="1" covered="0"/></method><method name="getVlanId" desc="()[Ljava/lang/Short;" line="656"><counter type="INSTRUCTION" missed="8" covered="0"/><counter type="LINE" missed="1" covered="0"/><counter type="COMPLEXITY" missed="1" covered="0"/><counter type="METHOD" missed="1" covered="0"/></method><method name="getIPv4Addresses" desc="()[Ljava/lang/Integer;" line="666"><counter type="INSTRUCTION" missed="105" covered="0"/><counter type="BRANCH" missed="22" covered="0"/><counter type="LINE" missed="24" covered="0"/><counter type="COMPLEXITY" missed="12" covered="0"/><counter type="METHOD" missed="1" covered="0"/></method><method name="getSwitchPortVlanIds" desc="(Lorg/opendaylight/controller/hosttracker/SwitchPort;)[Ljava/lang/Short;" line="703"><counter type="INSTRUCTION" missed="48" covered="0"/><counter type="BRANCH" missed="6" covered="0"/><counter type="LINE" missed="7" covered="0"/><counter type="COMPLEXITY" missed="4" covered="0"/><counter type="METHOD" missed="1" covered="0"/></method><method name="getLastSeen" desc="()Ljava/util/Date;" line="717"><counter type="INSTRUCTION" missed="29" covered="0"/><counter type="BRANCH" missed="6" covered="0"/><counter type="LINE" missed="6" covered="0"/><counter type="COMPLEXITY" missed="4" covered="0"/><counter type="METHOD" missed="1" covered="0"/></method><method name="getEntityClass" desc="()Lorg/opendaylight/controller/hosttracker/IEntityClass;" line="732"><counter type="INSTRUCTION" missed="3" covered="0"/><counter type="LINE" missed="1" covered="0"/><counter type="COMPLEXITY" missed="1" covered="0"/><counter type="METHOD" missed="1" covered="0"/></method><method name="getEntities" desc="()[Lorg/opendaylight/controller/hosttracker/Entity;" line="736"><counter type="INSTRUCTION" missed="3" covered="0"/><counter type="LINE" missed="1" covered="0"/><counter type="COMPLEXITY" missed="1" covered="0"/><counter type="METHOD" missed="1" covered="0"/></method><method name="getDHCPClientName" desc="()Ljava/lang/String;" line="740"><counter type="INSTRUCTION" missed="3" covered="0"/><counter type="LINE" missed="1" covered="0"/><counter type="COMPLEXITY" missed="1" covered="0"/><counter type="METHOD" missed="1" covered="0"/></method><method name="entityIndex" desc="(Lorg/opendaylight/controller/hosttracker/Entity;)I" line="755"><counter type="INSTRUCTION" missed="5" covered="0"/><counter type="LINE" missed="1" covered="0"/><counter type="COMPLEXITY" missed="1" covered="0"/><counter type="METHOD" missed="1" covered="0"/></method><method name="hashCode" desc="()I" line="764"><counter type="INSTRUCTION" missed="14" covered="0"/><counter type="LINE" missed="4" covered="0"/><counter type="COMPLEXITY" missed="1" covered="0"/><counter type="METHOD" missed="1" covered="0"/></method><method name="equals" desc="(Ljava/lang/Object;)Z" line="772"><counter type="INSTRUCTION" missed="37" covered="0"/><counter type="BRANCH" missed="10" covered="0"/><counter type="LINE" missed="12" covered="0"/><counter type="COMPLEXITY" missed="6" covered="0"/><counter type="METHOD" missed="1" covered="0"/></method><method name="toHostNodeConnector" desc="()Lorg/opendaylight/controller/hosttracker/hostAware/HostNodeConnector;" line="787"><counter type="INSTRUCTION" missed="52" covered="0"/><counter type="BRANCH" missed="2" covered="0"/><counter type="LINE" missed="14" covered="0"/><counter type="COMPLEXITY" missed="2" covered="0"/><counter type="METHOD" missed="1" covered="0"/></method><method name="macLongToByte" desc="(J)[B" line="806"><counter type="INSTRUCTION" missed="24" covered="0"/><counter type="BRANCH" missed="2" covered="0"/><counter type="LINE" missed="4" covered="0"/><counter type="COMPLEXITY" missed="2" covered="0"/><counter type="METHOD" missed="1" covered="0"/></method><method name="isStaticHost" desc="()Z" line="814"><counter type="INSTRUCTION" missed="3" covered="0"/><counter type="LINE" missed="1" covered="0"/><counter type="COMPLEXITY" missed="1" covered="0"/><counter type="METHOD" missed="1" covered="0"/></method><method name="setStaticHost" desc="(Z)V" line="818"><counter type="INSTRUCTION" missed="4" covered="0"/><counter type="LINE" missed="2" covered="0"/><counter type="COMPLEXITY" missed="1" covered="0"/><counter type="METHOD" missed="1" covered="0"/></method><method name="toString" desc="()Ljava/lang/String;" line="823"><counter type="INSTRUCTION" missed="85" covered="0"/><counter type="BRANCH" missed="4" covered="0"/><counter type="LINE" missed="18" covered="0"/><counter type="COMPLEXITY" missed="3" covered="0"/><counter type="METHOD" missed="1" covered="0"/></method><counter type="INSTRUCTION" missed="1448" covered="0"/><counter type="BRANCH" missed="194" covered="0"/><counter type="LINE" missed="355" covered="0"/><counter type="COMPLEXITY" missed="129" covered="0"/><counter type="METHOD" missed="32" covered="0"/><counter type="CLASS" missed="1" covered="0"/></class><class name="org/opendaylight/controller/hosttracker/internal/DefaultEntityClassifier"><method name="&lt;clinit&gt;" desc="()V" line="77"><counter type="INSTRUCTION" missed="10" covered="0"/><counter type="LINE" missed="3" covered="0"/><counter type="COMPLEXITY" missed="1" covered="0"/><counter type="METHOD" missed="1" covered="0"/></method><method name="&lt;init&gt;" desc="()V" line="53"><counter type="INSTRUCTION" missed="3" covered="0"/><counter type="LINE" missed="1" covered="0"/><counter type="COMPLEXITY" missed="1" covered="0"/><counter type="METHOD" missed="1" covered="0"/></method><method name="classifyEntity" desc="(Lorg/opendaylight/controller/hosttracker/Entity;)Lorg/opendaylight/controller/hosttracker/IEntityClass;" line="84"><counter type="INSTRUCTION" missed="2" covered="0"/><counter type="LINE" missed="1" covered="0"/><counter type="COMPLEXITY" missed="1" covered="0"/><counter type="METHOD" missed="1" covered="0"/></method><method name="reclassifyEntity" desc="(Lorg/opendaylight/controller/hosttracker/IDevice;Lorg/opendaylight/controller/hosttracker/Entity;)Lorg/opendaylight/controller/hosttracker/IEntityClass;" line="89"><counter type="INSTRUCTION" missed="2" covered="0"/><counter type="LINE" missed="1" covered="0"/><counter type="COMPLEXITY" missed="1" covered="0"/><counter type="METHOD" missed="1" covered="0"/></method><method name="deviceUpdate" desc="(Lorg/opendaylight/controller/hosttracker/IDevice;Ljava/util/Collection;)V" line="96"><counter type="INSTRUCTION" missed="1" covered="0"/><counter type="LINE" missed="1" covered="0"/><counter type="COMPLEXITY" missed="1" covered="0"/><counter type="METHOD" missed="1" covered="0"/></method><method name="getKeyFields" desc="()Ljava/util/EnumSet;" line="100"><counter type="INSTRUCTION" missed="2" covered="0"/><counter type="LINE" missed="1" covered="0"/><counter type="COMPLEXITY" missed="1" covered="0"/><counter type="METHOD" missed="1" covered="0"/></method><method name="addListener" desc="(Lorg/opendaylight/controller/hosttracker/IEntityClassListener;)V" line="107"><counter type="INSTRUCTION" missed="1" covered="0"/><counter type="LINE" missed="1" covered="0"/><counter type="COMPLEXITY" missed="1" covered="0"/><counter type="METHOD" missed="1" covered="0"/></method><counter type="INSTRUCTION" missed="21" covered="0"/><counter type="LINE" missed="9" covered="0"/><counter type="COMPLEXITY" missed="7" covered="0"/><counter type="METHOD" missed="7" covered="0"/><counter type="CLASS" missed="1" covered="0"/></class><class name="org/opendaylight/controller/hosttracker/internal/DeviceIndex"><method name="&lt;init&gt;" desc="(Ljava/util/EnumSet;)V" line="59"><counter type="INSTRUCTION" missed="6" covered="0"/><counter type="LINE" missed="3" covered="0"/><counter type="COMPLEXITY" missed="1" covered="0"/><counter type="METHOD" missed="1" covered="0"/></method><method name="removeEntityIfNeeded" desc="(Lorg/opendaylight/controller/hosttracker/Entity;Ljava/lang/Long;Ljava/util/Collection;)V" line="137"><counter type="INSTRUCTION" missed="52" covered="0"/><counter type="BRANCH" missed="8" covered="0"/><counter type="LINE" missed="12" covered="0"/><counter type="COMPLEXITY" missed="5" covered="0"/><counter type="METHOD" missed="1" covered="0"/></method><counter type="INSTRUCTION" missed="58" covered="0"/><counter type="BRANCH" missed="8" covered="0"/><counter type="LINE" missed="15" covered="0"/><counter type="COMPLEXITY" missed="6" covered="0"/><counter type="METHOD" missed="2" covered="0"/><counter type="CLASS" missed="1" covered="0"/></class><class name="org/opendaylight/controller/hosttracker/internal/AttachmentPoint"><method name="&lt;init&gt;" desc="(Lorg/opendaylight/controller/sal/core/NodeConnector;JJ)V" line="54"><counter type="INSTRUCTION" missed="12" covered="0"/><counter type="LINE" missed="5" covered="0"/><counter type="COMPLEXITY" missed="1" covered="0"/><counter type="METHOD" missed="1" covered="0"/></method><method name="&lt;init&gt;" desc="(Lorg/opendaylight/controller/sal/core/NodeConnector;J)V" line="60"><counter type="INSTRUCTION" missed="12" covered="0"/><counter type="LINE" missed="5" covered="0"/><counter type="COMPLEXITY" missed="1" covered="0"/><counter type="METHOD" missed="1" covered="0"/></method><method name="&lt;init&gt;" desc="(Lorg/opendaylight/controller/hosttracker/internal/AttachmentPoint;)V" line="66"><counter type="INSTRUCTION" missed="15" covered="0"/><counter type="LINE" missed="5" covered="0"/><counter type="COMPLEXITY" missed="1" covered="0"/><counter type="METHOD" missed="1" covered="0"/></method><method name="getPort" desc="()Lorg/opendaylight/controller/sal/core/NodeConnector;" line="73"><counter type="INSTRUCTION" missed="3" covered="0"/><counter type="LINE" missed="1" covered="0"/><counter type="COMPLEXITY" missed="1" covered="0"/><counter type="METHOD" missed="1" covered="0"/></method><method name="setPort" desc="(Lorg/opendaylight/controller/sal/core/NodeConnector;)V" line="77"><counter type="INSTRUCTION" missed="4" covered="0"/><counter type="LINE" missed="2" covered="0"/><counter type="COMPLEXITY" missed="1" covered="0"/><counter type="METHOD" missed="1" covered="0"/></method><method name="getActiveSince" desc="()J" line="81"><counter type="INSTRUCTION" missed="3" covered="0"/><counter type="LINE" missed="1" covered="0"/><counter type="COMPLEXITY" missed="1" covered="0"/><counter type="METHOD" missed="1" covered="0"/></method><method name="setActiveSince" desc="(J)V" line="85"><counter type="INSTRUCTION" missed="4" covered="0"/><counter type="LINE" missed="2" covered="0"/><counter type="COMPLEXITY" missed="1" covered="0"/><counter type="METHOD" missed="1" covered="0"/></method><method name="getLastSeen" desc="()J" line="89"><counter type="INSTRUCTION" missed="3" covered="0"/><counter type="LINE" missed="1" covered="0"/><counter type="COMPLEXITY" missed="1" covered="0"/><counter type="METHOD" missed="1" covered="0"/></method><method name="setLastSeen" desc="(J)V" line="93"><counter type="INSTRUCTION" missed="19" covered="0"/><counter type="BRANCH" missed="4" covered="0"/><counter type="LINE" missed="5" covered="0"/><counter type="COMPLEXITY" missed="3" covered="0"/><counter type="METHOD" missed="1" covered="0"/></method><method name="hashCode" desc="()I" line="101"><counter type="INSTRUCTION" missed="19" covered="0"/><counter type="BRANCH" missed="2" covered="0"/><counter type="LINE" missed="4" covered="0"/><counter type="COMPLEXITY" missed="2" covered="0"/><counter type="METHOD" missed="1" covered="0"/></method><method name="equals" desc="(Ljava/lang/Object;)Z" line="109"><counter type="INSTRUCTION" missed="37" covered="0"/><counter type="BRANCH" missed="12" covered="0"/><counter type="LINE" missed="13" covered="0"/><counter type="COMPLEXITY" missed="7" covered="0"/><counter type="METHOD" missed="1" covered="0"/></method><method name="toString" desc="()Ljava/lang/String;" line="126"><counter type="INSTRUCTION" missed="21" covered="0"/><counter type="LINE" missed="2" covered="0"/><counter type="COMPLEXITY" missed="1" covered="0"/><counter type="METHOD" missed="1" covered="0"/></method><counter type="INSTRUCTION" missed="152" covered="0"/><counter type="BRANCH" missed="18" covered="0"/><counter type="LINE" missed="46" covered="0"/><counter type="COMPLEXITY" missed="21" covered="0"/><counter type="METHOD" missed="12" covered="0"/><counter type="CLASS" missed="1" covered="0"/></class><class name="org/opendaylight/controller/hosttracker/internal/IndexedEntity"><method name="&lt;clinit&gt;" desc="()V" line="38"><counter type="INSTRUCTION" missed="4" covered="0"/><counter type="LINE" missed="2" covered="0"/><counter type="COMPLEXITY" missed="1" covered="0"/><counter type="METHOD" missed="1" covered="0"/></method><method name="&lt;init&gt;" desc="(Ljava/util/EnumSet;Lorg/opendaylight/controller/hosttracker/Entity;)V" line="37"><counter type="INSTRUCTION" missed="12" covered="0"/><counter type="LINE" missed="5" covered="0"/><counter type="COMPLEXITY" missed="1" covered="0"/><counter type="METHOD" missed="1" covered="0"/></method><method name="hasNonNullKeys" desc="()Z" line="64"><counter type="INSTRUCTION" missed="39" covered="0"/><counter type="BRANCH" missed="13" covered="0"/><counter type="LINE" missed="10" covered="0"/><counter type="COMPLEXITY" missed="9" covered="0"/><counter type="METHOD" missed="1" covered="0"/></method><method name="hashCode" desc="()I" line="88"><counter type="INSTRUCTION" missed="102" covered="0"/><counter type="BRANCH" missed="15" covered="0"/><counter type="LINE" missed="26" covered="0"/><counter type="COMPLEXITY" missed="10" covered="0"/><counter type="METHOD" missed="1" covered="0"/></method><method name="equals" desc="(Ljava/lang/Object;)Z" line="127"><counter type="INSTRUCTION" missed="116" covered="0"/><counter type="BRANCH" missed="35" covered="0"/><counter type="LINE" missed="30" covered="0"/><counter type="COMPLEXITY" missed="20" covered="0"/><counter type="METHOD" missed="1" covered="0"/></method><counter type="INSTRUCTION" missed="273" covered="0"/><counter type="BRANCH" missed="63" covered="0"/><counter type="LINE" missed="73" covered="0"/><counter type="COMPLEXITY" missed="41" covered="0"/><counter type="METHOD" missed="5" covered="0"/><counter type="CLASS" missed="1" covered="0"/></class><class name="org/opendaylight/controller/hosttracker/internal/DeviceManagerImpl"><method name="&lt;clinit&gt;" desc="()V" line="114"><counter type="INSTRUCTION" missed="14" covered="0"/><counter type="LINE" missed="5" covered="0"/><counter type="COMPLEXITY" missed="1" covered="0"/><counter type="METHOD" missed="1" covered="0"/></method><method name="&lt;init&gt;" desc="()V" line="112"><counter type="INSTRUCTION" missed="26" covered="0"/><counter type="LINE" missed="7" covered="0"/><counter type="COMPLEXITY" missed="1" covered="0"/><counter type="METHOD" missed="1" covered="0"/></method><method name="setNewHostNotify" desc="(Lorg/opendaylight/controller/hosttracker/IfNewHostNotify;)V" line="449"><counter type="INSTRUCTION" missed="6" covered="0"/><counter type="LINE" missed="2" covered="0"/><counter type="COMPLEXITY" missed="1" covered="0"/><counter type="METHOD" missed="1" covered="0"/></method><method name="unsetNewHostNotify" desc="(Lorg/opendaylight/controller/hosttracker/IfNewHostNotify;)V" line="453"><counter type="INSTRUCTION" missed="6" covered="0"/><counter type="LINE" missed="2" covered="0"/><counter type="COMPLEXITY" missed="1" covered="0"/><counter type="METHOD" missed="1" covered="0"/></method><method name="setDataPacketService" desc="(Lorg/opendaylight/controller/sal/packet/IDataPacketService;)V" line="457"><counter type="INSTRUCTION" missed="4" covered="0"/><counter type="LINE" missed="2" covered="0"/><counter type="COMPLEXITY" missed="1" covered="0"/><counter type="METHOD" missed="1" covered="0"/></method><method name="unsetDataPacketService" desc="(Lorg/opendaylight/controller/sal/packet/IDataPacketService;)V" line="461"><counter type="INSTRUCTION" missed="8" covered="0"/><counter type="BRANCH" missed="2" covered="0"/><counter type="LINE" missed="3" covered="0"/><counter type="COMPLEXITY" missed="2" covered="0"/><counter type="METHOD" missed="1" covered="0"/></method><method name="setTopologyManager" desc="(Lorg/opendaylight/controller/topologymanager/ITopologyManager;)V" line="467"><counter type="INSTRUCTION" missed="4" covered="0"/><counter type="LINE" missed="2" covered="0"/><counter type="COMPLEXITY" missed="1" covered="0"/><counter type="METHOD" missed="1" covered="0"/></method><method name="unsetTopologyManager" desc="(Lorg/opendaylight/controller/topologymanager/ITopologyManager;)V" line="471"><counter type="INSTRUCTION" missed="11" covered="0"/><counter type="BRANCH" missed="2" covered="0"/><counter type="LINE" missed="4" covered="0"/><counter type="COMPLEXITY" missed="2" covered="0"/><counter type="METHOD" missed="1" covered="0"/></method><method name="stop" desc="()V" line="481"><counter type="INSTRUCTION" missed="11" covered="0"/><counter type="BRANCH" missed="2" covered="0"/><counter type="LINE" missed="4" covered="0"/><counter type="COMPLEXITY" missed="2" covered="0"/><counter type="METHOD" missed="1" covered="0"/></method><method name="start" desc="()V" line="487"><counter type="INSTRUCTION" missed="83" covered="0"/><counter type="LINE" missed="18" covered="0"/><counter type="COMPLEXITY" missed="1" covered="0"/><counter type="METHOD" missed="1" covered="0"/></method><method name="setSwitchManager" desc="(Lorg/opendaylight/controller/switchmanager/ISwitchManager;)V" line="567"><counter type="INSTRUCTION" missed="7" covered="0"/><counter type="LINE" missed="3" covered="0"/><counter type="COMPLEXITY" missed="1" covered="0"/><counter type="METHOD" missed="1" covered="0"/></method><method name="unsetSwitchManager" desc="(Lorg/opendaylight/controller/switchmanager/ISwitchManager;)V" line="572"><counter type="INSTRUCTION" missed="11" covered="0"/><counter type="BRANCH" missed="2" covered="0"/><counter type="LINE" missed="4" covered="0"/><counter type="COMPLEXITY" missed="2" covered="0"/><counter type="METHOD" missed="1" covered="0"/></method><method name="getDevice" desc="(Ljava/lang/Long;)Lorg/opendaylight/controller/hosttracker/IDevice;" line="580"><counter type="INSTRUCTION" missed="6" covered="0"/><counter type="LINE" missed="1" covered="0"/><counter type="COMPLEXITY" missed="1" covered="0"/><counter type="METHOD" missed="1" covered="0"/></method><method name="findDevice" desc="(JLjava/lang/Short;Ljava/lang/Integer;Lorg/opendaylight/controller/sal/core/NodeConnector;)Lorg/opendaylight/controller/hosttracker/IDevice;" line="586"><counter type="INSTRUCTION" missed="47" covered="0"/><counter type="BRANCH" missed="10" covered="0"/><counter type="LINE" missed="9" covered="0"/><counter type="COMPLEXITY" missed="6" covered="0"/><counter type="METHOD" missed="1" covered="0"/></method><method name="findClassDevice" desc="(Lorg/opendaylight/controller/hosttracker/IEntityClass;JLjava/lang/Short;Ljava/lang/Integer;)Lorg/opendaylight/controller/hosttracker/IDevice;" line="601"><counter type="INSTRUCTION" missed="49" covered="0"/><counter type="BRANCH" missed="12" covered="0"/><counter type="LINE" missed="10" covered="0"/><counter type="COMPLEXITY" missed="7" covered="0"/><counter type="METHOD" missed="1" covered="0"/></method><method name="getAllDevices" desc="()Ljava/util/Collection;" line="617"><counter type="INSTRUCTION" missed="5" covered="0"/><counter type="LINE" missed="1" covered="0"/><counter type="COMPLEXITY" missed="1" covered="0"/><counter type="METHOD" missed="1" covered="0"/></method><method name="addIndex" desc="(ZLjava/util/EnumSet;)V" line="622"><counter type="INSTRUCTION" missed="18" covered="0"/><counter type="BRANCH" missed="2" covered="0"/><counter type="LINE" missed="5" covered="0"/><counter type="COMPLEXITY" missed="2" covered="0"/><counter type="METHOD" missed="1" covered="0"/></method><method name="queryDevices" desc="(Ljava/lang/Long;Ljava/lang/Short;Ljava/lang/Integer;Lorg/opendaylight/controller/sal/core/NodeConnector;)Ljava/util/Iterator;" line="632"><counter type="INSTRUCTION" missed="63" covered="0"/><counter type="BRANCH" missed="6" covered="0"/><counter type="LINE" missed="16" covered="0"/><counter type="COMPLEXITY" missed="4" covered="0"/><counter type="METHOD" missed="1" covered="0"/></method><method name="queryClassDevices" desc="(Lorg/opendaylight/controller/hosttracker/IEntityClass;Ljava/lang/Long;Ljava/lang/Short;Ljava/lang/Integer;Lorg/opendaylight/controller/sal/core/NodeConnector;)Ljava/util/Iterator;" line="660"><counter type="INSTRUCTION" missed="92" covered="0"/><counter type="BRANCH" missed="8" covered="0"/><counter type="LINE" missed="20" covered="0"/><counter type="COMPLEXITY" missed="5" covered="0"/><counter type="METHOD" missed="1" covered="0"/></method><method name="getDeviceIteratorForQuery" desc="(Ljava/lang/Long;Ljava/lang/Short;Ljava/lang/Integer;Lorg/opendaylight/controller/sal/core/NodeConnector;)Ljava/util/Iterator;" line="695"><counter type="INSTRUCTION" missed="63" covered="0"/><counter type="BRANCH" missed="6" covered="0"/><counter type="LINE" missed="16" covered="0"/><counter type="COMPLEXITY" missed="4" covered="0"/><counter type="METHOD" missed="1" covered="0"/></method><method name="addListener" desc="(Lorg/opendaylight/controller/hosttracker/IDeviceListener;)V" line="721"><counter type="INSTRUCTION" missed="8" covered="0"/><counter type="LINE" missed="3" covered="0"/><counter type="COMPLEXITY" missed="1" covered="0"/><counter type="METHOD" missed="1" covered="0"/></method><method name="addSuppressAPs" desc="(Lorg/opendaylight/controller/sal/core/NodeConnector;)V" line="727"><counter type="INSTRUCTION" missed="9" covered="0"/><counter type="LINE" missed="2" covered="0"/><counter type="COMPLEXITY" missed="1" covered="0"/><counter type="METHOD" missed="1" covered="0"/></method><method name="removeSuppressAPs" desc="(Lorg/opendaylight/controller/sal/core/NodeConnector;)V" line="732"><counter type="INSTRUCTION" missed="9" covered="0"/><counter type="LINE" missed="2" covered="0"/><counter type="COMPLEXITY" missed="1" covered="0"/><counter type="METHOD" missed="1" covered="0"/></method><method name="getSuppressAPs" desc="()Ljava/util/Set;" line="737"><counter type="INSTRUCTION" missed="4" covered="0"/><counter type="LINE" missed="1" covered="0"/><counter type="COMPLEXITY" missed="1" covered="0"/><counter type="METHOD" missed="1" covered="0"/></method><method name="logListeners" desc="()V" line="741"><counter type="INSTRUCTION" missed="39" covered="0"/><counter type="BRANCH" missed="4" covered="0"/><counter type="LINE" missed="9" covered="0"/><counter type="COMPLEXITY" missed="3" covered="0"/><counter type="METHOD" missed="1" covered="0"/></method><method name="receiveDataPacket" desc="(Lorg/opendaylight/controller/sal/packet/RawPacket;)Lorg/opendaylight/controller/sal/packet/PacketResult;" line="804"><counter type="INSTRUCTION" missed="48" covered="0"/><counter type="BRANCH" missed="8" covered="0"/><counter type="LINE" missed="17" covered="0"/><counter type="COMPLEXITY" missed="5" covered="0"/><counter type="METHOD" missed="1" covered="0"/></method><method name="isValidAttachmentPoint" desc="(Lorg/opendaylight/controller/sal/core/NodeConnector;)Z" line="920"><counter type="INSTRUCTION" missed="27" covered="0"/><counter type="BRANCH" missed="6" covered="0"/><counter type="LINE" missed="7" covered="0"/><counter type="COMPLEXITY" missed="4" covered="0"/><counter type="METHOD" missed="1" covered="0"/></method><method name="getSrcNwAddr" desc="(Lorg/opendaylight/controller/sal/packet/Ethernet;J)I" line="938"><counter type="INSTRUCTION" missed="25" covered="0"/><counter type="BRANCH" missed="6" covered="0"/><counter type="LINE" missed="6" covered="0"/><counter type="COMPLEXITY" missed="4" covered="0"/><counter type="METHOD" missed="1" covered="0"/></method><method name="getSourceEntityFromPacket" desc="(Lorg/opendaylight/controller/sal/packet/Ethernet;Lorg/opendaylight/controller/sal/core/NodeConnector;)Lorg/opendaylight/controller/hosttracker/Entity;" line="960"><counter type="INSTRUCTION" missed="36" covered="0"/><counter type="BRANCH" missed="4" covered="0"/><counter type="LINE" missed="7" covered="0"/><counter type="COMPLEXITY" missed="3" covered="0"/><counter type="METHOD" missed="1" covered="0"/></method><method name="learnDeviceFromArpResponseData" desc="(Lorg/opendaylight/controller/sal/packet/Ethernet;Lorg/opendaylight/controller/sal/core/NodeConnector;)V" line="981"><counter type="INSTRUCTION" missed="60" covered="0"/><counter type="BRANCH" missed="8" covered="0"/><counter type="LINE" missed="16" covered="0"/><counter type="COMPLEXITY" missed="5" covered="0"/><counter type="METHOD" missed="1" covered="0"/></method><method name="findDeviceByEntity" desc="(Lorg/opendaylight/controller/hosttracker/Entity;)Lorg/opendaylight/controller/hosttracker/internal/Device;" line="1105"><counter type="INSTRUCTION" missed="40" covered="0"/><counter type="BRANCH" missed="8" covered="0"/><counter type="LINE" missed="12" covered="0"/><counter type="COMPLEXITY" missed="5" covered="0"/><counter type="METHOD" missed="1" covered="0"/></method><method name="findDestByEntity" desc="(Lorg/opendaylight/controller/hosttracker/IEntityClass;Lorg/opendaylight/controller/hosttracker/Entity;)Lorg/opendaylight/controller/hosttracker/internal/Device;" line="1145"><counter type="INSTRUCTION" missed="31" covered="0"/><counter type="BRANCH" missed="6" covered="0"/><counter type="LINE" missed="9" covered="0"/><counter type="COMPLEXITY" missed="4" covered="0"/><counter type="METHOD" missed="1" covered="0"/></method><method name="learnDeviceByEntity" desc="(Lorg/opendaylight/controller/hosttracker/Entity;)Lorg/opendaylight/controller/hosttracker/internal/Device;" line="1190"><counter type="INSTRUCTION" missed="360" covered="0"/><counter type="BRANCH" missed="58" covered="0"/><counter type="LINE" missed="105" covered="0"/><counter type="COMPLEXITY" missed="30" covered="0"/><counter type="METHOD" missed="1" covered="0"/></method><method name="isEntityAllowed" desc="(Lorg/opendaylight/controller/hosttracker/Entity;Lorg/opendaylight/controller/hosttracker/IEntityClass;)Z" line="1409"><counter type="INSTRUCTION" missed="2" covered="0"/><counter type="LINE" missed="1" covered="0"/><counter type="COMPLEXITY" missed="1" covered="0"/><counter type="METHOD" missed="1" covered="0"/></method><method name="findChangedFields" desc="(Lorg/opendaylight/controller/hosttracker/internal/Device;Lorg/opendaylight/controller/hosttracker/Entity;)Ljava/util/EnumSet;" line="1414"><counter type="INSTRUCTION" missed="98" covered="0"/><counter type="BRANCH" missed="28" covered="0"/><counter type="LINE" missed="25" covered="0"/><counter type="COMPLEXITY" missed="15" covered="0"/><counter type="METHOD" missed="1" covered="0"/></method><method name="processUpdates" desc="(Ljava/util/Queue;)V" line="1453"><counter type="INSTRUCTION" missed="28" covered="0"/><counter type="BRANCH" missed="6" covered="0"/><counter type="LINE" missed="10" covered="0"/><counter type="COMPLEXITY" missed="4" covered="0"/><counter type="METHOD" missed="1" covered="0"/></method><method name="notifyListeners" desc="(Ljava/util/List;Lorg/opendaylight/controller/hosttracker/internal/DeviceManagerImpl$DeviceUpdate;)V" line="1474"><counter type="INSTRUCTION" missed="204" covered="0"/><counter type="BRANCH" missed="29" covered="0"/><counter type="LINE" missed="50" covered="0"/><counter type="COMPLEXITY" missed="18" covered="0"/><counter type="METHOD" missed="1" covered="0"/></method><method name="allKeyFieldsPresent" desc="(Lorg/opendaylight/controller/hosttracker/Entity;Ljava/util/EnumSet;)Z" line="1579"><counter type="INSTRUCTION" missed="34" covered="0"/><counter type="BRANCH" missed="11" covered="0"/><counter type="LINE" missed="10" covered="0"/><counter type="COMPLEXITY" missed="8" covered="0"/><counter type="METHOD" missed="1" covered="0"/></method><method name="updateUpdates" desc="(Ljava/util/LinkedList;Lorg/opendaylight/controller/hosttracker/internal/DeviceManagerImpl$DeviceUpdate;)Ljava/util/LinkedList;" line="1608"><counter type="INSTRUCTION" missed="16" covered="0"/><counter type="BRANCH" missed="4" covered="0"/><counter type="LINE" missed="6" covered="0"/><counter type="COMPLEXITY" missed="3" covered="0"/><counter type="METHOD" missed="1" covered="0"/></method><method name="getClassState" desc="(Lorg/opendaylight/controller/hosttracker/IEntityClass;)Lorg/opendaylight/controller/hosttracker/internal/DeviceManagerImpl$ClassState;" line="1626"><counter type="INSTRUCTION" missed="31" covered="0"/><counter type="BRANCH" missed="4" covered="0"/><counter type="LINE" missed="8" covered="0"/><counter type="COMPLEXITY" missed="3" covered="0"/><counter type="METHOD" missed="1" covered="0"/></method><method name="updateIndices" desc="(Lorg/opendaylight/controller/hosttracker/internal/Device;Ljava/lang/Long;)Z" line="1650"><counter type="INSTRUCTION" missed="28" covered="0"/><counter type="BRANCH" missed="6" covered="0"/><counter type="LINE" missed="8" covered="0"/><counter type="COMPLEXITY" missed="4" covered="0"/><counter type="METHOD" missed="1" covered="0"/></method><method name="updateSecondaryIndices" desc="(Lorg/opendaylight/controller/hosttracker/Entity;Lorg/opendaylight/controller/hosttracker/IEntityClass;Ljava/lang/Long;)V" line="1676"><counter type="INSTRUCTION" missed="39" covered="0"/><counter type="BRANCH" missed="4" covered="0"/><counter type="LINE" missed="6" covered="0"/><counter type="COMPLEXITY" missed="3" covered="0"/><counter type="METHOD" missed="1" covered="0"/></method><method name="cleanupEntities" desc="()V" line="1691"><counter type="INSTRUCTION" missed="204" covered="0"/><counter type="BRANCH" missed="28" covered="0"/><counter type="LINE" missed="50" covered="0"/><counter type="COMPLEXITY" missed="15" covered="0"/><counter type="METHOD" missed="1" covered="0"/></method><method name="removeEntity" desc="(Lorg/opendaylight/controller/hosttracker/Entity;Lorg/opendaylight/controller/hosttracker/IEntityClass;Ljava/lang/Long;Ljava/util/Collection;)V" line="1781"><counter type="INSTRUCTION" missed="56" covered="0"/><counter type="BRANCH" missed="6" covered="0"/><counter type="LINE" missed="10" covered="0"/><counter type="COMPLEXITY" missed="4" covered="0"/><counter type="METHOD" missed="1" covered="0"/></method><method name="deleteDevice" desc="(Lorg/opendaylight/controller/hosttracker/internal/Device;)V" line="1807"><counter type="INSTRUCTION" missed="50" covered="0"/><counter type="BRANCH" missed="6" covered="0"/><counter type="LINE" missed="9" covered="0"/><counter type="COMPLEXITY" missed="4" covered="0"/><counter type="METHOD" missed="1" covered="0"/></method><method name="getEntityKeys" desc="(Ljava/lang/Long;Ljava/lang/Short;Ljava/lang/Integer;Lorg/opendaylight/controller/sal/core/NodeConnector;)Ljava/util/EnumSet;" line="1824"><counter type="INSTRUCTION" missed="29" covered="0"/><counter type="BRANCH" missed="8" covered="0"/><counter type="LINE" missed="10" covered="0"/><counter type="COMPLEXITY" missed="5" covered="0"/><counter type="METHOD" missed="1" covered="0"/></method><method name="queryClassByEntity" desc="(Lorg/opendaylight/controller/hosttracker/IEntityClass;Ljava/util/EnumSet;Lorg/opendaylight/controller/hosttracker/Entity;)Ljava/util/Iterator;" line="1838"><counter type="INSTRUCTION" missed="23" covered="0"/><counter type="BRANCH" missed="2" covered="0"/><counter type="LINE" missed="5" covered="0"/><counter type="COMPLEXITY" missed="2" covered="0"/><counter type="METHOD" missed="1" covered="0"/></method><method name="allocateDevice" desc="(Ljava/lang/Long;Lorg/opendaylight/controller/hosttracker/Entity;Lorg/opendaylight/controller/hosttracker/IEntityClass;)Lorg/opendaylight/controller/hosttracker/internal/Device;" line="1847"><counter type="INSTRUCTION" missed="8" covered="0"/><counter type="LINE" missed="1" covered="0"/><counter type="COMPLEXITY" missed="1" covered="0"/><counter type="METHOD" missed="1" covered="0"/></method><method name="allocateDevice" desc="(Ljava/lang/Long;Ljava/lang/String;Ljava/util/List;Ljava/util/List;Ljava/util/Collection;Lorg/opendaylight/controller/hosttracker/IEntityClass;)Lorg/opendaylight/controller/hosttracker/internal/Device;" line="1854"><counter type="INSTRUCTION" missed="11" covered="0"/><counter type="LINE" missed="2" covered="0"/><counter type="COMPLEXITY" missed="1" covered="0"/><counter type="METHOD" missed="1" covered="0"/></method><method name="allocateDevice" desc="(Lorg/opendaylight/controller/hosttracker/internal/Device;Lorg/opendaylight/controller/hosttracker/Entity;I)Lorg/opendaylight/controller/hosttracker/internal/Device;" line="1860"><counter type="INSTRUCTION" missed="7" covered="0"/><counter type="LINE" missed="1" covered="0"/><counter type="COMPLEXITY" missed="1" covered="0"/><counter type="METHOD" missed="1" covered="0"/></method><method name="allocateDevice" desc="(Lorg/opendaylight/controller/hosttracker/internal/Device;Ljava/util/Set;)Lorg/opendaylight/controller/hosttracker/internal/Device;" line="1865"><counter type="INSTRUCTION" missed="80" covered="0"/><counter type="BRANCH" missed="12" covered="0"/><counter type="LINE" missed="17" covered="0"/><counter type="COMPLEXITY" missed="7" covered="0"/><counter type="METHOD" missed="1" covered="0"/></method><method name="edgeUpdate" desc="(Ljava/util/List;)V" line="1895"><counter type="INSTRUCTION" missed="27" covered="0"/><counter type="BRANCH" missed="6" covered="0"/><counter type="LINE" missed="8" covered="0"/><counter type="COMPLEXITY" missed="4" covered="0"/><counter type="METHOD" missed="1" covered="0"/></method><method name="edgeOverUtilized" desc="(Lorg/opendaylight/controller/sal/core/Edge;)V" line="1911"><counter type="INSTRUCTION" missed="1" covered="0"/><counter type="LINE" missed="1" covered="0"/><counter type="COMPLEXITY" missed="1" covered="0"/><counter type="METHOD" missed="1" covered="0"/></method><method name="edgeUtilBackToNormal" desc="(Lorg/opendaylight/controller/sal/core/Edge;)V" line="1916"><counter type="INSTRUCTION" missed="1" covered="0"/><counter type="LINE" missed="1" covered="0"/><counter type="COMPLEXITY" missed="1" covered="0"/><counter type="METHOD" missed="1" covered="0"/></method><method name="entityClassChanged" desc="(Ljava/util/Set;)V" line="1928"><counter type="INSTRUCTION" missed="27" covered="0"/><counter type="BRANCH" missed="6" covered="0"/><counter type="LINE" missed="7" covered="0"/><counter type="COMPLEXITY" missed="4" covered="0"/><counter type="METHOD" missed="1" covered="0"/></method><method name="sendDeviceMovedNotification" desc="(Lorg/opendaylight/controller/hosttracker/internal/Device;)V" line="1949"><counter type="INSTRUCTION" missed="21" covered="0"/><counter type="BRANCH" missed="4" covered="0"/><counter type="LINE" missed="5" covered="0"/><counter type="COMPLEXITY" missed="3" covered="0"/><counter type="METHOD" missed="1" covered="0"/></method><method name="sendDeviceMovedNotification" desc="(Lorg/opendaylight/controller/hosttracker/internal/Device;Lorg/opendaylight/controller/hosttracker/internal/Device;)V" line="1963"><counter type="INSTRUCTION" missed="24" covered="0"/><counter type="BRANCH" missed="2" covered="0"/><counter type="LINE" missed="5" covered="0"/><counter type="COMPLEXITY" missed="2" covered="0"/><counter type="METHOD" missed="1" covered="0"/></method><method name="reclassifyDevice" desc="(Lorg/opendaylight/controller/hosttracker/internal/Device;)Z" line="1979"><counter type="INSTRUCTION" missed="98" covered="0"/><counter type="BRANCH" missed="16" covered="0"/><counter type="LINE" missed="25" covered="0"/><counter type="COMPLEXITY" missed="9" covered="0"/><counter type="METHOD" missed="1" covered="0"/></method><method name="toLong" desc="([B)J" line="2036"><counter type="INSTRUCTION" missed="28" covered="0"/><counter type="BRANCH" missed="2" covered="0"/><counter type="LINE" missed="5" covered="0"/><counter type="COMPLEXITY" missed="2" covered="0"/><counter type="METHOD" missed="1" covered="0"/></method><method name="toIPv4Address" desc="([B)I" line="2052"><counter type="INSTRUCTION" missed="27" covered="0"/><counter type="BRANCH" missed="2" covered="0"/><counter type="LINE" missed="5" covered="0"/><counter type="COMPLEXITY" missed="2" covered="0"/><counter type="METHOD" missed="1" covered="0"/></method><method name="registerDeviceManagerDebugCounters" desc="()V" line="2161"><counter type="INSTRUCTION" missed="1" covered="0"/><counter type="LINE" missed="1" covered="0"/><counter type="COMPLEXITY" missed="1" covered="0"/><counter type="METHOD" missed="1" covered="0"/></method><method name="hostFind" desc="(Ljava/net/InetAddress;)Lorg/opendaylight/controller/hosttracker/hostAware/HostNodeConnector;" line="2166"><counter type="INSTRUCTION" missed="2" covered="0"/><counter type="LINE" missed="1" covered="0"/><counter type="COMPLEXITY" missed="1" covered="0"/><counter type="METHOD" missed="1" covered="0"/></method><method name="hostQuery" desc="(Ljava/net/InetAddress;)Lorg/opendaylight/controller/hosttracker/hostAware/HostNodeConnector;" line="2172"><counter type="INSTRUCTION" missed="2" covered="0"/><counter type="LINE" missed="1" covered="0"/><counter type="COMPLEXITY" missed="1" covered="0"/><counter type="METHOD" missed="1" covered="0"/></method><method name="discoverHost" desc="(Ljava/net/InetAddress;)Ljava/util/concurrent/Future;" line="2178"><counter type="INSTRUCTION" missed="2" covered="0"/><counter type="LINE" missed="1" covered="0"/><counter type="COMPLEXITY" missed="1" covered="0"/><counter type="METHOD" missed="1" covered="0"/></method><method name="getHostNetworkHierarchy" desc="(Ljava/net/InetAddress;)Ljava/util/List;" line="2184"><counter type="INSTRUCTION" missed="2" covered="0"/><counter type="LINE" missed="1" covered="0"/><counter type="COMPLEXITY" missed="1" covered="0"/><counter type="METHOD" missed="1" covered="0"/></method><method name="getAllHosts" desc="()Ljava/util/Set;" line="2189"><counter type="INSTRUCTION" missed="27" covered="0"/><counter type="BRANCH" missed="2" covered="0"/><counter type="LINE" missed="8" covered="0"/><counter type="COMPLEXITY" missed="2" covered="0"/><counter type="METHOD" missed="1" covered="0"/></method><method name="getActiveStaticHosts" desc="()Ljava/util/Set;" line="2202"><counter type="INSTRUCTION" missed="30" covered="0"/><counter type="BRANCH" missed="4" covered="0"/><counter type="LINE" missed="9" covered="0"/><counter type="COMPLEXITY" missed="3" covered="0"/><counter type="METHOD" missed="1" covered="0"/></method><method name="getInactiveStaticHosts" desc="()Ljava/util/Set;" line="2217"><counter type="INSTRUCTION" missed="2" covered="0"/><counter type="LINE" missed="1" covered="0"/><counter type="COMPLEXITY" missed="1" covered="0"/><counter type="METHOD" missed="1" covered="0"/></method><method name="addStaticHost" desc="(Ljava/lang/String;Ljava/lang/String;Lorg/opendaylight/controller/sal/core/NodeConnector;Ljava/lang/String;)Lorg/opendaylight/controller/sal/utils/Status;" line="2223"><counter type="INSTRUCTION" missed="44" covered="0"/><counter type="LINE" missed="9" covered="0"/><counter type="COMPLEXITY" missed="1" covered="0"/><counter type="METHOD" missed="1" covered="0"/></method><method name="removeStaticHost" desc="(Ljava/lang/String;)Lorg/opendaylight/controller/sal/utils/Status;" line="2240"><counter type="INSTRUCTION" missed="75" covered="0"/><counter type="BRANCH" missed="8" covered="0"/><counter type="LINE" missed="15" covered="0"/><counter type="COMPLEXITY" missed="5" covered="0"/><counter type="METHOD" missed="1" covered="0"/></method><counter type="INSTRUCTION" missed="2619" covered="0"/><counter type="BRANCH" missed="366" covered="0"/><counter type="LINE" missed="668" covered="0"/><counter type="COMPLEXITY" missed="257" covered="0"/><counter type="METHOD" missed="70" covered="0"/><counter type="CLASS" missed="1" covered="0"/></class><class name="org/opendaylight/controller/hosttracker/internal/DeviceIndexInterator"><method name="&lt;init&gt;" desc="(Lorg/opendaylight/controller/hosttracker/internal/DeviceManagerImpl;Ljava/util/Iterator;)V" line="56"><counter type="INSTRUCTION" missed="9" covered="0"/><counter type="LINE" missed="4" covered="0"/><counter type="COMPLEXITY" missed="1" covered="0"/><counter type="METHOD" missed="1" covered="0"/></method><method name="hasNext" desc="()Z" line="63"><counter type="INSTRUCTION" missed="4" covered="0"/><counter type="LINE" missed="1" covered="0"/><counter type="COMPLEXITY" missed="1" covered="0"/><counter type="METHOD" missed="1" covered="0"/></method><method name="next" desc="()Lorg/opendaylight/controller/hosttracker/internal/Device;" line="68"><counter type="INSTRUCTION" missed="12" covered="0"/><counter type="LINE" missed="2" covered="0"/><counter type="COMPLEXITY" missed="1" covered="0"/><counter type="METHOD" missed="1" covered="0"/></method><method name="remove" desc="()V" line="74"><counter type="INSTRUCTION" missed="4" covered="0"/><counter type="LINE" missed="2" covered="0"/><counter type="COMPLEXITY" missed="1" covered="0"/><counter type="METHOD" missed="1" covered="0"/></method><counter type="INSTRUCTION" missed="29" covered="0"/><counter type="LINE" missed="9" covered="0"/><counter type="COMPLEXITY" missed="4" covered="0"/><counter type="METHOD" missed="4" covered="0"/><counter type="CLASS" missed="1" covered="0"/></class><class name="org/opendaylight/controller/hosttracker/internal/Activator"><method name="&lt;clinit&gt;" desc="()V" line="28"><counter type="INSTRUCTION" missed="4" covered="0"/><counter type="LINE" missed="2" covered="0"/><counter type="COMPLEXITY" missed="1" covered="0"/><counter type="METHOD" missed="1" covered="0"/></method><method name="&lt;init&gt;" desc="()V" line="27"><counter type="INSTRUCTION" missed="3" covered="0"/><counter type="LINE" missed="1" covered="0"/><counter type="COMPLEXITY" missed="1" covered="0"/><counter type="METHOD" missed="1" covered="0"/></method><method name="init" desc="()V" line="34"><counter type="INSTRUCTION" missed="1" covered="0"/><counter type="LINE" missed="1" covered="0"/><counter type="COMPLEXITY" missed="1" covered="0"/><counter type="METHOD" missed="1" covered="0"/></method><method name="destroy" desc="()V" line="39"><counter type="INSTRUCTION" missed="1" covered="0"/><counter type="LINE" missed="1" covered="0"/><counter type="COMPLEXITY" missed="1" covered="0"/><counter type="METHOD" missed="1" covered="0"/></method><method name="getImplementations" desc="()[Ljava/lang/Object;" line="52"><counter type="INSTRUCTION" missed="9" covered="0"/><counter type="LINE" missed="2" covered="0"/><counter type="COMPLEXITY" missed="1" covered="0"/><counter type="METHOD" missed="1" covered="0"/></method><method name="configureInstance" desc="(Lorg/apache/felix/dm/Component;Ljava/lang/Object;Ljava/lang/String;)V" line="73"><counter type="INSTRUCTION" missed="92" covered="0"/><counter type="BRANCH" missed="2" covered="0"/><counter type="LINE" missed="25" covered="0"/><counter type="COMPLEXITY" missed="2" covered="0"/><counter type="METHOD" missed="1" covered="0"/></method><method name="getGlobalImplementations" desc="()[Ljava/lang/Object;" line="125"><counter type="INSTRUCTION" missed="2" covered="0"/><counter type="LINE" missed="1" covered="0"/><counter type="COMPLEXITY" missed="1" covered="0"/><counter type="METHOD" missed="1" covered="0"/></method><method name="configureGlobalInstance" desc="(Lorg/apache/felix/dm/Component;Ljava/lang/Object;)V" line="142"><counter type="INSTRUCTION" missed="1" covered="0"/><counter type="LINE" missed="1" covered="0"/><counter type="COMPLEXITY" missed="1" covered="0"/><counter type="METHOD" missed="1" covered="0"/></method><counter type="INSTRUCTION" missed="113" covered="0"/><counter type="BRANCH" missed="2" covered="0"/><counter type="LINE" missed="34" covered="0"/><counter type="COMPLEXITY" missed="9" covered="0"/><counter type="METHOD" missed="8" covered="0"/><counter type="CLASS" missed="1" covered="0"/></class><class name="org/opendaylight/controller/hosttracker/internal/DeviceManagerImpl$DeviceUpdate"><method name="&lt;init&gt;" desc="(Lorg/opendaylight/controller/hosttracker/internal/Device;Lorg/opendaylight/controller/hosttracker/internal/DeviceManagerImpl$DeviceUpdate$Change;Ljava/util/EnumSet;)V" line="334"><counter type="INSTRUCTION" missed="12" covered="0"/><counter type="LINE" missed="5" covered="0"/><counter type="COMPLEXITY" missed="1" covered="0"/><counter type="METHOD" missed="1" covered="0"/></method><method name="toString" desc="()Ljava/lang/String;" line="342"><counter type="INSTRUCTION" missed="36" covered="0"/><counter type="LINE" missed="4" covered="0"/><counter type="COMPLEXITY" missed="1" covered="0"/><counter type="METHOD" missed="1" covered="0"/></method><counter type="INSTRUCTION" missed="48" covered="0"/><counter type="LINE" missed="9" covered="0"/><counter type="COMPLEXITY" missed="2" covered="0"/><counter type="METHOD" missed="2" covered="0"/><counter type="CLASS" missed="1" covered="0"/></class><class name="org/opendaylight/controller/hosttracker/internal/DeviceManagerImpl$ClassState"><method name="&lt;init&gt;" desc="(Lorg/opendaylight/controller/hosttracker/internal/DeviceManagerImpl;Lorg/opendaylight/controller/hosttracker/IEntityClass;)V" line="282"><counter type="INSTRUCTION" missed="51" covered="0"/><counter type="BRANCH" missed="4" covered="0"/><counter type="LINE" missed="11" covered="0"/><counter type="COMPLEXITY" missed="3" covered="0"/><counter type="METHOD" missed="1" covered="0"/></method><counter type="INSTRUCTION" missed="51" covered="0"/><counter type="BRANCH" missed="4" covered="0"/><counter type="LINE" missed="11" covered="0"/><counter type="COMPLEXITY" missed="3" covered="0"/><counter type="METHOD" missed="1" covered="0"/><counter type="CLASS" missed="1" covered="0"/></class><class name="org/opendaylight/controller/hosttracker/internal/DefaultEntityClassifier$DefaultEntityClass"><method name="&lt;init&gt;" desc="(Ljava/lang/String;)V" line="60"><counter type="INSTRUCTION" missed="6" covered="0"/><counter type="LINE" missed="3" covered="0"/><counter type="COMPLEXITY" missed="1" covered="0"/><counter type="METHOD" missed="1" covered="0"/></method><method name="getKeyFields" desc="()Ljava/util/EnumSet;" line="66"><counter type="INSTRUCTION" missed="2" covered="0"/><counter type="LINE" missed="1" covered="0"/><counter type="COMPLEXITY" missed="1" covered="0"/><counter type="METHOD" missed="1" covered="0"/></method><method name="getName" desc="()Ljava/lang/String;" line="71"><counter type="INSTRUCTION" missed="3" covered="0"/><counter type="LINE" missed="1" covered="0"/><counter type="COMPLEXITY" missed="1" covered="0"/><counter type="METHOD" missed="1" covered="0"/></method><counter type="INSTRUCTION" missed="11" covered="0"/><counter type="LINE" missed="5" covered="0"/><counter type="COMPLEXITY" missed="3" covered="0"/><counter type="METHOD" missed="3" covered="0"/><counter type="CLASS" missed="1" covered="0"/></class><class name="org/opendaylight/controller/hosttracker/internal/DeviceManagerImpl$DeviceUpdate$Change"><method name="&lt;clinit&gt;" desc="()V" line="313"><counter type="INSTRUCTION" missed="34" covered="0"/><counter type="LINE" missed="2" covered="0"/><counter type="COMPLEXITY" missed="1" covered="0"/><counter type="METHOD" missed="1" covered="0"/></method><method name="&lt;init&gt;" desc="(Ljava/lang/String;I)V" line="313"><counter type="INSTRUCTION" missed="5" covered="0"/><counter type="LINE" missed="1" covered="0"/><counter type="COMPLEXITY" missed="1" covered="0"/><counter type="METHOD" missed="1" covered="0"/></method><method name="values" desc="()[Lorg/opendaylight/controller/hosttracker/internal/DeviceManagerImpl$DeviceUpdate$Change;" line="1"><counter type="INSTRUCTION" missed="16" covered="0"/><counter type="LINE" missed="1" covered="0"/><counter type="COMPLEXITY" missed="1" covered="0"/><counter type="METHOD" missed="1" covered="0"/></method><method name="valueOf" desc="(Ljava/lang/String;)Lorg/opendaylight/controller/hosttracker/internal/DeviceManagerImpl$DeviceUpdate$Change;" line="1"><counter type="INSTRUCTION" missed="5" covered="0"/><counter type="LINE" missed="1" covered="0"/><counter type="COMPLEXITY" missed="1" covered="0"/><counter type="METHOD" missed="1" covered="0"/></method><counter type="INSTRUCTION" missed="60" covered="0"/><counter type="LINE" missed="3" covered="0"/><counter type="COMPLEXITY" missed="4" covered="0"/><counter type="METHOD" missed="4" covered="0"/><counter type="CLASS" missed="1" covered="0"/></class><class name="org/opendaylight/controller/hosttracker/internal/DeviceIterator"><method name="&lt;init&gt;" desc="(Ljava/util/Iterator;[Lorg/opendaylight/controller/hosttracker/IEntityClass;Ljava/lang/Long;Ljava/lang/Short;Ljava/lang/Integer;Lorg/opendaylight/controller/sal/core/NodeConnector;)V" line="76"><counter type="INSTRUCTION" missed="22" covered="0"/><counter type="LINE" missed="8" covered="0"/><counter type="COMPLEXITY" missed="1" covered="0"/><counter type="METHOD" missed="1" covered="0"/></method><method name="matches" desc="(Lorg/opendaylight/controller/hosttracker/internal/Device;)Z" line="88"><counter type="INSTRUCTION" missed="121" covered="0"/><counter type="BRANCH" missed="32" covered="0"/><counter type="LINE" missed="34" covered="0"/><counter type="COMPLEXITY" missed="17" covered="0"/><counter type="METHOD" missed="1" covered="0"/></method><counter type="INSTRUCTION" missed="143" covered="0"/><counter type="BRANCH" missed="32" covered="0"/><counter type="LINE" missed="42" covered="0"/><counter type="COMPLEXITY" missed="18" covered="0"/><counter type="METHOD" missed="2" covered="0"/><counter type="CLASS" missed="1" covered="0"/></class><sourcefile name="DeviceUniqueIndex.java"><line nr="60" mi="3" ci="0" mb="0" cb="0"/><line nr="61" mi="5" ci="0" mb="0" cb="0"/><line nr="62" mi="1" ci="0" mb="0" cb="0"/><line nr="70" mi="4" ci="0" mb="0" cb="0"/><line nr="71" mi="2" ci="0" mb="2" cb="0"/><line nr="72" mi="4" ci="0" mb="0" cb="0"/><line nr="74" mi="3" ci="0" mb="0" cb="0"/><line nr="79" mi="5" ci="0" mb="0" cb="0"/><line nr="84" mi="17" ci="0" mb="2" cb="0"/><line nr="85" mi="7" ci="0" mb="0" cb="0"/><line nr="86" mi="3" ci="0" mb="2" cb="0"/><line nr="87" mi="1" ci="0" mb="0" cb="0"/><line nr="89" mi="7" ci="0" mb="0" cb="0"/><line nr="90" mi="6" ci="0" mb="4" cb="0"/><line nr="94" mi="2" ci="0" mb="0" cb="0"/><line nr="97" mi="2" ci="0" mb="0" cb="0"/><line nr="102" mi="7" ci="0" mb="0" cb="0"/><line nr="103" mi="3" ci="0" mb="2" cb="0"/><line nr="104" mi="1" ci="0" mb="0" cb="0"/><line nr="105" mi="6" ci="0" mb="0" cb="0"/><line nr="106" mi="1" ci="0" mb="0" cb="0"/><line nr="110" mi="7" ci="0" mb="0" cb="0"/><line nr="111" mi="5" ci="0" mb="0" cb="0"/><line nr="112" mi="1" ci="0" mb="0" cb="0"/><line nr="116" mi="7" ci="0" mb="0" cb="0"/><line nr="117" mi="6" ci="0" mb="0" cb="0"/><line nr="118" mi="1" ci="0" mb="0" cb="0"/><line nr="132" mi="7" ci="0" mb="0" cb="0"/><line nr="133" mi="6" ci="0" mb="0" cb="0"/><line nr="134" mi="2" ci="0" mb="2" cb="0"/><line nr="135" mi="2" ci="0" mb="0" cb="0"/><line nr="136" mi="2" ci="0" mb="0" cb="0"/><counter type="INSTRUCTION" missed="136" covered="0"/><counter type="BRANCH" missed="14" covered="0"/><counter type="LINE" missed="32" covered="0"/><counter type="COMPLEXITY" missed="15" covered="0"/><counter type="METHOD" missed="8" covered="0"/><counter type="CLASS" missed="1" covered="0"/></sourcefile><sourcefile name="IndexedEntity.java"><line nr="37" mi="3" ci="0" mb="0" cb="0"/><line nr="38" mi="1" ci="0" mb="0" cb="0"/><line nr="39" mi="3" ci="0" mb="0" cb="0"/><line nr="53" mi="2" ci="0" mb="0" cb="0"/><line nr="54" mi="3" ci="0" mb="0" cb="0"/><line nr="55" mi="3" ci="0" mb="0" cb="0"/><line nr="56" mi="1" ci="0" mb="0" cb="0"/><line nr="64" mi="12" ci="0" mb="2" cb="0"/><line nr="65" mi="5" ci="0" mb="5" cb="0"/><line nr="67" mi="2" ci="0" mb="0" cb="0"/><line nr="69" mi="4" ci="0" mb="2" cb="0"/><line nr="70" mi="2" ci="0" mb="0" cb="0"/><line nr="73" mi="4" ci="0" mb="2" cb="0"/><line nr="74" mi="2" ci="0" mb="0" cb="0"/><line nr="77" mi="4" ci="0" mb="2" cb="0"/><line nr="78" mi="2" ci="0" mb="0" cb="0"/><line nr="82" mi="2" ci="0" mb="0" cb="0"/><line nr="88" mi="3" ci="0" mb="2" cb="0"/><line nr="89" mi="3" ci="0" mb="0" cb="0"/><line nr="92" mi="2" ci="0" mb="0" cb="0"/><line nr="93" mi="3" ci="0" mb="0" cb="0"/><line nr="94" mi="12" ci="0" mb="2" cb="0"/><line nr="95" mi="5" ci="0" mb="5" cb="0"/><line nr="97" mi="3" ci="0" mb="0" cb="0"/><line nr="98" mi="3" ci="0" mb="0" cb="0"/><line nr="99" mi="8" ci="0" mb="0" cb="0"/><line nr="100" mi="3" ci="0" mb="0" cb="0"/><line nr="101" mi="1" ci="0" mb="0" cb="0"/><line nr="103" mi="3" ci="0" mb="0" cb="0"/><line nr="104" mi="3" ci="0" mb="0" cb="0"/><line nr="105" mi="8" ci="0" mb="2" cb="0"/><line nr="106" mi="3" ci="0" mb="0" cb="0"/><line nr="107" mi="1" ci="0" mb="0" cb="0"/><line nr="109" mi="3" ci="0" mb="0" cb="0"/><line nr="110" mi="3" ci="0" mb="0" cb="0"/><line nr="111" mi="9" ci="0" mb="2" cb="0"/><line nr="112" mi="2" ci="0" mb="0" cb="0"/><line nr="113" mi="1" ci="0" mb="0" cb="0"/><line nr="115" mi="3" ci="0" mb="0" cb="0"/><line nr="116" mi="3" ci="0" mb="0" cb="0"/><line nr="117" mi="9" ci="0" mb="2" cb="0"/><line nr="118" mi="2" ci="0" mb="0" cb="0"/><line nr="122" mi="3" ci="0" mb="0" cb="0"/><line nr="127" mi="3" ci="0" mb="2" cb="0"/><line nr="128" mi="2" ci="0" mb="0" cb="0"/><line nr="129" mi="2" ci="0" mb="2" cb="0"/><line nr="130" mi="2" ci="0" mb="0" cb="0"/><line nr="131" mi="5" ci="0" mb="2" cb="0"/><line nr="132" mi="2" ci="0" mb="0" cb="0"/><line nr="133" mi="3" ci="0" mb="0" cb="0"/><line nr="135" mi="6" ci="0" mb="2" cb="0"/><line nr="136" mi="2" ci="0" mb="0" cb="0"/><line nr="138" mi="12" ci="0" mb="2" cb="0"/><line nr="139" mi="5" ci="0" mb="5" cb="0"/><line nr="141" mi="8" ci="0" mb="2" cb="0"/><line nr="142" mi="2" ci="0" mb="0" cb="0"/><line nr="145" mi="4" ci="0" mb="2" cb="0"/><line nr="146" mi="4" ci="0" mb="2" cb="0"/><line nr="147" mi="2" ci="0" mb="0" cb="0"/><line nr="148" mi="4" ci="0" mb="0" cb="0"/><line nr="149" mi="4" ci="0" mb="2" cb="0"/><line nr="150" mi="2" ci="0" mb="0" cb="0"/><line nr="153" mi="4" ci="0" mb="2" cb="0"/><line nr="154" mi="4" ci="0" mb="2" cb="0"/><line nr="155" mi="2" ci="0" mb="0" cb="0"/><line nr="156" mi="8" ci="0" mb="2" cb="0"/><line nr="157" mi="2" ci="0" mb="0" cb="0"/><line nr="160" mi="4" ci="0" mb="2" cb="0"/><line nr="161" mi="4" ci="0" mb="2" cb="0"/><line nr="162" mi="2" ci="0" mb="0" cb="0"/><line nr="163" mi="8" ci="0" mb="2" cb="0"/><line nr="164" mi="2" ci="0" mb="0" cb="0"/><line nr="169" mi="2" ci="0" mb="0" cb="0"/><counter type="INSTRUCTION" missed="273" covered="0"/><counter type="BRANCH" missed="63" covered="0"/><counter type="LINE" missed="73" covered="0"/><counter type="COMPLEXITY" missed="41" covered="0"/><counter type="METHOD" missed="5" covered="0"/><counter type="CLASS" missed="1" covered="0"/></sourcefile><sourcefile name="DeviceIterator.java"><line nr="76" mi="3" ci="0" mb="0" cb="0"/><line nr="77" mi="3" ci="0" mb="0" cb="0"/><line nr="78" mi="3" ci="0" mb="0" cb="0"/><line nr="79" mi="3" ci="0" mb="0" cb="0"/><line nr="80" mi="3" ci="0" mb="0" cb="0"/><line nr="81" mi="3" ci="0" mb="0" cb="0"/><line nr="82" mi="3" ci="0" mb="0" cb="0"/><line nr="83" mi="1" ci="0" mb="0" cb="0"/><line nr="88" mi="3" ci="0" mb="2" cb="0"/><line nr="89" mi="3" ci="0" mb="0" cb="0"/><line nr="90" mi="2" ci="0" mb="2" cb="0"/><line nr="91" mi="2" ci="0" mb="0" cb="0"/><line nr="93" mi="2" ci="0" mb="0" cb="0"/><line nr="94" mi="17" ci="0" mb="2" cb="0"/><line nr="95" mi="4" ci="0" mb="2" cb="0"/><line nr="96" mi="2" ci="0" mb="0" cb="0"/><line nr="97" mi="1" ci="0" mb="0" cb="0"/><line nr="100" mi="2" ci="0" mb="2" cb="0"/><line nr="101" mi="2" ci="0" mb="0" cb="0"/><line nr="103" mi="3" ci="0" mb="2" cb="0"/><line nr="104" mi="7" ci="0" mb="2" cb="0"/><line nr="105" mi="2" ci="0" mb="0" cb="0"/><line nr="107" mi="3" ci="0" mb="2" cb="0"/><line nr="108" mi="3" ci="0" mb="0" cb="0"/><line nr="109" mi="5" ci="0" mb="2" cb="0"/><line nr="110" mi="2" ci="0" mb="0" cb="0"/><line nr="112" mi="3" ci="0" mb="2" cb="0"/><line nr="113" mi="3" ci="0" mb="0" cb="0"/><line nr="114" mi="5" ci="0" mb="2" cb="0"/><line nr="115" mi="2" ci="0" mb="0" cb="0"/><line nr="117" mi="3" ci="0" mb="2" cb="0"/><line nr="118" mi="3" ci="0" mb="0" cb="0"/><line nr="119" mi="2" ci="0" mb="2" cb="0"/><line nr="120" mi="2" ci="0" mb="0" cb="0"/><line nr="122" mi="2" ci="0" mb="0" cb="0"/><line nr="123" mi="16" ci="0" mb="2" cb="0"/><line nr="124" mi="6" ci="0" mb="2" cb="0"/><line nr="125" mi="2" ci="0" mb="0" cb="0"/><line nr="126" mi="1" ci="0" mb="0" cb="0"/><line nr="129" mi="2" ci="0" mb="2" cb="0"/><line nr="130" mi="2" ci="0" mb="0" cb="0"/><line nr="132" mi="2" ci="0" mb="0" cb="0"/><counter type="INSTRUCTION" missed="143" covered="0"/><counter type="BRANCH" missed="32" covered="0"/><counter type="LINE" missed="42" covered="0"/><counter type="COMPLEXITY" missed="18" covered="0"/><counter type="METHOD" missed="2" covered="0"/><counter type="CLASS" missed="1" covered="0"/></sourcefile><sourcefile name="DeviceManagerImpl.java"><line nr="1" mi="24" ci="0" mb="0" cb="0"/><line nr="112" mi="3" ci="0" mb="0" cb="0"/><line nr="114" mi="1" ci="0" mb="0" cb="0"/><line nr="115" mi="2" ci="0" mb="0" cb="0"/><line nr="131" mi="3" ci="0" mb="0" cb="0"/><line nr="132" mi="3" ci="0" mb="0" cb="0"/><line nr="181" mi="5" ci="0" mb="0" cb="0"/><line nr="182" mi="5" ci="0" mb="0" cb="0"/><line nr="217" mi="1" ci="0" mb="0" cb="0"/><line nr="228" mi="3" ci="0" mb="0" cb="0"/><line nr="233" mi="5" ci="0" mb="0" cb="0"/><line nr="282" mi="5" ci="0" mb="0" cb="0"/><line nr="283" mi="3" ci="0" mb="0" cb="0"/><line nr="284" mi="3" ci="0" mb="0" cb="0"/><line nr="285" mi="1" ci="0" mb="0" cb="0"/><line nr="286" mi="4" ci="0" mb="0" cb="0"/><line nr="288" mi="2" ci="0" mb="2" cb="0"/><line nr="289" mi="6" ci="0" mb="0" cb="0"/><line nr="291" mi="5" ci="0" mb="0" cb="0"/><line nr="292" mi="12" ci="0" mb="2" cb="0"/><line nr="293" mi="9" ci="0" mb="0" cb="0"/><line nr="295" mi="1" ci="0" mb="0" cb="0"/><line nr="308" mi="6" ci="0" mb="0" cb="0"/><line nr="313" mi="21" ci="0" mb="0" cb="0"/><line nr="314" mi="18" ci="0" mb="0" cb="0"/><line nr="334" mi="2" ci="0" mb="0" cb="0"/><line nr="335" mi="3" ci="0" mb="0" cb="0"/><line nr="336" mi="3" ci="0" mb="0" cb="0"/><line nr="337" mi="3" ci="0" mb="0" cb="0"/><line nr="338" mi="1" ci="0" mb="0" cb="0"/><line nr="342" mi="12" ci="0" mb="0" cb="0"/><line nr="343" mi="4" ci="0" mb="0" cb="0"/><line nr="344" mi="13" ci="0" mb="0" cb="0"/><line nr="345" mi="7" ci="0" mb="0" cb="0"/><line nr="360" mi="3" ci="0" mb="0" cb="0"/><line nr="361" mi="2" ci="0" mb="0" cb="0"/><line nr="362" mi="1" ci="0" mb="0" cb="0"/><line nr="371" mi="2" ci="0" mb="0" cb="0"/><line nr="372" mi="2" ci="0" mb="0" cb="0"/><line nr="377" mi="2" ci="0" mb="0" cb="0"/><line nr="378" mi="2" ci="0" mb="0" cb="0"/><line nr="380" mi="4" ci="0" mb="2" cb="0"/><line nr="381" mi="2" ci="0" mb="0" cb="0"/><line nr="382" mi="4" ci="0" mb="2" cb="0"/><line nr="383" mi="2" ci="0" mb="0" cb="0"/><line nr="386" mi="6" ci="0" mb="2" cb="0"/><line nr="387" mi="3" ci="0" mb="0" cb="0"/><line nr="388" mi="3" ci="0" mb="2" cb="0"/><line nr="389" mi="2" ci="0" mb="0" cb="0"/><line nr="390" mi="3" ci="0" mb="0" cb="0"/><line nr="391" mi="3" ci="0" mb="2" cb="0"/><line nr="392" mi="3" ci="0" mb="0" cb="0"/><line nr="393" mi="3" ci="0" mb="2" cb="0"/><line nr="394" mi="2" ci="0" mb="0" cb="0"/><line nr="400" mi="6" ci="0" mb="2" cb="0"/><line nr="401" mi="6" ci="0" mb="0" cb="0"/><line nr="403" mi="2" ci="0" mb="0" cb="0"/><line nr="406" mi="4" ci="0" mb="4" cb="0"/><line nr="407" mi="2" ci="0" mb="0" cb="0"/><line nr="409" mi="4" ci="0" mb="4" cb="0"/><line nr="410" mi="2" ci="0" mb="0" cb="0"/><line nr="411" mi="5" ci="0" mb="4" cb="0"/><line nr="412" mi="2" ci="0" mb="0" cb="0"/><line nr="420" mi="8" ci="0" mb="2" cb="0"/><line nr="421" mi="4" ci="0" mb="0" cb="0"/><line nr="422" mi="4" ci="0" mb="2" cb="0"/><line nr="423" mi="2" ci="0" mb="0" cb="0"/><line nr="425" mi="2" ci="0" mb="0" cb="0"/><line nr="449" mi="5" ci="0" mb="0" cb="0"/><line nr="450" mi="1" ci="0" mb="0" cb="0"/><line nr="453" mi="5" ci="0" mb="0" cb="0"/><line nr="454" mi="1" ci="0" mb="0" cb="0"/><line nr="457" mi="3" ci="0" mb="0" cb="0"/><line nr="458" mi="1" ci="0" mb="0" cb="0"/><line nr="461" mi="4" ci="0" mb="2" cb="0"/><line nr="462" mi="3" ci="0" mb="0" cb="0"/><line nr="464" mi="1" ci="0" mb="0" cb="0"/><line nr="467" mi="3" ci="0" mb="0" cb="0"/><line nr="468" mi="1" ci="0" mb="0" cb="0"/><line nr="471" mi="4" ci="0" mb="2" cb="0"/><line nr="472" mi="3" ci="0" mb="0" cb="0"/><line nr="473" mi="3" ci="0" mb="0" cb="0"/><line nr="475" mi="1" ci="0" mb="0" cb="0"/><line nr="477" mi="3" ci="0" mb="0" cb="0"/><line nr="481" mi="3" ci="0" mb="0" cb="0"/><line nr="482" mi="3" ci="0" mb="2" cb="0"/><line nr="483" mi="4" ci="0" mb="0" cb="0"/><line nr="484" mi="1" ci="0" mb="0" cb="0"/><line nr="487" mi="5" ci="0" mb="0" cb="0"/><line nr="491" mi="5" ci="0" mb="0" cb="0"/><line nr="492" mi="5" ci="0" mb="0" cb="0"/><line nr="493" mi="2" ci="0" mb="0" cb="0"/><line nr="494" mi="4" ci="0" mb="0" cb="0"/><line nr="495" mi="8" ci="0" mb="0" cb="0"/><line nr="496" mi="5" ci="0" mb="0" cb="0"/><line nr="498" mi="5" ci="0" mb="0" cb="0"/><line nr="499" mi="5" ci="0" mb="0" cb="0"/><line nr="500" mi="6" ci="0" mb="0" cb="0"/><line nr="502" mi="5" ci="0" mb="0" cb="0"/><line nr="511" mi="3" ci="0" mb="0" cb="0"/><line nr="513" mi="4" ci="0" mb="0" cb="0"/><line nr="514" mi="8" ci="0" mb="0" cb="0"/><line nr="517" mi="3" ci="0" mb="0" cb="0"/><line nr="518" mi="4" ci="0" mb="2" cb="0"/><line nr="519" mi="5" ci="0" mb="0" cb="0"/><line nr="520" mi="1" ci="0" mb="0" cb="0"/><line nr="521" mi="1" ci="0" mb="0" cb="0"/><line nr="523" mi="8" ci="0" mb="0" cb="0"/><line nr="524" mi="5" ci="0" mb="0" cb="0"/><line nr="532" mi="2" ci="0" mb="0" cb="0"/><line nr="553" mi="1" ci="0" mb="0" cb="0"/><line nr="567" mi="3" ci="0" mb="0" cb="0"/><line nr="568" mi="3" ci="0" mb="0" cb="0"/><line nr="569" mi="1" ci="0" mb="0" cb="0"/><line nr="572" mi="4" ci="0" mb="2" cb="0"/><line nr="573" mi="3" ci="0" mb="0" cb="0"/><line nr="574" mi="3" ci="0" mb="0" cb="0"/><line nr="576" mi="1" ci="0" mb="0" cb="0"/><line nr="580" mi="6" ci="0" mb="0" cb="0"/><line nr="586" mi="5" ci="0" mb="4" cb="0"/><line nr="587" mi="2" ci="0" mb="0" cb="0"/><line nr="588" mi="5" ci="0" mb="4" cb="0"/><line nr="589" mi="2" ci="0" mb="0" cb="0"/><line nr="590" mi="9" ci="0" mb="0" cb="0"/><line nr="591" mi="7" ci="0" mb="2" cb="0"/><line nr="592" mi="8" ci="0" mb="0" cb="0"/><line nr="593" mi="5" ci="0" mb="0" cb="0"/><line nr="595" mi="4" ci="0" mb="0" cb="0"/><line nr="601" mi="5" ci="0" mb="4" cb="0"/><line nr="602" mi="2" ci="0" mb="0" cb="0"/><line nr="603" mi="5" ci="0" mb="4" cb="0"/><line nr="604" mi="2" ci="0" mb="0" cb="0"/><line nr="605" mi="9" ci="0" mb="0" cb="0"/><line nr="606" mi="2" ci="0" mb="2" cb="0"/><line nr="607" mi="6" ci="0" mb="2" cb="0"/><line nr="608" mi="8" ci="0" mb="0" cb="0"/><line nr="610" mi="5" ci="0" mb="0" cb="0"/><line nr="612" mi="5" ci="0" mb="0" cb="0"/><line nr="617" mi="5" ci="0" mb="0" cb="0"/><line nr="622" mi="2" ci="0" mb="2" cb="0"/><line nr="623" mi="5" ci="0" mb="0" cb="0"/><line nr="624" mi="1" ci="0" mb="0" cb="0"/><line nr="625" mi="9" ci="0" mb="0" cb="0"/><line nr="627" mi="1" ci="0" mb="0" cb="0"/><line nr="632" mi="2" ci="0" mb="0" cb="0"/><line nr="633" mi="4" ci="0" mb="2" cb="0"/><line nr="634" mi="5" ci="0" mb="0" cb="0"/><line nr="635" mi="2" ci="0" mb="0" cb="0"/><line nr="636" mi="6" ci="0" mb="0" cb="0"/><line nr="639" mi="2" ci="0" mb="0" cb="0"/><line nr="640" mi="2" ci="0" mb="2" cb="0"/><line nr="642" mi="5" ci="0" mb="0" cb="0"/><line nr="643" mi="1" ci="0" mb="0" cb="0"/><line nr="645" mi="10" ci="0" mb="2" cb="0"/><line nr="646" mi="4" ci="0" mb="0" cb="0"/><line nr="647" mi="5" ci="0" mb="0" cb="0"/><line nr="648" mi="3" ci="0" mb="0" cb="0"/><line nr="651" mi="6" ci="0" mb="0" cb="0"/><line nr="652" mi="4" ci="0" mb="0" cb="0"/><line nr="653" mi="2" ci="0" mb="0" cb="0"/><line nr="660" mi="4" ci="0" mb="0" cb="0"/><line nr="661" mi="4" ci="0" mb="0" cb="0"/><line nr="663" mi="2" ci="0" mb="0" cb="0"/><line nr="664" mi="4" ci="0" mb="2" cb="0"/><line nr="665" mi="5" ci="0" mb="0" cb="0"/><line nr="666" mi="2" ci="0" mb="0" cb="0"/><line nr="667" mi="6" ci="0" mb="0" cb="0"/><line nr="671" mi="2" ci="0" mb="2" cb="0"/><line nr="672" mi="3" ci="0" mb="0" cb="0"/><line nr="673" mi="2" ci="0" mb="2" cb="0"/><line nr="675" mi="8" ci="0" mb="0" cb="0"/><line nr="676" mi="8" ci="0" mb="0" cb="0"/><line nr="677" mi="2" ci="0" mb="0" cb="0"/><line nr="680" mi="7" ci="0" mb="0" cb="0"/><line nr="682" mi="1" ci="0" mb="0" cb="0"/><line nr="684" mi="10" ci="0" mb="2" cb="0"/><line nr="685" mi="4" ci="0" mb="0" cb="0"/><line nr="686" mi="8" ci="0" mb="0" cb="0"/><line nr="688" mi="4" ci="0" mb="0" cb="0"/><line nr="690" mi="6" ci="0" mb="0" cb="0"/><line nr="695" mi="2" ci="0" mb="0" cb="0"/><line nr="696" mi="4" ci="0" mb="2" cb="0"/><line nr="697" mi="5" ci="0" mb="0" cb="0"/><line nr="698" mi="2" ci="0" mb="0" cb="0"/><line nr="699" mi="6" ci="0" mb="0" cb="0"/><line nr="702" mi="2" ci="0" mb="0" cb="0"/><line nr="703" mi="2" ci="0" mb="2" cb="0"/><line nr="705" mi="5" ci="0" mb="0" cb="0"/><line nr="706" mi="1" ci="0" mb="0" cb="0"/><line nr="708" mi="10" ci="0" mb="2" cb="0"/><line nr="709" mi="4" ci="0" mb="0" cb="0"/><line nr="710" mi="5" ci="0" mb="0" cb="0"/><line nr="711" mi="3" ci="0" mb="0" cb="0"/><line nr="714" mi="6" ci="0" mb="0" cb="0"/><line nr="715" mi="4" ci="0" mb="0" cb="0"/><line nr="716" mi="2" ci="0" mb="0" cb="0"/><line nr="721" m
[...]
="0" cb="0"/><line nr="361" mi="2" ci="0" mb="0" cb="0"/><line nr="362" mi="10" ci="0" mb="2" cb="0"/><line nr="363" mi="9" ci="0" mb="2" cb="0"/><line nr="364" mi="6" ci="0" mb="6" cb="0"/><line nr="365" mi="4" ci="0" mb="0" cb="0"/><line nr="369" mi="2" ci="0" mb="0" cb="0"/><line nr="380" mi="2" ci="0" mb="0" cb="0"/><line nr="381" mi="4" ci="0" mb="0" cb="0"/><line nr="382" mi="7" ci="0" mb="4" cb="0"/><line nr="383" mi="2" ci="0" mb="0" cb="0"/><line nr="385" mi="4" ci="0" mb="0" cb="0"/><line nr="386" mi="3" ci="0" mb="2" cb="0"/><line nr="387" mi="5" ci="0" mb="0" cb="0"/><line nr="388" mi="4" ci="0" mb="0" cb="0"/><line nr="389" mi="7" ci="0" mb="4" cb="0"/><line nr="390" mi="2" ci="0" mb="0" cb="0"/><line nr="394" mi="2" ci="0" mb="2" cb="0"/><line nr="395" mi="3" ci="0" mb="0" cb="0"/><line nr="396" mi="3" ci="0" mb="0" cb="0"/><line nr="397" mi="4" ci="0" mb="0" cb="0"/><line nr="398" mi="2" ci="0" mb="2" cb="0"/><line nr="399" mi="5" ci="0" mb="0" cb="0"/><line nr="400" mi="3" ci="0" mb="0" cb="0"/><line nr="404" mi="2" ci="0" mb="0" cb="0"/><line nr="422" mi="2" ci="0" mb="0" cb="0"/><line nr="424" mi="5" ci="0" mb="2" cb="0"/><line nr="425" mi="2" ci="0" mb="0" cb="0"/><line nr="426" mi="6" ci="0" mb="0" cb="0"/><line nr="428" mi="4" ci="0" mb="0" cb="0"/><line nr="429" mi="3" ci="0" mb="2" cb="0"/><line nr="430" mi="5" ci="0" mb="0" cb="0"/><line nr="431" mi="4" ci="0" mb="0" cb="0"/><line nr="432" mi="3" ci="0" mb="2" cb="0"/><line nr="433" mi="5" ci="0" mb="0" cb="0"/><line nr="437" mi="4" ci="0" mb="2" cb="0"/><line nr="438" mi="4" ci="0" mb="0" cb="0"/><line nr="439" mi="5" ci="0" mb="0" cb="0"/><line nr="440" mi="3" ci="0" mb="0" cb="0"/><line nr="441" mi="3" ci="0" mb="0" cb="0"/><line nr="442" mi="2" ci="0" mb="0" cb="0"/><line nr="448" mi="4" ci="0" mb="0" cb="0"/><line nr="449" mi="5" ci="0" mb="4" cb="0"/><line nr="450" mi="4" ci="0" mb="0" cb="0"/><line nr="451" mi="3" ci="0" mb="0" cb="0"/><line nr="459" mi="2" ci="0" mb="0" cb="0"/><line nr="464" mi="2" ci="0" mb="0" cb="0"/><line nr="465" mi="6" ci="0" mb="0" cb="0"/><line nr="467" mi="2" ci="0" mb="2" cb="0"/><line nr="469" mi="4" ci="0" mb="0" cb="0"/><line nr="470" mi="5" ci="0" mb="0" cb="0"/><line nr="471" mi="4" ci="0" mb="0" cb="0"/><line nr="472" mi="3" ci="0" mb="0" cb="0"/><line nr="473" mi="2" ci="0" mb="0" cb="0"/><line nr="478" mi="4" ci="0" mb="2" cb="0"/><line nr="480" mi="6" ci="0" mb="2" cb="0"/><line nr="481" mi="4" ci="0" mb="0" cb="0"/><line nr="483" mi="4" ci="0" mb="0" cb="0"/><line nr="484" mi="3" ci="0" mb="0" cb="0"/><line nr="485" mi="2" ci="0" mb="0" cb="0"/><line nr="488" mi="7" ci="0" mb="0" cb="0"/><line nr="489" mi="2" ci="0" mb="2" cb="0"/><line nr="491" mi="6" ci="0" mb="0" cb="0"/><line nr="492" mi="4" ci="0" mb="0" cb="0"/><line nr="493" mi="3" ci="0" mb="0" cb="0"/><line nr="495" mi="4" ci="0" mb="0" cb="0"/><line nr="496" mi="3" ci="0" mb="2" cb="0"/><line nr="497" mi="5" ci="0" mb="0" cb="0"/><line nr="498" mi="4" ci="0" mb="0" cb="0"/><line nr="499" mi="3" ci="0" mb="0" cb="0"/><line nr="505" mi="2" ci="0" mb="0" cb="0"/><line nr="506" mi="2" ci="0" mb="2" cb="0"/><line nr="509" mi="4" ci="0" mb="0" cb="0"/><line nr="510" mi="3" ci="0" mb="2" cb="0"/><line nr="511" mi="5" ci="0" mb="0" cb="0"/><line nr="513" mi="4" ci="0" mb="0" cb="0"/><line nr="514" mi="3" ci="0" mb="0" cb="0"/><line nr="520" mi="2" ci="0" mb="0" cb="0"/><line nr="522" mi="2" ci="0" mb="0" cb="0"/><line nr="533" mi="6" ci="0" mb="0" cb="0"/><line nr="535" mi="3" ci="0" mb="2" cb="0"/><line nr="536" mi="4" ci="0" mb="0" cb="0"/><line nr="537" mi="5" ci="0" mb="0" cb="0"/><line nr="538" mi="4" ci="0" mb="0" cb="0"/><line nr="539" mi="2" ci="0" mb="2" cb="0"/><line nr="540" mi="4" ci="0" mb="0" cb="0"/><line nr="541" mi="3" ci="0" mb="0" cb="0"/><line nr="545" mi="3" ci="0" mb="2" cb="0"/><line nr="546" mi="4" ci="0" mb="0" cb="0"/><line nr="547" mi="5" ci="0" mb="0" cb="0"/><line nr="548" mi="4" ci="0" mb="0" cb="0"/><line nr="549" mi="2" ci="0" mb="2" cb="0"/><line nr="550" mi="4" ci="0" mb="0" cb="0"/><line nr="551" mi="3" ci="0" mb="0" cb="0"/><line nr="552" mi="2" ci="0" mb="0" cb="0"/><line nr="555" mi="2" ci="0" mb="0" cb="0"/><line nr="564" mi="4" ci="0" mb="0" cb="0"/><line nr="565" mi="3" ci="0" mb="0" cb="0"/><line nr="566" mi="3" ci="0" mb="2" cb="0"/><line nr="567" mi="2" ci="0" mb="0" cb="0"/><line nr="568" mi="4" ci="0" mb="2" cb="0"/><line nr="569" mi="2" ci="0" mb="0" cb="0"/><line nr="573" mi="4" ci="0" mb="0" cb="0"/><line nr="575" mi="3" ci="0" mb="2" cb="0"/><line nr="576" mi="5" ci="0" mb="0" cb="0"/><line nr="577" mi="4" ci="0" mb="0" cb="0"/><line nr="579" mi="2" ci="0" mb="2" cb="0"/><line nr="580" mi="11" ci="0" mb="2" cb="0"/><line nr="581" mi="6" ci="0" mb="0" cb="0"/><line nr="582" mi="4" ci="0" mb="0" cb="0"/><line nr="585" mi="7" ci="0" mb="0" cb="0"/><line nr="590" mi="4" ci="0" mb="0" cb="0"/><line nr="595" mi="4" ci="0" mb="0" cb="0"/><line nr="596" mi="3" ci="0" mb="0" cb="0"/><line nr="597" mi="3" ci="0" mb="2" cb="0"/><line nr="598" mi="2" ci="0" mb="0" cb="0"/><line nr="599" mi="4" ci="0" mb="2" cb="0"/><line nr="600" mi="2" ci="0" mb="0" cb="0"/><line nr="603" mi="3" ci="0" mb="0" cb="0"/><line nr="605" mi="2" ci="0" mb="2" cb="0"/><line nr="606" mi="11" ci="0" mb="2" cb="0"/><line nr="607" mi="6" ci="0" mb="0" cb="0"/><line nr="608" mi="4" ci="0" mb="0" cb="0"/><line nr="612" mi="2" ci="0" mb="2" cb="0"/><line nr="613" mi="7" ci="0" mb="0" cb="0"/><line nr="616" mi="4" ci="0" mb="0" cb="0"/><line nr="618" mi="3" ci="0" mb="2" cb="0"/><line nr="619" mi="5" ci="0" mb="0" cb="0"/><line nr="621" mi="4" ci="0" mb="2" cb="0"/><line nr="622" mi="3" ci="0" mb="0" cb="0"/><line nr="626" mi="4" ci="0" mb="0" cb="0"/><line nr="627" mi="5" ci="0" mb="0" cb="0"/><line nr="628" mi="2" ci="0" mb="2" cb="0"/><line nr="629" mi="11" ci="0" mb="2" cb="0"/><line nr="630" mi="6" ci="0" mb="0" cb="0"/><line nr="631" mi="1" ci="0" mb="0" cb="0"/><line nr="632" mi="4" ci="0" mb="0" cb="0"/><line nr="635" mi="7" ci="0" mb="0" cb="0"/><line nr="640" mi="3" ci="0" mb="0" cb="0"/><line nr="646" mi="6" ci="0" mb="0" cb="0"/><line nr="651" mi="3" ci="0" mb="0" cb="0"/><line nr="656" mi="8" ci="0" mb="0" cb="0"/><line nr="659" mi="4" ci="0" mb="0" cb="0"/><line nr="666" mi="4" ci="0" mb="0" cb="0"/><line nr="667" mi="17" ci="0" mb="2" cb="0"/><line nr="668" mi="3" ci="0" mb="2" cb="0"/><line nr="669" mi="1" ci="0" mb="0" cb="0"/><line nr="673" mi="2" ci="0" mb="0" cb="0"/><line nr="674" mi="4" ci="0" mb="0" cb="0"/><line nr="675" mi="4" ci="0" mb="0" cb="0"/><line nr="676" mi="4" ci="0" mb="2" cb="0"/><line nr="677" mi="4" ci="0" mb="0" cb="0"/><line nr="678" mi="6" ci="0" mb="2" cb="0"/><line nr="679" mi="1" ci="0" mb="0" cb="0"/><line nr="680" mi="17" ci="0" mb="2" cb="0"/><line nr="681" mi="3" ci="0" mb="2" cb="0"/><line nr="682" mi="6" ci="0" mb="2" cb="0"/><line nr="683" mi="3" ci="0" mb="2" cb="0"/><line nr="684" mi="4" ci="0" mb="2" cb="0"/><line nr="685" mi="2" ci="0" mb="0" cb="0"/><line nr="686" mi="2" ci="0" mb="0" cb="0"/><line nr="687" mi="1" ci="0" mb="0" cb="0"/><line nr="690" mi="2" ci="0" mb="2" cb="0"/><line nr="691" mi="1" ci="0" mb="0" cb="0"/><line nr="694" mi="2" ci="0" mb="2" cb="0"/><line nr="695" mi="5" ci="0" mb="0" cb="0"/><line nr="698" mi="7" ci="0" mb="0" cb="0"/><line nr="703" mi="4" ci="0" mb="0" cb="0"/><line nr="704" mi="17" ci="0" mb="2" cb="0"/><line nr="705" mi="6" ci="0" mb="2" cb="0"/><line nr="706" mi="3" ci="0" mb="2" cb="0"/><line nr="707" mi="6" ci="0" mb="0" cb="0"/><line nr="709" mi="5" ci="0" mb="0" cb="0"/><line nr="712" mi="7" ci="0" mb="0" cb="0"/><line nr="717" mi="2" ci="0" mb="0" cb="0"/><line nr="718" mi="9" ci="0" mb="2" cb="0"/><line nr="719" mi="2" ci="0" mb="2" cb="0"/><line nr="720" mi="8" ci="0" mb="2" cb="0"/><line nr="721" mi="6" ci="0" mb="0" cb="0"/><line nr="723" mi="2" ci="0" mb="0" cb="0"/><line nr="732" mi="3" ci="0" mb="0" cb="0"/><line nr="736" mi="3" ci="0" mb="0" cb="0"/><line nr="740" mi="3" ci="0" mb="0" cb="0"/><line nr="755" mi="5" ci="0" mb="0" cb="0"/><line nr="764" mi="2" ci="0" mb="0" cb="0"/><line nr="765" mi="2" ci="0" mb="0" cb="0"/><line nr="766" mi="8" ci="0" mb="0" cb="0"/><line nr="767" mi="2" ci="0" mb="0" cb="0"/><line nr="772" mi="3" ci="0" mb="2" cb="0"/><line nr="773" mi="2" ci="0" mb="0" cb="0"/><line nr="774" mi="2" ci="0" mb="2" cb="0"/><line nr="775" mi="2" ci="0" mb="0" cb="0"/><line nr="776" mi="5" ci="0" mb="2" cb="0"/><line nr="777" mi="2" ci="0" mb="0" cb="0"/><line nr="778" mi="3" ci="0" mb="0" cb="0"/><line nr="779" mi="6" ci="0" mb="2" cb="0"/><line nr="780" mi="2" ci="0" mb="0" cb="0"/><line nr="781" mi="6" ci="0" mb="2" cb="0"/><line nr="782" mi="2" ci="0" mb="0" cb="0"/><line nr="783" mi="2" ci="0" mb="0" cb="0"/><line nr="787" mi="3" ci="0" mb="0" cb="0"/><line nr="789" mi="9" ci="0" mb="0" cb="0"/><line nr="790" mi="2" ci="0" mb="0" cb="0"/><line nr="791" mi="2" ci="0" mb="2" cb="0"/><line nr="792" mi="3" ci="0" mb="0" cb="0"/><line nr="793" mi="8" ci="0" mb="0" cb="0"/><line nr="794" mi="1" ci="0" mb="0" cb="0"/><line nr="795" mi="5" ci="0" mb="0" cb="0"/><line nr="796" mi="7" ci="0" mb="0" cb="0"/><line nr="797" mi="1" ci="0" mb="0" cb="0"/><line nr="798" mi="5" ci="0" mb="0" cb="0"/><line nr="799" mi="2" ci="0" mb="0" cb="0"/><line nr="800" mi="1" ci="0" mb="0" cb="0"/><line nr="801" mi="2" ci="0" mb="0" cb="0"/><line nr="806" mi="3" ci="0" mb="0" cb="0"/><line nr="807" mi="7" ci="0" mb="2" cb="0"/><line nr="808" mi="12" ci="0" mb="0" cb="0"/><line nr="810" mi="2" ci="0" mb="0" cb="0"/><line nr="814" mi="3" ci="0" mb="0" cb="0"/><line nr="818" mi="3" ci="0" mb="0" cb="0"/><line nr="819" mi="1" ci="0" mb="0" cb="0"/><line nr="823" mi="4" ci="0" mb="0" cb="0"/><line nr="824" mi="4" ci="0" mb="0" cb="0"/><line nr="825" mi="5" ci="0" mb="0" cb="0"/><line nr="826" mi="4" ci="0" mb="0" cb="0"/><line nr="827" mi="6" ci="0" mb="0" cb="0"/><line nr="828" mi="4" ci="0" mb="0" cb="0"/><line nr="829" mi="5" ci="0" mb="0" cb="0"/><line nr="830" mi="4" ci="0" mb="0" cb="0"/><line nr="831" mi="2" ci="0" mb="0" cb="0"/><line nr="832" mi="17" ci="0" mb="2" cb="0"/><line nr="833" mi="2" ci="0" mb="2" cb="0"/><line nr="834" mi="4" ci="0" mb="0" cb="0"/><line nr="835" mi="2" ci="0" mb="0" cb="0"/><line nr="837" mi="4" ci="0" mb="0" cb="0"/><line nr="839" mi="4" ci="0" mb="0" cb="0"/><line nr="840" mi="7" ci="0" mb="0" cb="0"/><line nr="841" mi="4" ci="0" mb="0" cb="0"/><line nr="842" mi="3" ci="0" mb="0" cb="0"/><counter type="INSTRUCTION" missed="1448" covered="0"/><counter type="BRANCH" missed="194" covered="0"/><counter type="LINE" missed="355" covered="0"/><counter type="COMPLEXITY" missed="129" covered="0"/><counter type="METHOD" missed="32" covered="0"/><counter type="CLASS" missed="1" covered="0"/></sourcefile><sourcefile name="AttachmentPoint.java"><line nr="54" mi="2" ci="0" mb="0" cb="0"/><line nr="55" mi="3" ci="0" mb="0" cb="0"/><line nr="56" mi="3" ci="0" mb="0" cb="0"/><line nr="57" mi="3" ci="0" mb="0" cb="0"/><line nr="58" mi="1" ci="0" mb="0" cb="0"/><line nr="60" mi="2" ci="0" mb="0" cb="0"/><line nr="61" mi="3" ci="0" mb="0" cb="0"/><line nr="62" mi="3" ci="0" mb="0" cb="0"/><line nr="63" mi="3" ci="0" mb="0" cb="0"/><line nr="64" mi="1" ci="0" mb="0" cb="0"/><line nr="66" mi="2" ci="0" mb="0" cb="0"/><line nr="67" mi="4" ci="0" mb="0" cb="0"/><line nr="68" mi="4" ci="0" mb="0" cb="0"/><line nr="69" mi="4" ci="0" mb="0" cb="0"/><line nr="70" mi="1" ci="0" mb="0" cb="0"/><line nr="73" mi="3" ci="0" mb="0" cb="0"/><line nr="77" mi="3" ci="0" mb="0" cb="0"/><line nr="78" mi="1" ci="0" mb="0" cb="0"/><line nr="81" mi="3" ci="0" mb="0" cb="0"/><line nr="85" mi="3" ci="0" mb="0" cb="0"/><line nr="86" mi="1" ci="0" mb="0" cb="0"/><line nr="89" mi="3" ci="0" mb="0" cb="0"/><line nr="93" mi="7" ci="0" mb="2" cb="0"/><line nr="94" mi="3" ci="0" mb="0" cb="0"/><line nr="95" mi="5" ci="0" mb="2" cb="0"/><line nr="96" mi="3" ci="0" mb="0" cb="0"/><line nr="97" mi="1" ci="0" mb="0" cb="0"/><line nr="101" mi="2" ci="0" mb="0" cb="0"/><line nr="102" mi="2" ci="0" mb="0" cb="0"/><line nr="103" mi="13" ci="0" mb="2" cb="0"/><line nr="104" mi="2" ci="0" mb="0" cb="0"/><line nr="109" mi="3" ci="0" mb="2" cb="0"/><line nr="110" mi="2" ci="0" mb="0" cb="0"/><line nr="111" mi="2" ci="0" mb="2" cb="0"/><line nr="112" mi="2" ci="0" mb="0" cb="0"/><line nr="113" mi="5" ci="0" mb="2" cb="0"/><line nr="114" mi="2" ci="0" mb="0" cb="0"/><line nr="115" mi="3" ci="0" mb="0" cb="0"/><line nr="116" mi="3" ci="0" mb="2" cb="0"/><line nr="117" mi="3" ci="0" mb="2" cb="0"/><line nr="118" mi="2" ci="0" mb="0" cb="0"/><line nr="119" mi="6" ci="0" mb="2" cb="0"/><line nr="120" mi="2" ci="0" mb="0" cb="0"/><line nr="121" mi="2" ci="0" mb="0" cb="0"/><line nr="126" mi="14" ci="0" mb="0" cb="0"/><line nr="127" mi="7" ci="0" mb="0" cb="0"/><counter type="INSTRUCTION" missed="152" covered="0"/><counter type="BRANCH" missed="18" covered="0"/><counter type="LINE" missed="46" covered="0"/><counter type="COMPLEXITY" missed="21" covered="0"/><counter type="METHOD" missed="12" covered="0"/><counter type="CLASS" missed="1" covered="0"/></sourcefile><sourcefile name="DeviceIndex.java"><line nr="59" mi="2" ci="0" mb="0" cb="0"/><line nr="60" mi="3" ci="0" mb="0" cb="0"/><line nr="61" mi="1" ci="0" mb="0" cb="0"/><line nr="137" mi="7" ci="0" mb="0" cb="0"/><line nr="138" mi="11" ci="0" mb="2" cb="0"/><line nr="139" mi="7" ci="0" mb="0" cb="0"/><line nr="140" mi="4" ci="0" mb="2" cb="0"/><line nr="141" mi="1" ci="0" mb="0" cb="0"/><line nr="144" mi="4" ci="0" mb="0" cb="0"/><line nr="145" mi="4" ci="0" mb="2" cb="0"/><line nr="146" mi="4" ci="0" mb="0" cb="0"/><line nr="147" mi="4" ci="0" mb="2" cb="0"/><line nr="148" mi="4" ci="0" mb="0" cb="0"/><line nr="149" mi="1" ci="0" mb="0" cb="0"/><line nr="152" mi="1" ci="0" mb="0" cb="0"/><counter type="INSTRUCTION" missed="58" covered="0"/><counter type="BRANCH" missed="8" covered="0"/><counter type="LINE" missed="15" covered="0"/><counter type="COMPLEXITY" missed="6" covered="0"/><counter type="METHOD" missed="2" covered="0"/><counter type="CLASS" missed="1" covered="0"/></sourcefile><sourcefile name="Activator.java"><line nr="27" mi="3" ci="0" mb="0" cb="0"/><line nr="28" mi="1" ci="0" mb="0" cb="0"/><line nr="29" mi="3" ci="0" mb="0" cb="0"/><line nr="34" mi="1" ci="0" mb="0" cb="0"/><line nr="39" mi="1" ci="0" mb="0" cb="0"/><line nr="52" mi="7" ci="0" mb="0" cb="0"/><line nr="53" mi="2" ci="0" mb="0" cb="0"/><line nr="73" mi="4" ci="0" mb="2" cb="0"/><line nr="76" mi="4" ci="0" mb="0" cb="0"/><line nr="77" mi="5" ci="0" mb="0" cb="0"/><line nr="79" mi="3" ci="0" mb="0" cb="0"/><line nr="80" mi="9" ci="0" mb="0" cb="0"/><line nr="81" mi="5" ci="0" mb="0" cb="0"/><line nr="82" mi="5" ci="0" mb="0" cb="0"/><line nr="83" mi="4" ci="0" mb="0" cb="0"/><line nr="85" mi="6" ci="0" mb="0" cb="0"/><line nr="86" mi="2" ci="0" mb="0" cb="0"/><line nr="87" mi="3" ci="0" mb="0" cb="0"/><line nr="88" mi="2" ci="0" mb="0" cb="0"/><line nr="90" mi="6" ci="0" mb="0" cb="0"/><line nr="91" mi="2" ci="0" mb="0" cb="0"/><line nr="92" mi="2" ci="0" mb="0" cb="0"/><line nr="93" mi="3" ci="0" mb="0" cb="0"/><line nr="95" mi="6" ci="0" mb="0" cb="0"/><line nr="96" mi="2" ci="0" mb="0" cb="0"/><line nr="97" mi="2" ci="0" mb="0" cb="0"/><line nr="98" mi="3" ci="0" mb="0" cb="0"/><line nr="104" mi="6" ci="0" mb="0" cb="0"/><line nr="105" mi="2" ci="0" mb="0" cb="0"/><line nr="106" mi="3" ci="0" mb="0" cb="0"/><line nr="107" mi="2" ci="0" mb="0" cb="0"/><line nr="109" mi="1" ci="0" mb="0" cb="0"/><line nr="125" mi="2" ci="0" mb="0" cb="0"/><line nr="142" mi="1" ci="0" mb="0" cb="0"/><counter type="INSTRUCTION" missed="113" covered="0"/><counter type="BRANCH" missed="2" covered="0"/><counter type="LINE" missed="34" covered="0"/><counter type="COMPLEXITY" missed="9" covered="0"/><counter type="METHOD" missed="8" covered="0"/><counter type="CLASS" missed="1" covered="0"/></sourcefile><sourcefile name="DeviceIndexInterator.java"><line nr="56" mi="2" ci="0" mb="0" cb="0"/><line nr="57" mi="3" ci="0" mb="0" cb="0"/><line nr="58" mi="3" ci="0" mb="0" cb="0"/><line nr="59" mi="1" ci="0" mb="0" cb="0"/><line nr="63" mi="4" ci="0" mb="0" cb="0"/><line nr="68" mi="5" ci="0" mb="0" cb="0"/><line nr="69" mi="7" ci="0" mb="0" cb="0"/><line nr="74" mi="3" ci="0" mb="0" cb="0"/><line nr="75" mi="1" ci="0" mb="0" cb="0"/><counter type="INSTRUCTION" missed="29" covered="0"/><counter type="LINE" missed="9" covered="0"/><counter type="COMPLEXITY" missed="4" covered="0"/><counter type="METHOD" missed="4" covered="0"/><counter type="CLASS" missed="1" covered="0"/></sourcefile><sourcefile name="DeviceMultiIndex.java"><line nr="61" mi="3" ci="0" mb="0" cb="0"/><line nr="62" mi="5" ci="0" mb="0" cb="0"/><line nr="63" mi="1" ci="0" mb="0" cb="0"/><line nr="71" mi="7" ci="0" mb="0" cb="0"/><line nr="72" mi="6" ci="0" mb="0" cb="0"/><line nr="73" mi="2" ci="0" mb="2" cb="0"/><line nr="74" mi="3" ci="0" mb="0" cb="0"/><line nr="76" mi="3" ci="0" mb="0" cb="0"/><line nr="81" mi="5" ci="0" mb="0" cb="0"/><line nr="82" mi="5" ci="0" mb="0" cb="0"/><line nr="87" mi="17" ci="0" mb="2" cb="0"/><line nr="88" mi="4" ci="0" mb="0" cb="0"/><line nr="90" mi="2" ci="0" mb="0" cb="0"/><line nr="95" mi="2" ci="0" mb="0" cb="0"/><line nr="97" mi="7" ci="0" mb="0" cb="0"/><line nr="98" mi="3" ci="0" mb="2" cb="0"/><line nr="99" mi="1" ci="0" mb="0" cb="0"/><line nr="101" mi="6" ci="0" mb="0" cb="0"/><line nr="102" mi="2" ci="0" mb="2" cb="0"/><line nr="103" mi="4" ci="0" mb="0" cb="0"/><line nr="104" mi="3" ci="0" mb="0" cb="0"/><line nr="105" mi="7" ci="0" mb="0" cb="0"/><line nr="106" mi="2" ci="0" mb="2" cb="0"/><line nr="107" mi="2" ci="0" mb="0" cb="0"/><line nr="110" mi="4" ci="0" mb="0" cb="0"/><line nr="111" mi="1" ci="0" mb="0" cb="0"/><line nr="115" mi="7" ci="0" mb="0" cb="0"/><line nr="116" mi="5" ci="0" mb="0" cb="0"/><line nr="117" mi="1" ci="0" mb="0" cb="0"/><line nr="121" mi="7" ci="0" mb="0" cb="0"/><line nr="122" mi="6" ci="0" mb="0" cb="0"/><line nr="123" mi="2" ci="0" mb="2" cb="0"/><line nr="124" mi="4" ci="0" mb="0" cb="0"/><line nr="125" mi="1" ci="0" mb="0" cb="0"/><counter type="INSTRUCTION" missed="140" covered="0"/><counter type="BRANCH" missed="12" covered="0"/><counter type="LINE" missed="34" covered="0"/><counter type="COMPLEXITY" missed="13" covered="0"/><counter type="METHOD" missed="7" covered="0"/><counter type="CLASS" missed="1" covered="0"/></sourcefile><sourcefile name="DefaultEntityClassifier.java"><line nr="53" mi="3" ci="0" mb="0" cb="0"/><line nr="60" mi="2" ci="0" mb="0" cb="0"/><line nr="61" mi="3" ci="0" mb="0" cb="0"/><line nr="62" mi="1" ci="0" mb="0" cb="0"/><line nr="66" mi="2" ci="0" mb="0" cb="0"/><line nr="71" mi="3" ci="0" mb="0" cb="0"/><line nr="77" mi="4" ci="0" mb="0" cb="0"/><line nr="79" mi="4" ci="0" mb="0" cb="0"/><line nr="80" mi="2" ci="0" mb="0" cb="0"/><line nr="84" mi="2" ci="0" mb="0" cb="0"/><line nr="89" mi="2" ci="0" mb="0" cb="0"/><line nr="96" mi="1" ci="0" mb="0" cb="0"/><line nr="100" mi="2" ci="0" mb="0" cb="0"/><line nr="107" mi="1" ci="0" mb="0" cb="0"/><counter type="INSTRUCTION" missed="32" covered="0"/><counter type="LINE" missed="14" covered="0"/><counter type="COMPLEXITY" missed="10" covered="0"/><counter type="METHOD" missed="10" covered="0"/><counter type="CLASS" missed="2" covered="0"/></sourcefile><counter type="INSTRUCTION" missed="5429" covered="0"/><counter type="BRANCH" missed="745" covered="0"/><counter type="LINE" missed="1384" covered="0"/><counter type="COMPLEXITY" missed="552" covered="0"/><counter type="METHOD" missed="171" covered="0"/><counter type="CLASS" missed="17" covered="0"/></package><counter type="INSTRUCTION" missed="5429" covered="0"/><counter type="BRANCH" missed="745" covered="0"/><counter type="LINE" missed="1384" covered="0"/><counter type="COMPLEXITY" missed="552" covered="0"/><counter type="METHOD" missed="171" covered="0"/><counter type="CLASS" missed="17" covered="0"/></report>