<?xml version="1.0" encoding="UTF-8" standalone="yes"?><!DOCTYPE report PUBLIC "-//JACOCO//DTD Report 1.0//EN" "report.dtd"><report name="hosttracker.implementation"><sessioninfo id="ubuntu-e8e13fc8" start="1374875932764" dump="1374875933237"/><package name="org/opendaylight/controller/hosttracker/internal"><class name="org/opendaylight/controller/hosttracker/internal/HostTracker"><method name="&lt;clinit&gt;" desc="()V" line="82"><counter type="INSTRUCTION" missed="4" covered="0"/><counter type="LINE" missed="2" covered="0"/><counter type="COMPLEXITY" missed="1" covered="0"/><counter type="METHOD" missed="1" covered="0"/></method><method name="&lt;init&gt;" desc="()V" line="92"><counter type="INSTRUCTION" missed="28" covered="0"/><counter type="LINE" missed="9" covered="0"/><counter type="COMPLEXITY" missed="1" covered="0"/><counter type="METHOD" missed="1" covered="0"/></method><method name="startUp" desc="()V" line="157"><counter type="INSTRUCTION" missed="37" covered="0"/><counter type="LINE" missed="8" covered="0"/><counter type="COMPLEXITY" missed="1" covered="0"/><counter type="METHOD" missed="1" covered="0"/></method><method name="allocateCache" desc="()V" line="171"><counter type="INSTRUCTION" missed="40" covered="0"/><counter type="BRANCH" missed="2" covered="0"/><counter type="LINE" missed="14" covered="0"/><counter type="COMPLEXITY" missed="2" covered="0"/><counter type="METHOD" missed="1" covered="0"/></method><method name="retrieveCache" desc="()V" line="191"><counter type="INSTRUCTION" missed="44" covered="0"/><counter type="BRANCH" missed="6" covered="0"/><counter type="LINE" missed="16" covered="0"/><counter type="COMPLEXITY" missed="4" covered="0"/><counter type="METHOD" missed="1" covered="0"/></method><method name="nonClusterObjectCreate" desc="()V" line="212"><counter type="INSTRUCTION" missed="11" covered="0"/><counter type="LINE" missed="3" covered="0"/><counter type="COMPLEXITY" missed="1" covered="0"/><counter type="METHOD" missed="1" covered="0"/></method><method name="destroyCache" desc="()V" line="218"><counter type="INSTRUCTION" missed="21" covered="0"/><counter type="BRANCH" missed="2" covered="0"/><counter type="LINE" missed="8" covered="0"/><counter type="COMPLEXITY" missed="2" covered="0"/><counter type="METHOD" missed="1" covered="0"/></method><method name="shutDown" desc="()V" line="229"><counter type="INSTRUCTION" missed="1" covered="0"/><counter type="LINE" missed="1" covered="0"/><counter type="COMPLEXITY" missed="1" covered="0"/><counter type="METHOD" missed="1" covered="0"/></method><method name="setnewHostNotify" desc="(Lorg/opendaylight/controller/hosttracker/IfNewHostNotify;)V" line="232"><counter type="INSTRUCTION" missed="6" covered="0"/><counter type="LINE" missed="2" covered="0"/><counter type="COMPLEXITY" missed="1" covered="0"/><counter type="METHOD" missed="1" covered="0"/></method><method name="unsetnewHostNotify" desc="(Lorg/opendaylight/controller/hosttracker/IfNewHostNotify;)V" line="236"><counter type="INSTRUCTION" missed="6" covered="0"/><counter type="LINE" missed="2" covered="0"/><counter type="COMPLEXITY" missed="1" covered="0"/><counter type="METHOD" missed="1" covered="0"/></method><method name="setArpHandler" desc="(Lorg/opendaylight/controller/hosttracker/hostAware/IHostFinder;)V" line="240"><counter type="INSTRUCTION" missed="4" covered="0"/><counter type="LINE" missed="2" covered="0"/><counter type="COMPLEXITY" missed="1" covered="0"/><counter type="METHOD" missed="1" covered="0"/></method><method name="unsetArpHandler" desc="(Lorg/opendaylight/controller/hosttracker/hostAware/IHostFinder;)V" line="244"><counter type="INSTRUCTION" missed="11" covered="0"/><counter type="BRANCH" missed="2" covered="0"/><counter type="LINE" missed="4" covered="0"/><counter type="COMPLEXITY" missed="2" covered="0"/><counter type="METHOD" missed="1" covered="0"/></method><method name="setTopologyManager" desc="(Lorg/opendaylight/controller/topologymanager/ITopologyManager;)V" line="251"><counter type="INSTRUCTION" missed="4" covered="0"/><counter type="LINE" missed="2" covered="0"/><counter type="COMPLEXITY" missed="1" covered="0"/><counter type="METHOD" missed="1" covered="0"/></method><method name="unsetTopologyManager" desc="(Lorg/opendaylight/controller/topologymanager/ITopologyManager;)V" line="255"><counter type="INSTRUCTION" missed="11" covered="0"/><counter type="BRANCH" missed="2" covered="0"/><counter type="LINE" missed="4" covered="0"/><counter type="COMPLEXITY" missed="2" covered="0"/><counter type="METHOD" missed="1" covered="0"/></method><method name="hostExists" desc="(Lorg/opendaylight/controller/hosttracker/hostAware/HostNodeConnector;)Z" line="262"><counter type="INSTRUCTION" missed="11" covered="0"/><counter type="LINE" missed="2" covered="0"/><counter type="COMPLEXITY" missed="1" covered="0"/><counter type="METHOD" missed="1" covered="0"/></method><method name="getHostFromOnActiveDB" desc="(Ljava/net/InetAddress;)Lorg/opendaylight/controller/hosttracker/hostAware/HostNodeConnector;" line="267"><counter type="INSTRUCTION" missed="6" covered="0"/><counter type="LINE" missed="1" covered="0"/><counter type="COMPLEXITY" missed="1" covered="0"/><counter type="METHOD" missed="1" covered="0"/></method><method name="getHostFromInactiveDB" desc="(Ljava/net/InetAddress;)Ljava/util/Map$Entry;" line="272"><counter type="INSTRUCTION" missed="33" covered="0"/><counter type="BRANCH" missed="4" covered="0"/><counter type="LINE" missed="11" covered="0"/><counter type="COMPLEXITY" missed="3" covered="0"/><counter type="METHOD" missed="1" covered="0"/></method><method name="removeHostFromInactiveDB" desc="(Ljava/net/InetAddress;)V" line="288"><counter type="INSTRUCTION" missed="45" covered="0"/><counter type="BRANCH" missed="6" covered="0"/><counter type="LINE" missed="14" covered="0"/><counter type="COMPLEXITY" missed="4" covered="0"/><counter type="METHOD" missed="1" covered="0"/></method><method name="hostMoved" desc="(Lorg/opendaylight/controller/hosttracker/hostAware/HostNodeConnector;)Z" line="307"><counter type="INSTRUCTION" missed="9" covered="0"/><counter type="BRANCH" missed="2" covered="0"/><counter type="LINE" missed="3" covered="0"/><counter type="COMPLEXITY" missed="2" covered="0"/><counter type="METHOD" missed="1" covered="0"/></method><method name="hostQuery" desc="(Ljava/net/InetAddress;)Lorg/opendaylight/controller/hosttracker/hostAware/HostNodeConnector;" line="314"><counter type="INSTRUCTION" missed="6" covered="0"/><counter type="LINE" missed="1" covered="0"/><counter type="COMPLEXITY" missed="1" covered="0"/><counter type="METHOD" missed="1" covered="0"/></method><method name="discoverHost" desc="(Ljava/net/InetAddress;)Ljava/util/concurrent/Future;" line="318"><counter type="INSTRUCTION" missed="22" covered="0"/><counter type="BRANCH" missed="2" covered="0"/><counter type="LINE" missed="8" covered="0"/><counter type="COMPLEXITY" missed="2" covered="0"/><counter type="METHOD" missed="1" covered="0"/></method><method name="hostFind" desc="(Ljava/net/InetAddress;)Lorg/opendaylight/controller/hosttracker/hostAware/HostNodeConnector;" line="336"><counter type="INSTRUCTION" missed="35" covered="0"/><counter type="BRANCH" missed="4" covered="0"/><counter type="LINE" missed="14" covered="0"/><counter type="COMPLEXITY" missed="3" covered="0"/><counter type="METHOD" missed="1" covered="0"/></method><method name="getAllHosts" desc="()Ljava/util/Set;" line="358"><counter type="INSTRUCTION" missed="33" covered="0"/><counter type="BRANCH" missed="2" covered="0"/><counter type="LINE" missed="6" covered="0"/><counter type="COMPLEXITY" missed="2" covered="0"/><counter type="METHOD" missed="1" covered="0"/></method><method name="getActiveStaticHosts" desc="()Ljava/util/Set;" line="369"><counter type="INSTRUCTION" missed="36" covered="0"/><counter type="BRANCH" missed="4" covered="0"/><counter type="LINE" missed="7" covered="0"/><counter type="COMPLEXITY" missed="3" covered="0"/><counter type="METHOD" missed="1" covered="0"/></method><method name="getInactiveStaticHosts" desc="()Ljava/util/Set;" line="382"><counter type="INSTRUCTION" missed="31" covered="0"/><counter type="BRANCH" missed="2" covered="0"/><counter type="LINE" missed="6" covered="0"/><counter type="COMPLEXITY" missed="2" covered="0"/><counter type="METHOD" missed="1" covered="0"/></method><method name="AddtoARPPendingList" desc="(Ljava/net/InetAddress;)V" line="392"><counter type="INSTRUCTION" missed="21" covered="0"/><counter type="LINE" missed="6" covered="0"/><counter type="COMPLEXITY" missed="1" covered="0"/><counter type="METHOD" missed="1" covered="0"/></method><method name="removePendingARPFromList" desc="(I)V" line="401"><counter type="INSTRUCTION" missed="29" covered="0"/><counter type="BRANCH" missed="4" covered="0"/><counter type="LINE" missed="10" covered="0"/><counter type="COMPLEXITY" missed="3" covered="0"/><counter type="METHOD" missed="1" covered="0"/></method><method name="setCallableOnPendingARP" desc="(Ljava/net/InetAddress;Lorg/opendaylight/controller/hosttracker/internal/HostTrackerCallable;)V" line="416"><counter type="INSTRUCTION" missed="24" covered="0"/><counter type="BRANCH" missed="4" covered="0"/><counter type="LINE" missed="5" covered="0"/><counter type="COMPLEXITY" missed="3" covered="0"/><counter type="METHOD" missed="1" covered="0"/></method><method name="ProcPendingARPReqs" desc="(Ljava/net/InetAddress;)V" line="427"><counter type="INSTRUCTION" missed="59" covered="0"/><counter type="BRANCH" missed="8" covered="0"/><counter type="LINE" missed="15" covered="0"/><counter type="COMPLEXITY" missed="5" covered="0"/><counter type="METHOD" missed="1" covered="0"/></method><method name="learnNewHost" desc="(Lorg/opendaylight/controller/hosttracker/hostAware/HostNodeConnector;)V" line="462"><counter type="INSTRUCTION" missed="20" covered="0"/><counter type="LINE" missed="6" covered="0"/><counter type="COMPLEXITY" missed="1" covered="0"/><counter type="METHOD" missed="1" covered="0"/></method><method name="removeKnownHost" desc="(Ljava/net/InetAddress;)V" line="471"><counter type="INSTRUCTION" missed="26" covered="0"/><counter type="BRANCH" missed="2" covered="0"/><counter type="LINE" missed="10" covered="0"/><counter type="COMPLEXITY" missed="2" covered="0"/><counter type="METHOD" missed="1" covered="0"/></method><method name="hostListener" desc="(Lorg/opendaylight/controller/hosttracker/hostAware/HostNodeConnector;)V" line="526"><counter type="INSTRUCTION" missed="26" covered="0"/><counter type="BRANCH" missed="2" covered="0"/><counter type="LINE" missed="8" covered="0"/><counter type="COMPLEXITY" missed="2" covered="0"/><counter type="METHOD" missed="1" covered="0"/></method><method name="notifyHostLearnedOrRemoved" desc="(Lorg/opendaylight/controller/hosttracker/hostAware/HostNodeConnector;Z)V" line="540"><counter type="INSTRUCTION" missed="120" covered="0"/><counter type="BRANCH" missed="14" covered="0"/><counter type="LINE" missed="30" covered="0"/><counter type="COMPLEXITY" missed="8" covered="0"/><counter type="METHOD" missed="1" covered="0"/></method><method name="updateSwitchTiers" desc="(Lorg/opendaylight/controller/sal/core/Node;I)V" line="604"><counter type="INSTRUCTION" missed="92" covered="0"/><counter type="BRANCH" missed="12" covered="0"/><counter type="LINE" missed="24" covered="0"/><counter type="COMPLEXITY" missed="7" covered="0"/><counter type="METHOD" missed="1" covered="0"/></method><method name="switchNeedsTieringUpdate" desc="(Lorg/opendaylight/controller/sal/core/Node;I)Z" line="656"><counter type="INSTRUCTION" missed="41" covered="0"/><counter type="BRANCH" missed="10" covered="0"/><counter type="LINE" missed="14" covered="0"/><counter type="COMPLEXITY" missed="6" covered="0"/><counter type="METHOD" missed="1" covered="0"/></method><method name="clearTiers" desc="()V" line="684"><counter type="INSTRUCTION" missed="35" covered="0"/><counter type="BRANCH" missed="4" covered="0"/><counter type="LINE" missed="9" covered="0"/><counter type="COMPLEXITY" missed="3" covered="0"/><counter type="METHOD" missed="1" covered="0"/></method><method name="logHierarchies" desc="(Ljava/util/ArrayList;)V" line="702"><counter type="INSTRUCTION" missed="61" covered="0"/><counter type="BRANCH" missed="4" covered="0"/><counter type="LINE" missed="10" covered="0"/><counter type="COMPLEXITY" missed="3" covered="0"/><counter type="METHOD" missed="1" covered="0"/></method><method name="getHostNetworkHierarchy" desc="(Ljava/net/InetAddress;)Ljava/util/List;" line="727"><counter type="INSTRUCTION" missed="30" covered="0"/><counter type="BRANCH" missed="2" covered="0"/><counter type="LINE" missed="9" covered="0"/><counter type="COMPLEXITY" missed="2" covered="0"/><counter type="METHOD" missed="1" covered="0"/></method><method name="dpidToHostNameHack" desc="(J)Ljava/lang/String;" line="751"><counter type="INSTRUCTION" missed="49" covered="0"/><counter type="BRANCH" missed="6" covered="0"/><counter type="LINE" missed="11" covered="0"/><counter type="COMPLEXITY" missed="4" covered="0"/><counter type="METHOD" missed="1" covered="0"/></method><method name="updateCurrentHierarchy" desc="(Lorg/opendaylight/controller/sal/core/Node;Ljava/util/ArrayList;Ljava/util/List;)V" line="781"><counter type="INSTRUCTION" missed="102" covered="0"/><counter type="BRANCH" missed="12" covered="0"/><counter type="LINE" missed="31" covered="0"/><counter type="COMPLEXITY" missed="7" covered="0"/><counter type="METHOD" missed="1" covered="0"/></method><method name="edgeUpdate" desc="(Lorg/opendaylight/controller/sal/core/Edge;Lorg/opendaylight/controller/sal/core/UpdateType;Ljava/util/Set;)V" line="824"><counter type="INSTRUCTION" missed="123" covered="0"/><counter type="BRANCH" missed="15" covered="0"/><counter type="LINE" missed="36" covered="0"/><counter type="COMPLEXITY" missed="9" covered="0"/><counter type="METHOD" missed="1" covered="0"/></method><method name="edgeUpdate" desc="(Ljava/util/List;)V" line="886"><counter type="INSTRUCTION" missed="32" covered="0"/><counter type="BRANCH" missed="2" covered="0"/><counter type="LINE" missed="6" covered="0"/><counter type="COMPLEXITY" missed="2" covered="0"/><counter type="METHOD" missed="1" covered="0"/></method><method name="subnetNotify" desc="(Lorg/opendaylight/controller/switchmanager/Subnet;Z)V" line="895"><counter type="INSTRUCTION" missed="35" covered="0"/><counter type="BRANCH" missed="4" covered="0"/><counter type="LINE" missed="9" covered="0"/><counter type="COMPLEXITY" missed="3" covered="0"/><counter type="METHOD" missed="1" covered="0"/></method><method name="addStaticHostReq" desc="(Ljava/net/InetAddress;[BLorg/opendaylight/controller/sal/core/NodeConnector;S)Lorg/opendaylight/controller/sal/utils/Status;" line="1031"><counter type="INSTRUCTION" missed="84" covered="0"/><counter type="BRANCH" missed="6" covered="0"/><counter type="LINE" missed="22" covered="0"/><counter type="COMPLEXITY" missed="4" covered="0"/><counter type="METHOD" missed="1" covered="0"/></method><method name="updateHostReq" desc="(Ljava/net/InetAddress;[BLorg/opendaylight/controller/sal/core/NodeConnector;S)Z" line="1087"><counter type="INSTRUCTION" missed="46" covered="0"/><counter type="BRANCH" missed="6" covered="0"/><counter type="LINE" missed="14" covered="0"/><counter type="COMPLEXITY" missed="4" covered="0"/><counter type="METHOD" missed="1" covered="0"/></method><method name="removeStaticHostReq" desc="(Ljava/net/InetAddress;)Lorg/opendaylight/controller/sal/utils/Status;" line="1121"><counter type="INSTRUCTION" missed="80" covered="0"/><counter type="BRANCH" missed="8" covered="0"/><counter type="LINE" missed="17" covered="0"/><counter type="COMPLEXITY" missed="5" covered="0"/><counter type="METHOD" missed="1" covered="0"/></method><method name="modeChangeNotify" desc="(Lorg/opendaylight/controller/sal/core/Node;Z)V" line="1153"><counter type="INSTRUCTION" missed="8" covered="0"/><counter type="LINE" missed="2" covered="0"/><counter type="COMPLEXITY" missed="1" covered="0"/><counter type="METHOD" missed="1" covered="0"/></method><method name="notifyNode" desc="(Lorg/opendaylight/controller/sal/core/Node;Lorg/opendaylight/controller/sal/core/UpdateType;Ljava/util/Map;)V" line="1159"><counter type="INSTRUCTION" missed="49" covered="0"/><counter type="BRANCH" missed="8" covered="0"/><counter type="LINE" missed="13" covered="0"/><counter type="COMPLEXITY" missed="5" covered="0"/><counter type="METHOD" missed="1" covered="0"/></method><method name="notifyNodeConnector" desc="(Lorg/opendaylight/controller/sal/core/NodeConnector;Lorg/opendaylight/controller/sal/core/UpdateType;Ljava/util/Map;)V" line="1183"><counter type="INSTRUCTION" missed="39" covered="0"/><counter type="BRANCH" missed="12" covered="0"/><counter type="LINE" missed="17" covered="0"/><counter type="COMPLEXITY" missed="8" covered="0"/><counter type="METHOD" missed="1" covered="0"/></method><method name="addStaticHost" desc="(Ljava/lang/String;Ljava/lang/String;Lorg/opendaylight/controller/sal/core/NodeConnector;Ljava/lang/String;)Lorg/opendaylight/controller/sal/utils/Status;" line="1214"><counter type="INSTRUCTION" missed="34" covered="0"/><counter type="BRANCH" missed="2" covered="0"/><counter type="LINE" missed="9" covered="0"/><counter type="COMPLEXITY" missed="2" covered="0"/><counter type="METHOD" missed="1" covered="0"/></method><method name="removeStaticHost" desc="(Ljava/lang/String;)Lorg/opendaylight/controller/sal/utils/Status;" line="1231"><counter type="INSTRUCTION" missed="19" covered="0"/><counter type="LINE" missed="5" covered="0"/><counter type="COMPLEXITY" missed="1" covered="0"/><counter type="METHOD" missed="1" covered="0"/></method><method name="handleNodeConnectorStatusUp" desc="(Lorg/opendaylight/controller/sal/core/NodeConnector;)V" line="1242"><counter type="INSTRUCTION" missed="51" covered="0"/><counter type="BRANCH" missed="4" covered="0"/><counter type="LINE" missed="12" covered="0"/><counter type="COMPLEXITY" missed="3" covered="0"/><counter type="METHOD" missed="1" covered="0"/></method><method name="handleNodeConnectorStatusDown" desc="(Lorg/opendaylight/controller/sal/core/NodeConnector;)V" line="1259"><counter type="INSTRUCTION" missed="40" covered="0"/><counter type="BRANCH" missed="4" covered="0"/><counter type="LINE" missed="10" covered="0"/><counter type="COMPLEXITY" missed="3" covered="0"/><counter type="METHOD" missed="1" covered="0"/></method><method name="setClusterContainerService" desc="(Lorg/opendaylight/controller/clustering/services/IClusterContainerServices;)V" line="1274"><counter type="INSTRUCTION" missed="7" covered="0"/><counter type="LINE" missed="3" covered="0"/><counter type="COMPLEXITY" missed="1" covered="0"/><counter type="METHOD" missed="1" covered="0"/></method><method name="unsetClusterContainerService" desc="(Lorg/opendaylight/controller/clustering/services/IClusterContainerServices;)V" line="1279"><counter type="INSTRUCTION" missed="11" covered="0"/><counter type="BRANCH" missed="2" covered="0"/><counter type="LINE" missed="4" covered="0"/><counter type="COMPLEXITY" missed="2" covered="0"/><counter type="METHOD" missed="1" covered="0"/></method><method name="setSwitchManager" desc="(Lorg/opendaylight/controller/switchmanager/ISwitchManager;)V" line="1286"><counter type="INSTRUCTION" missed="7" covered="0"/><counter type="LINE" missed="3" covered="0"/><counter type="COMPLEXITY" missed="1" covered="0"/><counter type="METHOD" missed="1" covered="0"/></method><method name="unsetSwitchManager" desc="(Lorg/opendaylight/controller/switchmanager/ISwitchManager;)V" line="1291"><counter type="INSTRUCTION" missed="11" covered="0"/><counter type="BRANCH" missed="2" covered="0"/><counter type="LINE" missed="4" covered="0"/><counter type="COMPLEXITY" missed="2" covered="0"/><counter type="METHOD" missed="1" covered="0"/></method><method name="getContainerName" desc="()Ljava/lang/String;" line="1298"><counter type="INSTRUCTION" missed="9" covered="0"/><counter type="BRANCH" missed="2" covered="0"/><counter type="LINE" missed="3" covered="0"/><counter type="COMPLEXITY" missed="2" covered="0"/><counter type="METHOD" missed="1" covered="0"/></method><method name="init" desc="(Lorg/apache/felix/dm/Component;)V" line="1309"><counter type="INSTRUCTION" missed="23" covered="0"/><counter type="BRANCH" missed="2" covered="0"/><counter type="LINE" missed="8" covered="0"/><counter type="COMPLEXITY" missed="2" covered="0"/><counter type="METHOD" missed="1" covered="0"/></method><method name="destroy" desc="()V" line="1327"><counter type="INSTRUCTION" missed="3" covered="0"/><counter type="LINE" missed="2" covered="0"/><counter type="COMPLEXITY" missed="1" covered="0"/><counter type="METHOD" missed="1" covered="0"/></method><method name="start" desc="()V" line="1336"><counter type="INSTRUCTION" missed="1" covered="0"/><counter type="LINE" missed="1" covered="0"/><counter type="COMPLEXITY" missed="1" covered="0"/><counter type="METHOD" missed="1" covered="0"/></method><method name="stop" desc="()V" line="1345"><counter type="INSTRUCTION" missed="1" covered="0"/><counter type="LINE" missed="1" covered="0"/><counter type="COMPLEXITY" missed="1" covered="0"/><counter type="METHOD" missed="1" covered="0"/></method><method name="edgeOverUtilized" desc="(Lorg/opendaylight/controller/sal/core/Edge;)V" line="1351"><counter type="INSTRUCTION" missed="1" covered="0"/><counter type="LINE" missed="1" covered="0"/><counter type="COMPLEXITY" missed="1" covered="0"/><counter type="METHOD" missed="1" covered="0"/></method><method name="edgeUtilBackToNormal" desc="(Lorg/opendaylight/controller/sal/core/Edge;)V" line="1357"><counter type="INSTRUCTION" missed="1" covered="0"/><counter type="LINE" missed="1" covered="0"/><counter type="COMPLEXITY" missed="1" covered="0"/><counter type="METHOD" missed="1" covered="0"/></method><counter type="INSTRUCTION" missed="1945" covered="0"/><counter type="BRANCH" missed="203" covered="0"/><counter type="LINE" missed="551" covered="0"/><counter type="COMPLEXITY" missed="167" covered="0"/><counter type="METHOD" missed="64" covered="0"/><counter type="CLASS" missed="1" covered="0"/></class><class name="org/opendaylight/controller/hosttracker/internal/Activator"><method name="&lt;clinit&gt;" desc="()V" line="27"><counter type="INSTRUCTION" missed="4" covered="0"/><counter type="LINE" missed="2" covered="0"/><counter type="COMPLEXITY" missed="1" covered="0"/><counter type="METHOD" missed="1" covered="0"/></method><method name="&lt;init&gt;" desc="()V" line="26"><counter type="INSTRUCTION" missed="3" covered="0"/><counter type="LINE" missed="1" covered="0"/><counter type="COMPLEXITY" missed="1" covered="0"/><counter type="METHOD" missed="1" covered="0"/></method><method name="init" desc="()V" line="36"><counter type="INSTRUCTION" missed="1" covered="0"/><counter type="LINE" missed="1" covered="0"/><counter type="COMPLEXITY" missed="1" covered="0"/><counter type="METHOD" missed="1" covered="0"/></method><method name="destroy" desc="()V" line="44"><counter type="INSTRUCTION" missed="1" covered="0"/><counter type="LINE" missed="1" covered="0"/><counter type="COMPLEXITY" missed="1" covered="0"/><counter type="METHOD" missed="1" covered="0"/></method><method name="getImplementations" desc="()[Ljava/lang/Object;" line="56"><counter type="INSTRUCTION" missed="9" covered="0"/><counter type="LINE" missed="2" covered="0"/><counter type="COMPLEXITY" missed="1" covered="0"/><counter type="METHOD" missed="1" covered="0"/></method><method name="configureInstance" desc="(Lorg/apache/felix/dm/Component;Ljava/lang/Object;Ljava/lang/String;)V" line="76"><counter type="INSTRUCTION" missed="101" covered="0"/><counter type="BRANCH" missed="2" covered="0"/><counter type="LINE" missed="28" covered="0"/><counter type="COMPLEXITY" missed="2" covered="0"/><counter type="METHOD" missed="1" covered="0"/></method><method name="getGlobalImplementations" desc="()[Ljava/lang/Object;" line="121"><counter type="INSTRUCTION" missed="2" covered="0"/><counter type="LINE" missed="1" covered="0"/><counter type="COMPLEXITY" missed="1" covered="0"/><counter type="METHOD" missed="1" covered="0"/></method><method name="configureGlobalInstance" desc="(Lorg/apache/felix/dm/Component;Ljava/lang/Object;)V" line="136"><counter type="INSTRUCTION" missed="5" covered="0"/><counter type="LINE" missed="2" covered="0"/><counter type="COMPLEXITY" missed="1" covered="0"/><counter type="METHOD" missed="1" covered="0"/></method><counter type="INSTRUCTION" missed="126" covered="0"/><counter type="BRANCH" missed="2" covered="0"/><counter type="LINE" missed="38" covered="0"/><counter type="COMPLEXITY" missed="9" covered="0"/><counter type="METHOD" missed="8" covered="0"/><counter type="CLASS" missed="1" covered="0"/></class><class name="org/opendaylight/controller/hosttracker/internal/HostTracker$ARPPending"><method name="&lt;init&gt;" desc="()V" line="102"><counter type="INSTRUCTION" missed="3" covered="0"/><counter type="LINE" missed="1" covered="0"/><counter type="COMPLEXITY" missed="1" covered="0"/><counter type="METHOD" missed="1" covered="0"/></method><method name="getHostIP" desc="()Ljava/net/InetAddress;" line="108"><counter type="INSTRUCTION" missed="3" covered="0"/><counter type="LINE" missed="1" covered="0"/><counter type="COMPLEXITY" missed="1" covered="0"/><counter type="METHOD" missed="1" covered="0"/></method><method name="getSent_count" desc="()S" line="112"><counter type="INSTRUCTION" missed="3" covered="0"/><counter type="LINE" missed="1" covered="0"/><counter type="COMPLEXITY" missed="1" covered="0"/><counter type="METHOD" missed="1" covered="0"/></method><method name="getHostTrackerCallable" desc="()Lorg/opendaylight/controller/hosttracker/internal/HostTrackerCallable;" line="116"><counter type="INSTRUCTION" missed="3" covered="0"/><counter type="LINE" missed="1" covered="0"/><counter type="COMPLEXITY" missed="1" covered="0"/><counter type="METHOD" missed="1" covered="0"/></method><method name="setHostIP" desc="(Ljava/net/InetAddress;)V" line="120"><counter type="INSTRUCTION" missed="4" covered="0"/><counter type="LINE" missed="2" covered="0"/><counter type="COMPLEXITY" missed="1" covered="0"/><counter type="METHOD" missed="1" covered="0"/></method><method name="setSent_count" desc="(S)V" line="124"><counter type="INSTRUCTION" missed="4" covered="0"/><counter type="LINE" missed="2" covered="0"/><counter type="COMPLEXITY" missed="1" covered="0"/><counter type="METHOD" missed="1" covered="0"/></method><method name="setHostTrackerCallable" desc="(Lorg/opendaylight/controller/hosttracker/internal/HostTrackerCallable;)V" line="128"><counter type="INSTRUCTION" missed="4" covered="0"/><counter type="LINE" missed="2" covered="0"/><counter type="COMPLEXITY" missed="1" covered="0"/><counter type="METHOD" missed="1" covered="0"/></method><counter type="INSTRUCTION" missed="24" covered="0"/><counter type="LINE" missed="10" covered="0"/><counter type="COMPLEXITY" missed="7" covered="0"/><counter type="METHOD" missed="7" covered="0"/><counter type="CLASS" missed="1" covered="0"/></class><class name="org/opendaylight/controller/hosttracker/internal/HostTracker$ARPRefreshHandler"><method name="&lt;init&gt;" desc="(Lorg/opendaylight/controller/hosttracker/internal/HostTracker;)V" line="950"><counter type="INSTRUCTION" missed="6" covered="0"/><counter type="LINE" missed="1" covered="0"/><counter type="COMPLEXITY" missed="1" covered="0"/><counter type="METHOD" missed="1" covered="0"/></method><method name="run" desc="()V" line="953"><counter type="INSTRUCTION" missed="124" covered="0"/><counter type="BRANCH" missed="22" covered="0"/><counter type="LINE" missed="34" covered="0"/><counter type="COMPLEXITY" missed="12" covered="0"/><counter type="METHOD" missed="1" covered="0"/></method><counter type="INSTRUCTION" missed="130" covered="0"/><counter type="BRANCH" missed="22" covered="0"/><counter type="LINE" missed="35" covered="0"/><counter type="COMPLEXITY" missed="13" covered="0"/><counter type="METHOD" missed="2" covered="0"/><counter type="CLASS" missed="1" covered="0"/></class><class name="org/opendaylight/controller/hosttracker/internal/HostTracker$OutStandingARPHandler"><method name="&lt;init&gt;" desc="(Lorg/opendaylight/controller/hosttracker/internal/HostTracker;)V" line="908"><counter type="INSTRUCTION" missed="6" covered="0"/><counter type="LINE" missed="1" covered="0"/><counter type="COMPLEXITY" missed="1" covered="0"/><counter type="METHOD" missed="1" covered="0"/></method><method name="run" desc="()V" line="913"><counter type="INSTRUCTION" missed="80" covered="0"/><counter type="BRANCH" missed="6" covered="0"/><counter type="LINE" missed="20" covered="0"/><counter type="COMPLEXITY" missed="4" covered="0"/><counter type="METHOD" missed="1" covered="0"/></method><counter type="INSTRUCTION" missed="86" covered="0"/><counter type="BRANCH" missed="6" covered="0"/><counter type="LINE" missed="21" covered="0"/><counter type="COMPLEXITY" missed="5" covered="0"/><counter type="METHOD" missed="2" covered="0"/><counter type="CLASS" missed="1" covered="0"/></class><class name="org/opendaylight/controller/hosttracker/internal/HostTracker$NotifyHostThread"><method name="&lt;init&gt;" desc="(Lorg/opendaylight/controller/hosttracker/internal/HostTracker;Lorg/opendaylight/controller/hosttracker/hostAware/HostNodeConnector;)V" line="487"><counter type="INSTRUCTION" missed="9" covered="0"/><counter type="LINE" missed="3" covered="0"/><counter type="COMPLEXITY" missed="1" covered="0"/><counter type="METHOD" missed="1" covered="0"/></method><method name="run" desc="()V" line="493"><counter type="INSTRUCTION" missed="59" covered="0"/><counter type="BRANCH" missed="4" covered="0"/><counter type="LINE" missed="18" covered="0"/><counter type="COMPLEXITY" missed="3" covered="0"/><counter type="METHOD" missed="1" covered="0"/></method><counter type="INSTRUCTION" missed="68" covered="0"/><counter type="BRANCH" missed="4" covered="0"/><counter type="LINE" missed="21" covered="0"/><counter type="COMPLEXITY" missed="4" covered="0"/><counter type="METHOD" missed="2" covered="0"/><counter type="CLASS" missed="1" covered="0"/></class><class name="org/opendaylight/controller/hosttracker/internal/HostTrackerCallable"><method name="&lt;init&gt;" desc="(Lorg/opendaylight/controller/hosttracker/internal/HostTracker;Ljava/net/InetAddress;)V" line="33"><counter type="INSTRUCTION" missed="15" covered="0"/><counter type="LINE" missed="5" covered="0"/><counter type="COMPLEXITY" missed="1" covered="0"/><counter type="METHOD" missed="1" covered="0"/></method><method name="call" desc="()Lorg/opendaylight/controller/hosttracker/hostAware/HostNodeConnector;" line="41"><counter type="INSTRUCTION" missed="25" covered="0"/><counter type="BRANCH" missed="2" covered="0"/><counter type="LINE" missed="6" covered="0"/><counter type="COMPLEXITY" missed="2" covered="0"/><counter type="METHOD" missed="1" covered="0"/></method><method name="wakeup" desc="()V" line="50"><counter type="INSTRUCTION" missed="4" covered="0"/><counter type="LINE" missed="2" covered="0"/><counter type="COMPLEXITY" missed="1" covered="0"/><counter type="METHOD" missed="1" covered="0"/></method><counter type="INSTRUCTION" missed="44" covered="0"/><counter type="BRANCH" missed="2" covered="0"/><counter type="LINE" missed="13" covered="0"/><counter type="COMPLEXITY" missed="4" covered="0"/><counter type="METHOD" missed="3" covered="0"/><counter type="CLASS" missed="1" covered="0"/></class><sourcefile name="HostTracker.java"><line nr="82" mi="1" ci="0" mb="0" cb="0"/><line nr="83" mi="3" ci="0" mb="0" cb="0"/><line nr="92" mi="1" ci="0" mb="0" cb="0"/><line nr="93" mi="5" ci="0" mb="0" cb="0"/><line nr="96" mi="3" ci="0" mb="0" cb="0"/><line nr="97" mi="3" ci="0" mb="0" cb="0"/><line nr="100" mi="3" ci="0" mb="0" cb="0"/><line nr="102" mi="3" ci="0" mb="0" cb="0"/><line nr="108" mi="3" ci="0" mb="0" cb="0"/><line nr="112" mi="3" ci="0" mb="0" cb="0"/><line nr="116" mi="3" ci="0" mb="0" cb="0"/><line nr="120" mi="3" ci="0" mb="0" cb="0"/><line nr="121" mi="1" ci="0" mb="0" cb="0"/><line nr="124" mi="3" ci="0" mb="0" cb="0"/><line nr="125" mi="1" ci="0" mb="0" cb="0"/><line nr="128" mi="3" ci="0" mb="0" cb="0"/><line nr="129" mi="1" ci="0" mb="0" cb="0"/><line nr="134" mi="5" ci="0" mb="0" cb="0"/><line nr="151" mi="5" ci="0" mb="0" cb="0"/><line nr="153" mi="2" ci="0" mb="0" cb="0"/><line nr="154" mi="1" ci="0" mb="0" cb="0"/><line nr="157" mi="2" ci="0" mb="0" cb="0"/><line nr="158" mi="2" ci="0" mb="0" cb="0"/><line nr="160" mi="5" ci="0" mb="0" cb="0"/><line nr="161" mi="9" ci="0" mb="0" cb="0"/><line nr="164" mi="5" ci="0" mb="0" cb="0"/><line nr="165" mi="10" ci="0" mb="0" cb="0"/><line nr="166" mi="3" ci="0" mb="0" cb="0"/><line nr="167" mi="1" ci="0" mb="0" cb="0"/><line nr="171" mi="3" ci="0" mb="2" cb="0"/><line nr="172" mi="3" ci="0" mb="0" cb="0"/><line nr="173" mi="1" ci="0" mb="0" cb="0"/><line nr="175" mi="3" ci="0" mb="0" cb="0"/><line nr="177" mi="5" ci="0" mb="0" cb="0"/><line nr="178" mi="2" ci="0" mb="0" cb="0"/><line nr="179" mi="5" ci="0" mb="0" cb="0"/><line nr="180" mi="2" ci="0" mb="0" cb="0"/><line nr="181" mi="2" ci="0" mb="0" cb="0"/><line nr="182" mi="4" ci="0" mb="0" cb="0"/><line nr="183" mi="1" ci="0" mb="0" cb="0"/><line nr="184" mi="3" ci="0" mb="0" cb="0"/><line nr="186" mi="3" ci="0" mb="0" cb="0"/><line nr="187" mi="1" ci="0" mb="0" cb="0"/><line nr="191" mi="3" ci="0" mb="2" cb="0"/><line nr="192" mi="3" ci="0" mb="0" cb="0"/><line nr="193" mi="1" ci="0" mb="0" cb="0"/><line nr="195" mi="3" ci="0" mb="0" cb="0"/><line nr="196" mi="4" ci="0" mb="0" cb="0"/><line nr="197" mi="2" ci="0" mb="0" cb="0"/><line nr="198" mi="3" ci="0" mb="2" cb="0"/><line nr="199" mi="3" ci="0" mb="0" cb="0"/><line nr="201" mi="3" ci="0" mb="0" cb="0"/><line nr="202" mi="3" ci="0" mb="0" cb="0"/><line nr="203" mi="4" ci="0" mb="0" cb="0"/><line nr="204" mi="2" ci="0" mb="0" cb="0"/><line nr="205" mi="3" ci="0" mb="2" cb="0"/><line nr="206" mi="3" ci="0" mb="0" cb="0"/><line nr="208" mi="3" ci="0" mb="0" cb="0"/><line nr="209" mi="1" ci="0" mb="0" cb="0"/><line nr="212" mi="5" ci="0" mb="0" cb="0"/><line nr="213" mi="5" ci="0" mb="0" cb="0"/><line nr="214" mi="1" ci="0" mb="0" cb="0"/><line nr="218" mi="3" ci="0" mb="2" cb="0"/><line nr="219" mi="3" ci="0" mb="0" cb="0"/><line nr="220" mi="1" ci="0" mb="0" cb="0"/><line nr="222" mi="3" ci="0" mb="0" cb="0"/><line nr="223" mi="4" ci="0" mb="0" cb="0"/><line nr="224" mi="4" ci="0" mb="0" cb="0"/><line nr="225" mi="2" ci="0" mb="0" cb="0"/><line nr="226" mi="1" ci="0" mb="0" cb="0"/><line nr="229" mi="1" ci="0" mb="0" cb="0"/><line nr="232" mi="5" ci="0" mb="0" cb="0"/><line nr="233" mi="1" ci="0" mb="0" cb="0"/><line nr="236" mi="5" ci="0" mb="0" cb="0"/><line nr="237" mi="1" ci="0" mb="0" cb="0"/><line nr="240" mi="3" ci="0" mb="0" cb="0"/><line nr="241" mi="1" ci="0" mb="0" cb="0"/><line nr="244" mi="4" ci="0" mb="2" cb="0"/><line nr="245" mi="3" ci="0" mb="0" cb="0"/><line nr="246" mi="3" ci="0" mb="0" cb="0"/><line nr="248" mi="1" ci="0" mb="0" cb="0"/><line nr="251" mi="3" ci="0" mb="0" cb="0"/><line nr="252" mi="1" ci="0" mb="0" cb="0"/><line nr="255" mi="4" ci="0" mb="2" cb="0"/><line nr="256" mi="3" ci="0" mb="0" cb="0"/><line nr="257" mi="3" ci="0" mb="0" cb="0"/><line nr="259" mi="1" ci="0" mb="0" cb="0"/><line nr="262" mi="7" ci="0" mb="0" cb="0"/><line nr="263" mi="4" ci="0" mb="0" cb="0"/><line nr="267" mi="6" ci="0" mb="0" cb="0"/><line nr="272" mi="5" ci="0" mb="2" cb="0"/><line nr="273" mi="8" ci="0" mb="0" cb="0"/><line nr="274" mi="6" ci="0" mb="2" cb="0"/><line nr="275" mi="2" ci="0" mb="0" cb="0"/><line nr="276" mi="1" ci="0" mb="0" cb="0"/><line nr="277" mi="2" ci="0" mb="0" cb="0"/><line nr="278" mi="2" ci="0" mb="0" cb="0"/><line nr="281" mi="2" ci="0" mb="0" cb="0"/><line nr="282" mi="1" ci="0" mb="0" cb="0"/><line nr="283" mi="2" ci="0" mb="0" cb="0"/><line nr="284" mi="2" ci="0" mb="0" cb="0"/><line nr="288" mi="2" ci="0" mb="0" cb="0"/><line nr="289" mi="5" ci="0" mb="2" cb="0"/><line nr="290" mi="8" ci="0" mb="0" cb="0"/><line nr="291" mi="6" ci="0" mb="2" cb="0"/><line nr="292" mi="4" ci="0" mb="0" cb="0"/><line nr="293" mi="1" ci="0" mb="0" cb="0"/><line nr="296" mi="2" ci="0" mb="2" cb="0"/><line nr="297" mi="5" ci="0" mb="0" cb="0"/><line nr="298" mi="3" ci="0" mb="0" cb="0"/><line nr="299" mi="2" ci="0" mb="0" cb="0"/><line nr="300" mi="1" ci="0" mb="0" cb="0"/><line nr="302" mi="3" ci="0" mb="0" cb="0"/><line nr="303" mi="2" ci="0" mb="0" cb="0"/><line nr="304" mi="1" ci="0" mb="0" cb="0"/><line nr="307" mi="5" ci="0" mb="2" cb="0"/><line nr="308" mi="2" ci="0" mb="0" cb="0"/><line nr="310" mi="2" ci="0" mb="0" cb="0"/><line nr="314" mi="6" ci="0" mb="0" cb="0"/><line nr="318" mi="3" ci="0" mb="0" cb="0"/><line nr="319" mi="2" ci="0" mb="2" cb="0"/><line nr="320" mi="3" ci="0" mb="0" cb="0"/><line nr="321" mi="2" ci="0" mb="0" cb="0"/><line nr="323" mi="5" ci="0" mb="0" cb="0"/><line nr="324" mi="1" ci="0" mb="0" cb="0"/><line nr="325" mi="4" ci="0" mb="0" cb="0"/><line nr="326" mi="2" ci="0" mb="0" cb="0"/><line nr="336" mi="3" ci="0" mb="2" cb="0"/><line nr="337" mi="3" ci="0" mb="0" cb="0"/><line nr="338" mi="2" ci="0" mb="0" cb="0"/><line nr="341" mi="4" ci="0" mb="0" cb="0"/><line nr="342" mi="2" ci="0" mb="2" cb="0"/><line nr="343" mi="3" ci="0" mb="0" cb="0"/><line nr="344" mi="2" ci="0" mb="0" cb="0"/><line nr="345" mi="2" ci="0" mb="0" cb="0"/><line nr="348" mi="4" ci="0" mb="0" cb="0"/><line nr="350" mi="3" ci="0" mb="0" cb="0"/><line nr="351" mi="2" ci="0" mb="0" cb="0"/><line nr="352" mi="1" ci="0" mb="0" cb="0"/><line nr="353" mi="2" ci="0" mb="0" cb="0"/><line nr="354" mi="2" ci="0" mb="0" cb="0"/><line nr="358" mi="4" ci="0" mb="0" cb="0"/><line nr="359" mi="13" ci="0" mb="2" cb="0"/><line nr="360" mi="4" ci="0" mb="0" cb="0"/><line nr="361" mi="4" ci="0" mb="0" cb="0"/><line nr="363" mi="6" ci="0" mb="0" cb="0"/><line nr="364" mi="2" ci="0" mb="0" cb="0"/><line nr="369" mi="4" ci="0" mb="0" cb="0"/><line nr="370" mi="13" ci="0" mb="2" cb="0"/><line nr="371" mi="4" ci="0" mb="0" cb="0"/><line nr="372" mi="3" ci="0" mb="2" cb="0"/><line nr="373" mi="4" ci="0" mb="0" cb="0"/><line nr="376" mi="6" ci="0" mb="0" cb="0"/><line nr="377" mi="2" ci="0" mb="0" cb="0"/><line nr="382" mi="4" ci="0" mb="0" cb="0"/><line nr="383" mi="5" ci="0" mb="2" cb="0"/><line nr="384" mi="8" ci="0" mb="0" cb="0"/><line nr="385" mi="6" ci="0" mb="0" cb="0"/><line nr="387" mi="6" ci="0" mb="0" cb="0"/><line nr="388" mi="2" ci="0" mb="0" cb="0"/><line nr="392" mi="5" ci="0" mb="0" cb="0"/><line nr="394" mi="3" ci="0" mb="0" cb="0"/><line nr="395" mi="3" ci="0" mb="0" cb="0"/><line nr="396" mi="5" ci="0" mb="0" cb="0"/><line nr="397" mi="4" ci="0" mb="0" cb="0"/><line nr="398" mi="1" ci="0" mb="0" cb="0"/><line nr="401" mi="5" ci="0" mb="2" cb="0"/><line nr="402" mi="2" ci="0" mb="0" cb="0"/><line nr="403" mi="1" ci="0" mb="0" cb="0"/><line nr="404" mi="6" ci="0" mb="0" cb="0"/><line nr="405" mi="1" ci="0" mb="0" cb="0"/><line nr="407" mi="6" ci="0" mb="0" cb="0"/><line nr="408" mi="3" ci="0" mb="0" cb="0"/><line nr="409" mi="2" ci="0" mb="2" cb="0"/><line nr="410" mi="2" ci="0" mb="0" cb="0"/><line nr="411" mi="1" ci="0" mb="0" cb="0"/><line nr="416" mi="9" ci="0" mb="2" cb="0"/><line nr="417" mi="6" ci="0" mb="0" cb="0"/><line nr="418" mi="5" ci="0" mb="2" cb="0"/><line nr="419" mi="3" ci="0" mb="0" cb="0"/><line nr="422" mi="1" ci="0" mb="0" cb="0"/><line nr="427" mi="9" ci="0" mb="2" cb="0"/><line nr="428" mi="6" ci="0" mb="0" cb="0"/><line nr="429" mi="5" ci="0" mb="2" cb="0"/><line nr="434" mi="3" ci="0" mb="0" cb="0"/><line nr="435" mi="3" ci="0" mb="0" cb="0"/><line nr="436" mi="1" ci="0" mb="0" cb="0"/><line nr="437" mi="1" ci="0" mb="0" cb="0"/><line nr="445" mi="9" ci="0" mb="2" cb="0"/><line nr="446" mi="6" ci="0" mb="0" cb="0"/><line nr="447" mi="5" ci="0" mb="2" cb="0"/><line nr="452" mi="5" ci="0" mb="0" cb="0"/><line nr="453" mi="3" ci="0" mb="0" cb="0"/><line nr="454" mi="1" ci="0" mb="0" cb="0"/><line nr="455" mi="1" ci="0" mb="0" cb="0"/><line nr="458" mi="1" ci="0" mb="0" cb="0"/><line nr="462" mi="3" ci="0" mb="0" cb="0"/><line nr="463" mi="7" ci="0" mb="0" cb="0"/><line nr="464" mi="3" ci="0" mb="0" cb="0"/><line nr="465" mi="3" ci="0" mb="0" cb="0"/><line nr="466" mi="3" ci="0" mb="0" cb="0"/><line nr="467" mi="1" ci="0" mb="0" cb="0"/><line nr="471" mi="6" ci="0" mb="0" cb="0"/><line nr="472" mi="2" ci="0" mb="2" cb="0"/><line nr="473" mi="5" ci="0" mb="0" cb="0"/><line nr="474" mi="1" ci="0" mb="0" cb="0"/><line nr="475" mi="5" ci="0" mb="0" cb="0"/><line nr="476" mi="1" ci="0" mb="0" cb="0"/><line nr="477" mi="2" ci="0" mb="0" cb="0"/><line nr="478" mi="1" ci="0" mb="0" cb="0"/><line nr="479" mi="2" ci="0" mb="0" cb="0"/><line nr="481" mi="1" ci="0" mb="0" cb="0"/><line nr="487" mi="5" ci="0" mb="0" cb="0"/><line nr="488" mi="3" ci="0" mb="0" cb="0"/><line nr="489" mi="1" ci="0" mb="0" cb="0"/><line nr="493" mi="6" ci="0" mb="2" cb="0"/><line nr="499" mi="8" ci="0" mb="0" cb="0"/><line nr="500" mi="1" ci="0" mb="0" cb="0"/><line nr="501" mi="6" ci="0" mb="0" cb="0"/><line nr="502" mi="2" ci="0" mb="2" cb="0"/><line nr="503" mi="5" ci="0" mb="0" cb="0"/><line nr="504" mi="2" ci="0" mb="0" cb="0"/><line nr="505" mi="1" ci="0" mb="0" cb="0"/><line nr="506" mi="3" ci="0" mb="0" cb="0"/><line nr="507" mi="1" ci="0" mb="0" cb="0"/><line nr="508" mi="2" ci="0" mb="0" cb="0"/><line nr="509" mi="1" ci="0" mb="0" cb="0"/><line nr="510" mi="1" ci="0" mb="0" cb="0"/><line nr="515" mi="4" ci="0" mb="0" cb="0"/><line nr="518" mi="5" ci="0" mb="0" cb="0"/><line nr="519" mi="4" ci="0" mb="0" cb="0"/><line nr="520" mi="6" ci="0" mb="0" cb="0"/><line nr="521" mi="1" ci="0" mb="0" cb="0"/><line nr="526" mi="4" ci="0" mb="2" cb="0"/><line nr="527" mi="4" ci="0" mb="0" cb="0"/><line nr="528" mi="6" ci="0" mb="0" cb="0"/><line nr="529" mi="1" ci="0" mb="0" cb="0"/><line nr="530" mi="3" ci="0" mb="0" cb="0"/><line nr="531" mi="1" ci="0" mb="0" cb="0"/><line nr="533" mi="6" ci="0" mb="0" cb="0"/><line nr="534" mi="1" ci="0" mb="0" cb="0"/><line nr="540" mi="3" ci="0" mb="2" cb="0"/><line nr="541" mi="11" ci="0" mb="0" cb="0"/><line nr="542" mi="12" ci="0" mb="2" cb="0"/><line nr="544" mi="2" ci="0" mb="2" cb="0"/><line nr="545" mi="3" ci="0" mb="0" cb="0"/><line nr="546" mi="1" ci="0" mb="0" cb="0"/><line nr="547" mi="3" ci="0" mb="0" cb="0"/><line nr="549" mi="2" ci="0" mb="0" cb="0"/><line nr="550" mi="4" ci="0" mb="0" cb="0"/><line nr="555" mi="3" ci="0" mb="0" cb="0"/><line nr="560" mi="3" ci="0" mb="0" cb="0"/><line nr="561" mi="2" ci="0" mb="0" cb="0"/><line nr="562" mi="3" ci="0" mb="0" cb="0"/><line nr="564" mi="4" ci="0" mb="0" cb="0"/><line nr="565" mi="2" ci="0" mb="0" cb="0"/><line nr="566" mi="5" ci="0" mb="0" cb="0"/><line nr="567" mi="2" ci="0" mb="0" cb="0"/><line nr="568" mi="2" ci="0" mb="0" cb="0"/><line nr="569" mi="2" ci="0" mb="0" cb="0"/><line nr="570" mi="2" ci="0" mb="0" cb="0"/><line nr="573" mi="7" ci="0" mb="6" cb="0"/><line nr="574" mi="2" ci="0" mb="2" cb="0"/><line nr="575" mi="5" ci="0" mb="0" cb="0"/><line nr="576" mi="5" ci="0" mb="0" cb="0"/><line nr="577" mi="7" ci="0" mb="0" cb="0"/><line nr="578" mi="1" ci="0" mb="0" cb="0"/><line nr="583" mi="5" ci="0" mb="0" cb="0"/><line nr="584" mi="5" ci="0" mb="0" cb="0"/><line nr="585" mi="7" ci="0" mb="0" cb="0"/><line nr="588" mi="1" ci="0" mb="0" cb="0"/><line nr="604" mi="4" ci="0" mb="0" cb="0"/><line nr="605" mi="2" ci="0" mb="2" cb="0"/><line nr="606" mi="2" ci="0" mb="0" cb="0"/><line nr="607" mi="1" ci="0" mb="0" cb="0"/><line nr="608" mi="3" ci="0" mb="0" cb="0"/><line nr="609" mi="1" ci="0" mb="0" cb="0"/><line nr="611" mi="5" ci="0" mb="0" cb="0"/><line nr="612" mi="2" ci="0" mb="2" cb="0"/><line nr="613" mi="3" ci="0" mb="0" cb="0"/><line nr="614" mi="1" ci="0" mb="0" cb="0"/><line nr="615" mi="1" ci="0" mb="0" cb="0"/><line nr="617" mi="4" ci="0" mb="0" cb="0"/><line nr="618" mi="11" ci="0" mb="2" cb="0"/><line nr="619" mi="3" ci="0" mb="0" cb="0"/><line nr="620" mi="3" ci="0" mb="2" cb="0"/><line nr="623" mi="1" ci="0" mb="0" cb="0"/><line nr="625" mi="4" ci="0" mb="0" cb="0"/><line nr="626" mi="7" ci="0" mb="2" cb="0"/><line nr="627" mi="7" ci="0" mb="0" cb="0"/><line nr="628" mi="5" ci="0" mb="0" cb="0"/><line nr="629" mi="4" ci="0" mb="0" cb="0"/><line nr="637" mi="11" ci="0" mb="2" cb="0"/><line nr="638" mi="6" ci="0" mb="0" cb="0"/><line nr="640" mi="1" ci="0" mb="0" cb="0"/><line nr="656" mi="2" ci="0" mb="2" cb="0"/><line nr="657" mi="3" ci="0" mb="0" cb="0"/><line nr="658" mi="2" ci="0" mb="0" cb="0"/><line nr="659" mi="2" ci="0" mb="0" cb="0"/><line nr="664" mi="6" ci="0" mb="2" cb="0"/><line nr="665" mi="2" ci="0" mb="0" cb="0"/><line nr="668" mi="7" ci="0" mb="0" cb="0"/><line nr="669" mi="2" ci="0" mb="2" cb="0"/><line nr="670" mi="2" ci="0" mb="0" cb="0"/><line nr="671" mi="3" ci="0" mb="2" cb="0"/><line nr="672" mi="2" ci="0" mb="0" cb="0"/><line nr="673" mi="4" ci="0" mb="2" cb="0"/><line nr="674" mi="2" ci="0" mb="0" cb="0"/><line nr="675" mi="2" ci="0" mb="0" cb="0"/><line nr="684" mi="2" ci="0" mb="0" cb="0"/><line nr="685" mi="3" ci="0" mb="2" cb="0"/><line nr="686" mi="3" ci="0" mb="0" cb="0"/><line nr="687" mi="1" ci="0" mb="0" cb="0"/><line nr="689" mi="4" ci="0" mb="0" cb="0"/><line nr="691" mi="11" ci="0" mb="2" cb="0"/><line nr="692" mi="5" ci="0" mb="0" cb="0"/><line nr="693" mi="5" ci="0" mb="0" cb="0"/><line nr="695" mi="1" ci="0" mb="0" cb="0"/><line nr="702" mi="2" ci="0" mb="0" cb="0"/><line nr="703" mi="2" ci="0" mb="0" cb="0"/><line nr="704" mi="11" ci="0" mb="2" cb="0"/><line nr="705" mi="4" ci="0" mb="0" cb="0"/><line nr="706" mi="12" ci="0" mb="0" cb="0"/><line nr="707" mi="11" ci="0" mb="2" cb="0"/><line nr="708" mi="11" ci="0" mb="0" cb="0"/><line nr="710" mi="6" ci="0" mb="0" cb="0"/><line nr="711" mi="1" ci="0" mb="0" cb="0"/><line nr="713" mi="1" ci="0" mb="0" cb="0"/><line nr="727" mi="4" ci="0" mb="0" cb="0"/><line nr="728" mi="2" ci="0" mb="2" cb="0"/><line nr="729" mi="2" ci="0" mb="0" cb="0"/><line nr="731" mi="4" ci="0" mb="0" cb="0"/><line nr="732" mi="4" ci="0" mb="0" cb="0"/><line nr="733" mi="4" ci="0" mb="0" cb="0"/><line nr="735" mi="3" ci="0" mb="0" cb="0"/><line nr="736" mi="5" ci="0" mb="0" cb="0"/><line nr="737" mi="2" ci="0" mb="0" cb="0"/><line nr="751" mi="3" ci="0" mb="0" cb="0"/><line nr="753" mi="4" ci="0" mb="0" cb="0"/><line nr="754" mi="2" ci="0" mb="0" cb="0"/><line nr="755" mi="8" ci="0" mb="2" cb="0"/><line nr="756" mi="9" ci="0" mb="0" cb="0"/><line nr="757" mi="2" ci="0" mb="2" cb="0"/><line nr="758" mi="1" ci="0" mb="0" cb="0"/><line nr="759" mi="3" ci="0" mb="2" cb="0"/><line nr="760" mi="1" ci="0" mb="0" cb="0"/><line nr="761" mi="12" ci="0" mb="0" cb="0"/><line nr="763" mi="4" ci="0" mb="0" cb="0"/><line nr="781" mi="9" ci="0" mb="0" cb="0"/><line nr="782" mi="3" ci="0" mb="0" cb="0"/><line nr="783" mi="1" ci="0" mb="0" cb="0"/><line nr="785" mi="4" ci="0" mb="0" cb="0"/><line nr="786" mi="2" ci="0" mb="2" cb="0"/><line nr="787" mi="2" ci="0" mb="0" cb="0"/><line nr="788" mi="1" ci="0" mb="0" cb="0"/><line nr="789" mi="1" ci="0" mb="0" cb="0"/><line nr="790" mi="1" ci="0" mb="0" cb="0"/><line nr="792" mi="5" ci="0" mb="0" cb="0"/><line nr="793" mi="5" ci="0" mb="0" cb="0"/><line nr="794" mi="2" ci="0" mb="2" cb="0"/><line nr="795" mi="3" ci="0" mb="0" cb="0"/><line nr="796" mi="1" ci="0" mb="0" cb="0"/><line nr="798" mi="11" ci="0" mb="2" cb="0"/><line nr="799" mi="3" ci="0" mb="0" cb="0"/><line nr="800" mi="3" ci="0" mb="2" cb="0"/><line nr="803" mi="1" ci="0" mb="0" cb="0"/><line nr="805" mi="4" ci="0" mb="0" cb="0"/><line nr="807" mi="6" ci="0" mb="0" cb="0"/><line nr="808" mi="1" ci="0" mb="0" cb="0"/><line nr="809" mi="6" ci="0" mb="0" cb="0"/><line nr="810" mi="1" ci="0" mb="0" cb="0"/><line nr="811" mi="5" ci="0" mb="2" cb="0"/><line nr="812" mi="2" ci="0" mb="0" cb="0"/><line nr="813" mi="5" ci="0" mb="2" cb="0"/><line nr="814" mi="3" ci="0" mb="0" cb="0"/><line nr="815" mi="1" ci="0" mb="0" cb="0"/><line nr="816" mi="4" ci="0" mb="0" cb="0"/><line nr="818" mi="5" ci="0" mb="0" cb="0"/><line nr="821" mi="1" ci="0" mb="0" cb="0"/><line nr="824" mi="2" ci="0" mb="0" cb="0"/><line nr="825" mi="2" ci="0" mb="0" cb="0"/><line nr="826" mi="2" ci="0" mb="0" cb="0"/><line nr="827" mi="2" ci="0" mb="0" cb="0"/><line nr="828" mi="2" ci="0" mb="0" cb="0"/><line nr="829" mi="2" ci="0" mb="0" cb="0"/><line nr="830" mi="2" ci="0" mb="0" cb="0"/><line nr="832" mi="4" ci="0" mb="4" cb="0"/><line nr="833" mi="3" ci="0" mb="0" cb="0"/><line nr="834" mi="1" ci="0" mb="0" cb="0"/><line nr="836" mi="4" ci="0" mb="0" cb="0"/><line nr="837" mi="4" ci="0" mb="0" cb="0"/><line nr="839" mi="4" ci="0" mb="2" cb="0"/><line nr="840" mi="4" ci="0" mb="0" cb="0"/><line nr="841" mi="1" ci="0" mb="0" cb="0"/><line nr="844" mi="4" ci="0" mb="2" cb="0"/><line nr="845" mi="3" ci="0" mb="0" cb="0"/><line nr="847" mi="1" ci="0" mb="0" cb="0"/><line nr="850" mi="4" ci="0" mb="2" cb="0"/><line nr="851" mi="4" ci="0" mb="0" cb="0"/><line nr="852" mi="1" ci="0" mb="0" cb="0"/><line nr="855" mi="4" ci="0" mb="2" cb="0"/><line nr="856" mi="3" ci="0" mb="0" cb="0"/><line nr="858" mi="1" ci="0" mb="0" cb="0"/><line nr="863" mi="6" ci="0" mb="0" cb="0"/><line nr="864" mi="5" ci="0" mb="0" cb="0"/><line nr="865" mi="6" ci="0" mb="0" cb="0"/><line nr="866" mi="5" ci="0" mb="0" cb="0"/><line nr="869" mi="5" ci="0" mb="3" cb="0"/><line nr="872" mi="2" ci="0" mb="0" cb="0"/><line nr="873" mi="1" ci="0" mb="0" cb="0"/><line nr="875" mi="2" ci="0" mb="0" cb="0"/><line nr="879" mi="2" ci="0" mb="0" cb="0"/><line nr="880" mi="1" ci="0" mb="0" cb="0"/><line nr="881" mi="23" ci="0" mb="0" cb="0"/><line nr="882" mi="1" ci="0" mb="0" cb="0"/><line nr="886" mi="8" ci="0" mb="2" cb="0"/><line nr="887" mi="6" ci="0" mb="0" cb="0"/><line nr="888" mi="6" ci="0" mb="0" cb="0"/><line nr="889" mi="6" ci="0" mb="0" cb="0"/><line nr="890" mi="5" ci="0" mb="0" cb="0"/><line nr="892" mi="1" ci="0" mb="0" cb="0"/><line nr="895" mi="6" ci="0" mb="0" cb="0"/><line nr="896" mi="2" ci="0" mb="2" cb="0"/><line nr="897" mi="9" ci="0" mb="2" cb="0"/><line nr="899" mi="6" ci="0" mb="0" cb="0"/><line nr="900" mi="2" ci="0" mb="0" cb="0"/><line nr="901" mi="1" ci="0" mb="0" cb="0"/><line nr="902" mi="3" ci="0" mb="0" cb="0"/><line nr="903" mi="5" ci="0" mb="0" cb="0"/><line nr="906" mi="1" ci="0" mb="0" cb="0"/><line nr="908" mi="6" ci="0" mb="0" cb="0"/><line nr="913" mi="10" ci="0" mb="2" cb="0"/><line nr="914" mi="7" ci="0" mb="0" cb="0"/><line nr="915" mi="7" ci="0" mb="2" cb="0"/><line nr="920" mi="6" ci="0" mb="0" cb="0"/><line nr="921" mi="7" ci="0" mb="0" cb="0"/><line nr="922" mi="3" ci="0" mb="0" cb="0"/><line nr="923" mi="3" ci="0" mb="0" cb="0"/><line nr="924" mi="6" ci="0" mb="0" cb="0"/><line nr="925" mi="2" ci="0" mb="2" cb="0"/><line nr="930" mi="4" ci="0" mb="0" cb="0"/><line nr="931" mi="2" ci="0" mb="0" cb="0"/><line nr="932" mi="1" ci="0" mb="0" cb="0"/><line nr="933" mi="3" ci="0" mb="0" cb="0"/><line nr="938" mi="3" ci="0" mb="0" cb="0"/><line nr="939" mi="3" ci="0" mb="0" cb="0"/><line nr="940" mi="6" ci="0" mb="0" cb="0"/><line nr="942" mi="1" ci="0" mb="0" cb="0"/><line nr="943" mi="2" ci="0" mb="0" cb="0"/><line nr="944" mi="3" ci="0" mb="0" cb="0"/><line nr="947" mi="1" ci="0" mb="0" cb="0"/><line nr="950" mi="6" ci="0" mb="0" cb="0"/><line nr="953" mi="4" ci="0" mb="2" cb="0"/><line nr="954" mi="5" ci="0" mb="2" cb="0"/><line nr="955" mi="1" ci="0" mb="0" cb="0"/><line nr="957" mi="4" ci="0" mb="2" cb="0"/><line nr="958" mi="5" ci="0" mb="2" cb="0"/><line nr="962" mi="1" ci="0" mb="0" cb="0"/><line nr="964" mi="4" ci="0" mb="2" cb="0"/><line nr="966" mi="3" ci="0" mb="0" cb="0"/><line nr="967" mi="1" ci="0" mb="0" cb="0"/><line nr="969" mi="6" ci="0" mb="2" cb="0"/><line nr="970" mi="8" ci="0" mb="0" cb="0"/><line nr="971" mi="4" ci="0" mb="0" cb="0"/><line nr="972" mi="3" ci="0" mb="2" cb="0"/><line nr="974" mi="1" ci="0" mb="0" cb="0"/><line nr="977" mi="3" ci="0" mb="0" cb="0"/><line nr="978" mi="5" ci="0" mb="0" cb="0"/><line nr="979" mi="6" ci="0" mb="2" cb="0"/><line nr="980" mi="4" ci="0" mb="0" cb="0"/><line nr="981" mi="3" ci="0" mb="2" cb="0"/><line nr="986" mi="6" ci="0" mb="0" cb="0"/><line nr="987" mi="5" ci="0" mb="0" cb="0"/><line nr="988" mi="7" ci="0" mb="2" cb="0"/><line nr="993" mi="3" ci="0" mb="2" cb="0"/><line nr="994" mi="2" ci="0" mb="0" cb="0"/><line nr="995" mi="1" ci="0" mb="0" cb="0"/><line nr="996" mi="4" ci="0" mb="0" cb="0"/><line nr="997" mi="5" ci="0" mb="0" cb="0"/><line nr="998" mi="2" ci="0" mb="0" cb="0"/><line nr="999" mi="4" ci="0" mb="0" cb="0"/><line nr="1000" mi="3" ci="0" mb="0" cb="0"/><line nr="1001" mi="1" ci="0" mb="0" cb="0"/><line nr="1003" mi="4" ci="0" mb="0" cb="0"/><line nr="1004" mi="5" ci="0" mb="0" cb="0"/><line nr="1007" mi="1" ci="0" mb="0" cb="0"/><line nr="1031" mi="4" ci="0" mb="2" cb="0"/><line nr="1032" mi="6" ci="0" mb="0" cb="0"/><line nr="1035" mi="2" ci="0" mb="0" cb="0"/><line nr="1037" mi="7" ci="0" mb="0" cb="0"/><line nr="1038" mi="1" ci="0" mb="0" cb="0"/><line nr="1039" mi="4" ci="0" mb="2" cb="0"/><line nr="1042" mi="6" ci="0" mb="0" cb="0"/><line nr="1043" mi="4" ci="0" mb="0" cb="0"/><line nr="1044" mi="6" ci="0" mb="0" cb="0"/><line nr="1046" mi="4" ci="0" mb="0" cb="0"/><line nr="1051" mi="6" ci="0" mb="2" cb="0"/><line nr="1052" mi="3" ci="0" mb="0" cb="0"/><line nr="1053" mi="4" ci="0" mb="0" cb="0"/><line nr="1054" mi="1" ci="0" mb="0" cb="0"/><line nr="1055" mi="6" ci="0" mb="0" cb="0"/><line nr="1056" mi="2" ci="0" mb="0" cb="0"/><line nr="1057" mi="1" ci="0" mb="0" cb="0"/><line nr="1058" mi="2" ci="0" mb="0" cb="0"/><line nr="1060" mi="6" ci="0" mb="0" cb="0"/><line nr="1061" mi="1" ci="0" mb="0" cb="0"/><line nr="1062" mi="5" ci="0" mb="0" cb="0"/><line nr="1063" mi="1" ci="0" mb="0" cb="0"/><line nr="1087" mi="2" ci="0" mb="2" cb="0"/><line nr="1088" mi="2" ci="0" mb="0" cb="0"/><line nr="1090" mi="2" ci="0" mb="0" cb="0"/><line nr="1092" mi="7" ci="0" mb="0" cb="0"/><line nr="1093" mi="1" ci="0" mb="0" cb="0"/><line nr="1094" mi="4" ci="0" mb="2" cb="0"/><line nr="1095" mi="5" ci="0" mb="2" cb="0"/><line nr="1096" mi="6" ci="0" mb="0" cb="0"/><line nr="1097" mi="2" ci="0" mb="0" cb="0"/><line nr="1099" mi="2" ci="0" mb="0" cb="0"/><line nr="1101" mi="6" ci="0" mb="0" cb="0"/><line nr="1102" mi="2" ci="0" mb="0" cb="0"/><line nr="1103" mi="1" ci="0" mb="0" cb="0"/><line nr="1105" mi="2" ci="0" mb="0" cb="0"/><line nr="1121" mi="4" ci="0" mb="0" cb="0"/><line nr="1122" mi="2" ci="0" mb="2" cb="0"/><line nr="1124" mi="3" ci="0" mb="2" cb="0"/><line nr="1125" mi="9" ci="0" mb="0" cb="0"/><line nr="1126" mi="6" ci="0" mb="0" cb="0"/><line nr="1129" mi="4" ci="0" mb="0" cb="0"/><line nr="1130" mi="3" ci="0" mb="0" cb="0"/><line nr="1131" mi="6" ci="0" mb="0" cb="0"/><line nr="1135" mi="4" ci="0" mb="0" cb="0"/><line nr="1136" mi="2" ci="0" mb="2" cb="0"/><line nr="1137" mi="4" ci="0" mb="0" cb="0"/><line nr="1139" mi="3" ci="0" mb="2" cb="0"/><line nr="1140" mi="9" ci="0" mb="0" cb="0"/><line nr="1141" mi="6" ci="0" mb="0" cb="0"/><line nr="1143" mi="3" ci="0" mb="0" cb="0"/><line nr="1144" mi="6" ci="0" mb="0" cb="0"/><line nr="1148" mi="6" ci="0" mb="0" cb="0"/><line nr="1153" mi="7" ci="0" mb="0" cb="0"/><line nr="1154" mi="1" ci="0" mb="0" cb="0"/><line nr="1159" mi="2" ci="0" mb="2" cb="0"/><line nr="1160" mi="1" ci="0" mb="0" cb="0"/><line nr="1162" mi="5" ci="0" mb="2" cb="0"/><line nr="1164" mi="4" ci="0" mb="0" cb="0"/><line nr="1165" mi="5" ci="0" mb="2" cb="0"/><line nr="1166" mi="8" ci="0" mb="0" cb="0"/><line nr="1167" mi="4" ci="0" mb="0" cb="0"/><line nr="1168" mi="5" ci="0" mb="2" cb="0"/><line nr="1169" mi="4" ci="0" mb="0" cb="0"/><line nr="1170" mi="5" ci="0" mb="0" cb="0"/><line nr="1171" mi="4" ci="0" mb="0" cb="0"/><line nr="1174" mi="1" ci="0" mb="0" cb="0"/><line nr="1178" mi="1" ci="0" mb="0" cb="0"/><line nr="1183" mi="2" ci="0" mb="2" cb="0"/><line nr="1184" mi="1" ci="0" mb="0" cb="0"/><line nr="1186" mi="2" ci="0" mb="0" cb="0"/><line nr="1187" mi="5" ci="0" mb="4" cb="0"/><line nr="1189" mi="2" ci="0" mb="0" cb="0"/><line nr="1190" mi="1" ci="0" mb="0" cb="0"/><line nr="1192" mi="1" ci="0" mb="0" cb="0"/><line nr="1194" mi="5" ci="0" mb="0" cb="0"/><line nr="1195" mi="6" ci="0" mb="4" cb="0"/><line nr="1196" mi="2" ci="0" mb="0" cb="0"/><line nr="1198" mi="1" ci="0" mb="0" cb="0"/><line nr="1200" mi="1" ci="0" mb="0" cb="0"/><line nr="1203" mi="2" ci="0" mb="2" cb="0"/><line nr="1204" mi="3" ci="0" mb="0" cb="0"/><line nr="1205" mi="1" ci="0" mb="0" cb="0"/><line nr="1206" mi="3" ci="0" mb="0" cb="0"/><line nr="1208" mi="1" ci="0" mb="0" cb="0"/><line nr="1214" mi="3" ci="0" mb="0" cb="0"/><line nr="1215" mi="2" ci="0" mb="2" cb="0"/><line nr="1216" mi="6" ci="0" mb="0" cb="0"/><line nr="1218" mi="4" ci="0" mb="0" cb="0"/><line nr="1219" mi="3" ci="0" mb="0" cb="0"/><line nr="1220" mi="3" ci="0" mb="0" cb="0"/><line nr="1221" mi="1" ci="0" mb="0" cb="0"/><line nr="1222" mi="4" ci="0" mb="0" cb="0"/><line nr="1223" mi="6" ci="0" mb="0" cb="0"/><line nr="1231" mi="3" ci="0" mb="0" cb="0"/><line nr="1232" mi="4" ci="0" mb="0" cb="0"/><line nr="1233" mi="1" ci="0" mb="0" cb="0"/><line nr="1234" mi="4" ci="0" mb="0" cb="0"/><line nr="1235" mi="6" ci="0" mb="0" cb="0"/><line nr="1242" mi="4" ci="0" mb="0" cb="0"/><line nr="1244" mi="9" ci="0" mb="2" cb="0"/><line nr="1245" mi="6" ci="0" mb="0" cb="0"/><line nr="1246" mi="3" ci="0" mb="0" cb="0"/><line nr="1247" mi="3" ci="0" mb="0" cb="0"/><line nr="1248" mi="5" ci="0" mb="0" cb="0"/><line nr="1250" mi="6" ci="0" mb="0" cb="0"/><line nr="1251" mi="2" ci="0" mb="2" cb="0"/><line nr="1252" mi="5" ci="0" mb="0" cb="0"/><line nr="1253" mi="3" ci="0" mb="0" cb="0"/><line nr="1254" mi="4" ci="0" mb="0" cb="0"/><line nr="1256" mi="1" ci="0" mb="0" cb="0"/><line nr="1259" mi="4" ci="0" mb="0" cb="0"/><line nr="1261" mi="13" ci="0" mb="2" cb="0"/><line nr="1262" mi="4" ci="0" mb="0" cb="0"/><line nr="1263" mi="5" ci="0" mb="2" cb="0"/><line nr="1264" mi="2" ci="0" mb="0" cb="0"/><line nr="1265" mi="1" ci="0" mb="0" cb="0"/><line nr="1266" mi="1" ci="0" mb="0" cb="0"/><line nr="1267" mi="5" ci="0" mb="0" cb="0"/><line nr="1268" mi="4" ci="0" mb="0" cb="0"/><line nr="1271" mi="1" ci="0" mb="0" cb="0"/><line nr="1274" mi="3" ci="0" mb="0" cb="0"/><line nr="1275" mi="3" ci="0" mb="0" cb="0"/><line nr="1276" mi="1" ci="0" mb="0" cb="0"/><line nr="1279" mi="4" ci="0" mb="2" cb="0"/><line nr="1280" mi="3" ci="0" mb="0" cb="0"/><line nr="1281" mi="3" ci="0" mb="0" cb="0"/><line nr="1283" mi="1" ci="0" mb="0" cb="0"/><line nr="1286" mi="3" ci="0" mb="0" cb="0"/><line nr="1287" mi="3" ci="0" mb="0" cb="0"/><line nr="1288" mi="1" ci="0" mb="0" cb="0"/><line nr="1291" mi="4" ci="0" mb="2" cb="0"/><line nr="1292" mi="3" ci="0" mb="0" cb="0"/><line nr="1293" mi="3" ci="0" mb="0" cb="0"/><line nr="1295" mi="1" ci="0" mb="0" cb="0"/><line nr="1298" mi="3" ci="0" mb="2" cb="0"/><line nr="1299" mi="3" ci="0" mb="0" cb="0"/><line nr="1300" mi="3" ci="0" mb="0" cb="0"/><line nr="1309" mi="3" ci="0" mb="0" cb="0"/><line nr="1310" mi="2" ci="0" mb="2" cb="0"/><line nr="1311" mi="6" ci="0" mb="0" cb="0"/><line nr="1312" mi="5" ci="0" mb="0" cb="0"/><line nr="1313" mi="1" ci="0" mb="0" cb="0"/><line nr="1315" mi="3" ci="0" mb="0" cb="0"/><line nr="1317" mi="2" ci="0" mb="0" cb="0"/><line nr="1318" mi="1" ci="0" mb="0" cb="0"/><line nr="1327" mi="2" ci="0" mb="0" cb="0"/><line nr="1328" mi="1" ci="0" mb="0" cb="0"/><line nr="1336" mi="1" ci="0" mb="0" cb="0"/><line nr="1345" mi="1" ci="0" mb="0" cb="0"/><line nr="1351" mi="1" ci="0" mb="0" cb="0"/><line nr="1357" mi="1" ci="0" mb="0" cb="0"/><counter type="INSTRUCTION" missed="2253" covered="0"/><counter type="BRANCH" missed="235" covered="0"/><counter type="LINE" missed="638" covered="0"/><counter type="COMPLEXITY" missed="196" covered="0"/><counter type="METHOD" missed="77" covered="0"/><counter type="CLASS" missed="5" covered="0"/></sourcefile><sourcefile name="Activator.java"><line nr="26" mi="3" ci="0" mb="0" cb="0"/><line nr="27" mi="1" ci="0" mb="0" cb="0"/><line nr="28" mi="3" ci="0" mb="0" cb="0"/><line nr="36" mi="1" ci="0" mb="0" cb="0"/><line nr="44" mi="1" ci="0" mb="0" cb="0"/><line nr="56" mi="7" ci="0" mb="0" cb="0"/><line nr="57" mi="2" ci="0" mb="0" cb="0"/><line nr="76" mi="4" ci="0" mb="2" cb="0"/><line nr="78" mi="3" ci="0" mb="0" cb="0"/><line nr="79" mi="9" ci="0" mb="0" cb="0"/><line nr="80" mi="5" ci="0" mb="0" cb="0"/><line nr="81" mi="5" ci="0" mb="0" cb="0"/><line nr="82" mi="5" ci="0" mb="0" cb="0"/><line nr="83" mi="4" ci="0" mb="0" cb="0"/><line nr="85" mi="6" ci="0" mb="0" cb="0"/><line nr="86" mi="2" ci="0" mb="0" cb="0"/><line nr="87" mi="3" ci="0" mb="0" cb="0"/><line nr="88" mi="2" ci="0" mb="0" cb="0"/><line nr="89" mi="6" ci="0" mb="0" cb="0"/><line nr="90" mi="2" ci="0" mb="0" cb="0"/><line nr="91" mi="2" ci="0" mb="0" cb="0"/><line nr="92" mi="3" ci="0" mb="0" cb="0"/><line nr="93" mi="6" ci="0" mb="0" cb="0"/><line nr="94" mi="2" ci="0" mb="0" cb="0"/><line nr="95" mi="3" ci="0" mb="0" cb="0"/><line nr="96" mi="2" ci="0" mb="0" cb="0"/><line nr="97" mi="6" ci="0" mb="0" cb="0"/><line nr="98" mi="2" ci="0" mb="0" cb="0"/><line nr="99" mi="3" ci="0" mb="0" cb="0"/><line nr="100" mi="2" ci="0" mb="0" cb="0"/><line nr="101" mi="6" ci="0" mb="0" cb="0"/><line nr="102" mi="2" ci="0" mb="0" cb="0"/><line nr="103" mi="3" ci="0" mb="0" cb="0"/><line nr="104" mi="2" ci="0" mb="0" cb="0"/><line nr="106" mi="1" ci="0" mb="0" cb="0"/><line nr="121" mi="2" ci="0" mb="0" cb="0"/><line nr="136" mi="4" ci="0" mb="0" cb="0"/><line nr="138" mi="1" ci="0" mb="0" cb="0"/><counter type="INSTRUCTION" missed="126" covered="0"/><counter type="BRANCH" missed="2" covered="0"/><counter type="LINE" missed="38" covered="0"/><counter type="COMPLEXITY" missed="9" covered="0"/><counter type="METHOD" missed="8" covered="0"/><counter type="CLASS" missed="1" covered="0"/></sourcefile><sourcefile name="HostTrackerCallable.java"><line nr="33" mi="2" ci="0" mb="0" cb="0"/><line nr="34" mi="3" ci="0" mb="0" cb="0"/><line nr="35" mi="3" ci="0" mb="0" cb="0"/><line nr="36" mi="6" ci="0" mb="0" cb="0"/><line nr="37" mi="1" ci="0" mb="0" cb="0"/><line nr="41" mi="6" ci="0" mb="0" cb="0"/><line nr="42" mi="2" ci="0" mb="2" cb="0"/><line nr="43" mi="2" ci="0" mb="0" cb="0"/><line nr="44" mi="6" ci="0" mb="0" cb="0"/><line nr="45" mi="3" ci="0" mb="0" cb="0"/><line nr="46" mi="6" ci="0" mb="0" cb="0"/><line nr="50" mi="3" ci="0" mb="0" cb="0"/><line nr="51" mi="1" ci="0" mb="0" cb="0"/><counter type="INSTRUCTION" missed="44" covered="0"/><counter type="BRANCH" missed="2" covered="0"/><counter type="LINE" missed="13" covered="0"/><counter type="COMPLEXITY" missed="4" covered="0"/><counter type="METHOD" missed="3" covered="0"/><counter type="CLASS" missed="1" covered="0"/></sourcefile><counter type="INSTRUCTION" missed="2423" covered="0"/><counter type="BRANCH" missed="239" covered="0"/><counter type="LINE" missed="689" covered="0"/><counter type="COMPLEXITY" missed="209" covered="0"/><counter type="METHOD" missed="88" covered="0"/><counter type="CLASS" missed="7" covered="0"/></package><counter type="INSTRUCTION" missed="2423" covered="0"/><counter type="BRANCH" missed="239" covered="0"/><counter type="LINE" missed="689" covered="0"/><counter type="COMPLEXITY" missed="209" covered="0"/><counter type="METHOD" missed="88" covered="0"/><counter type="CLASS" missed="7" covered="0"/></report>