-------------------------------------------------------------------------------
Test set: org.opendaylight.controller.northbound.integrationtest.NorthboundIT
-------------------------------------------------------------------------------
Tests run: 6, Failures: 0, Errors: 2, Skipped: 0, Time elapsed: 82.469 sec <<< FAILURE! - in org.opendaylight.controller.northbound.integrationtest.NorthboundIT
testFlowProgrammer(org.opendaylight.controller.northbound.integrationtest.NorthboundIT)  Time elapsed: 12.427 sec  <<< ERROR!
java.lang.OutOfMemoryError: PermGen space

testSubnetsNorthbound(org.opendaylight.controller.northbound.integrationtest.NorthboundIT)  Time elapsed: 19.457 sec  <<< ERROR!
org.ops4j.pax.swissbox.tracker.ServiceLookupException: gave up waiting for service org.ops4j.pax.exam.ProbeInvoker
	at org.ops4j.pax.swissbox.tracker.ServiceLookup.getService(ServiceLookup.java:161)
	at org.ops4j.pax.swissbox.tracker.ServiceLookup.getService(ServiceLookup.java:104)
	at org.ops4j.pax.swissbox.tracker.ServiceLookup.getService(ServiceLookup.java:87)
	at org.ops4j.pax.exam.nat.internal.NativeTestContainer.call(NativeTestContainer.java:103)
	at org.ops4j.pax.exam.spi.reactors.AllConfinedStagedReactor.invoke(AllConfinedStagedReactor.java:84)
	at org.ops4j.pax.exam.junit.PaxExam$2.evaluate(PaxExam.java:293)
	at org.junit.runners.ParentRunner.runLeaf(ParentRunner.java:271)
	at org.junit.runners.BlockJUnit4ClassRunner.runChild(BlockJUnit4ClassRunner.java:70)
	at org.junit.runners.BlockJUnit4ClassRunner.runChild(BlockJUnit4ClassRunner.java:50)
	at org.junit.runners.ParentRunner$3.run(ParentRunner.java:238)
	at org.junit.runners.ParentRunner$1.schedule(ParentRunner.java:63)
	at org.junit.runners.ParentRunner.runChildren(ParentRunner.java:236)
	at org.junit.runners.ParentRunner.access$000(ParentRunner.java:53)
	at org.junit.runners.ParentRunner$2.evaluate(ParentRunner.java:229)
	at org.junit.runners.ParentRunner.run(ParentRunner.java:309)
	at org.ops4j.pax.exam.junit.PaxExam.run(PaxExam.java:111)
	at org.apache.maven.surefire.junit4.JUnit4Provider.execute(JUnit4Provider.java:264)
	at org.apache.maven.surefire.junit4.JUnit4Provider.executeTestSet(JUnit4Provider.java:153)
	at org.apache.maven.surefire.junit4.JUnit4Provider.invoke(JUnit4Provider.java:124)
	at org.apache.maven.surefire.booter.ForkedBooter.invokeProviderInSameClassLoader(ForkedBooter.java:200)
	at org.apache.maven.surefire.booter.ForkedBooter.runSuitesInProcess(ForkedBooter.java:153)
	at org.apache.maven.surefire.booter.ForkedBooter.main(ForkedBooter.java:103)

