<?xml version="1.0" encoding="UTF-8"?>
<testsuite name="org.opendaylight.controller.northbound.integrationtest.NorthboundIT" time="82.401" tests="6" errors="2" skipped="0" failures="0">
  <properties>
[...]
</properties>
  <testcase name="testStatistics" classname="org.opendaylight.controller.northbound.integrationtest.NorthboundIT" time="11.636"/>
  <testcase name="testSwitchManager" classname="org.opendaylight.controller.northbound.integrationtest.NorthboundIT" time="9.824"/>
  <testcase name="testHostTracker" classname="org.opendaylight.controller.northbound.integrationtest.NorthboundIT" time="19.35"/>
  <testcase name="testStaticRoutingNorthbound" classname="org.opendaylight.controller.northbound.integrationtest.NorthboundIT" time="9.707"/>
  <testcase name="testFlowProgrammer" classname="org.opendaylight.controller.northbound.integrationtest.NorthboundIT" time="12.427">
    <error message="PermGen space" type="java.lang.OutOfMemoryError">java.lang.OutOfMemoryError: PermGen space
</error>
    <system-out>GossipRouter started at Fri Jul 05 09:27:49 PDT 2013
Listening on port 12001 bound on address 0.0.0.0/0.0.0.0
Backlog is 1000, linger timeout is 2000, and read timeout is 0
09:27:51.346 [Start Level Event Dispatcher] ERROR o.o.c.c.s.internal.ClusterManager - Cannot configure infinispan .. bailing out 
09:27:51.348 [Start Level Event Dispatcher] ERROR o.o.c.c.s.internal.ClusterManager - Stack Trace that raised th exception
</system-out>
  </testcase>
  <testcase name="testSubnetsNorthbound" classname="org.opendaylight.controller.northbound.integrationtest.NorthboundIT" time="19.457">
    <error message="gave up waiting for service org.ops4j.pax.exam.ProbeInvoker" type="org.ops4j.pax.swissbox.tracker.ServiceLookupException">org.ops4j.pax.swissbox.tracker.ServiceLookupException: gave up waiting for service org.ops4j.pax.exam.ProbeInvoker
	at org.ops4j.pax.swissbox.tracker.ServiceLookup.getService(ServiceLookup.java:161)
	at org.ops4j.pax.swissbox.tracker.ServiceLookup.getService(ServiceLookup.java:104)
	at org.ops4j.pax.swissbox.tracker.ServiceLookup.getService(ServiceLookup.java:87)
	at org.ops4j.pax.exam.nat.internal.NativeTestContainer.call(NativeTestContainer.java:103)
	at org.ops4j.pax.exam.spi.reactors.AllConfinedStagedReactor.invoke(AllConfinedStagedReactor.java:84)
	at org.ops4j.pax.exam.junit.PaxExam$2.evaluate(PaxExam.java:293)
	at org.junit.runners.ParentRunner.runLeaf(ParentRunner.java:271)
	at org.junit.runners.BlockJUnit4ClassRunner.runChild(BlockJUnit4ClassRunner.java:70)
	at org.junit.runners.BlockJUnit4ClassRunner.runChild(BlockJUnit4ClassRunner.java:50)
	at org.junit.runners.ParentRunner$3.run(ParentRunner.java:238)
	at org.junit.runners.ParentRunner$1.schedule(ParentRunner.java:63)
	at org.junit.runners.ParentRunner.runChildren(ParentRunner.java:236)
	at org.junit.runners.ParentRunner.access$000(ParentRunner.java:53)
	at org.junit.runners.ParentRunner$2.evaluate(ParentRunner.java:229)
	at org.junit.runners.ParentRunner.run(ParentRunner.java:309)
	at org.ops4j.pax.exam.junit.PaxExam.run(PaxExam.java:111)
	at org.apache.maven.surefire.junit4.JUnit4Provider.execute(JUnit4Provider.java:264)
	at org.apache.maven.surefire.junit4.JUnit4Provider.executeTestSet(JUnit4Provider.java:153)
	at org.apache.maven.surefire.junit4.JUnit4Provider.invoke(JUnit4Provider.java:124)
	at org.apache.maven.surefire.booter.ForkedBooter.invokeProviderInSameClassLoader(ForkedBooter.java:200)
	at org.apache.maven.surefire.booter.ForkedBooter.runSuitesInProcess(ForkedBooter.java:153)
	at org.apache.maven.surefire.booter.ForkedBooter.main(ForkedBooter.java:103)
</error>
  </testcase>
</testsuite>