<?xml version="1.0" encoding="UTF-8" standalone="yes"?><!DOCTYPE report PUBLIC "-//JACOCO//DTD Report 1.0//EN" "report.dtd"><report name="switchmanager.implementation"><sessioninfo id="ubuntu-1b283470" start="1374875913752" dump="1374875914444"/><package name="org/opendaylight/controller/switchmanager/internal"><class name="org/opendaylight/controller/switchmanager/internal/Activator"><method name="&lt;clinit&gt;" desc="()V" line="37"><counter type="INSTRUCTION" missed="4" covered="0"/><counter type="LINE" missed="2" covered="0"/><counter type="COMPLEXITY" missed="1" covered="0"/><counter type="METHOD" missed="1" covered="0"/></method><method name="&lt;init&gt;" desc="()V" line="36"><counter type="INSTRUCTION" missed="3" covered="0"/><counter type="LINE" missed="1" covered="0"/><counter type="COMPLEXITY" missed="1" covered="0"/><counter type="METHOD" missed="1" covered="0"/></method><method name="init" desc="()V" line="48"><counter type="INSTRUCTION" missed="1" covered="0"/><counter type="LINE" missed="1" covered="0"/><counter type="COMPLEXITY" missed="1" covered="0"/><counter type="METHOD" missed="1" covered="0"/></method><method name="destroy" desc="()V" line="57"><counter type="INSTRUCTION" missed="1" covered="0"/><counter type="LINE" missed="1" covered="0"/><counter type="COMPLEXITY" missed="1" covered="0"/><counter type="METHOD" missed="1" covered="0"/></method><method name="getImplementations" desc="()[Ljava/lang/Object;" line="69"><counter type="INSTRUCTION" missed="9" covered="0"/><counter type="LINE" missed="2" covered="0"/><counter type="COMPLEXITY" missed="1" covered="0"/><counter type="METHOD" missed="1" covered="0"/></method><method name="configureInstance" desc="(Lorg/apache/felix/dm/Component;Ljava/lang/Object;Ljava/lang/String;)V" line="87"><counter type="INSTRUCTION" missed="113" covered="0"/><counter type="BRANCH" missed="2" covered="0"/><counter type="LINE" missed="30" covered="0"/><counter type="COMPLEXITY" missed="2" covered="0"/><counter type="METHOD" missed="1" covered="0"/></method><counter type="INSTRUCTION" missed="131" covered="0"/><counter type="BRANCH" missed="2" covered="0"/><counter type="LINE" missed="37" covered="0"/><counter type="COMPLEXITY" missed="7" covered="0"/><counter type="METHOD" missed="6" covered="0"/><counter type="CLASS" missed="1" covered="0"/></class><class name="org/opendaylight/controller/switchmanager/internal/SwitchManagerImpl"><method name="&lt;clinit&gt;" desc="()V" line="89"><counter type="INSTRUCTION" missed="9" covered="0"/><counter type="LINE" missed="4" covered="0"/><counter type="COMPLEXITY" missed="1" covered="0"/><counter type="METHOD" missed="1" covered="0"/></method><method name="&lt;init&gt;" desc="()V" line="85"><counter type="INSTRUCTION" missed="47" covered="0"/><counter type="LINE" missed="14" covered="0"/><counter type="COMPLEXITY" missed="1" covered="0"/><counter type="METHOD" missed="1" covered="0"/></method><method name="notifySubnetChange" desc="(Lorg/opendaylight/controller/switchmanager/Subnet;Z)V" line="136"><counter type="INSTRUCTION" missed="38" covered="0"/><counter type="BRANCH" missed="2" covered="0"/><counter type="LINE" missed="7" covered="0"/><counter type="COMPLEXITY" missed="2" covered="0"/><counter type="METHOD" missed="1" covered="0"/></method><method name="notifySpanPortChange" desc="(Lorg/opendaylight/controller/sal/core/Node;Ljava/util/List;Z)V" line="150"><counter type="INSTRUCTION" missed="39" covered="0"/><counter type="BRANCH" missed="2" covered="0"/><counter type="LINE" missed="7" covered="0"/><counter type="COMPLEXITY" missed="2" covered="0"/><counter type="METHOD" missed="1" covered="0"/></method><method name="notifyModeChange" desc="(Lorg/opendaylight/controller/sal/core/Node;Z)V" line="163"><counter type="INSTRUCTION" missed="38" covered="0"/><counter type="BRANCH" missed="2" covered="0"/><counter type="LINE" missed="7" covered="0"/><counter type="COMPLEXITY" missed="2" covered="0"/><counter type="METHOD" missed="1" covered="0"/></method><method name="startUp" desc="()V" line="177"><counter type="INSTRUCTION" missed="72" covered="0"/><counter type="BRANCH" missed="6" covered="0"/><counter type="LINE" missed="14" covered="0"/><counter type="COMPLEXITY" missed="4" covered="0"/><counter type="METHOD" missed="1" covered="0"/></method><method name="shutDown" desc="()V" line="204"><counter type="INSTRUCTION" missed="5" covered="0"/><counter type="LINE" missed="2" covered="0"/><counter type="COMPLEXITY" missed="1" covered="0"/><counter type="METHOD" missed="1" covered="0"/></method><method name="allocateCaches" desc="()V" line="209"><counter type="INSTRUCTION" missed="76" covered="0"/><counter type="BRANCH" missed="2" covered="0"/><counter type="LINE" missed="28" covered="0"/><counter type="COMPLEXITY" missed="2" covered="0"/><counter type="METHOD" missed="1" covered="0"/></method><method name="retrieveCaches" desc="()V" line="244"><counter type="INSTRUCTION" missed="104" covered="0"/><counter type="BRANCH" missed="18" covered="0"/><counter type="LINE" missed="36" covered="0"/><counter type="COMPLEXITY" missed="10" covered="0"/><counter type="METHOD" missed="1" covered="0"/></method><method name="nonClusterObjectCreate" desc="()V" line="299"><counter type="INSTRUCTION" missed="41" covered="0"/><counter type="LINE" missed="9" covered="0"/><counter type="COMPLEXITY" missed="1" covered="0"/><counter type="METHOD" missed="1" covered="0"/></method><method name="destroyCaches" desc="(Ljava/lang/String;)V" line="311"><counter type="INSTRUCTION" missed="42" covered="0"/><counter type="BRANCH" missed="2" covered="0"/><counter type="LINE" missed="15" covered="0"/><counter type="COMPLEXITY" missed="2" covered="0"/><counter type="METHOD" missed="1" covered="0"/></method><method name="getSubnetsConfigList" desc="()Ljava/util/List;" line="331"><counter type="INSTRUCTION" missed="7" covered="0"/><counter type="LINE" missed="1" covered="0"/><counter type="COMPLEXITY" missed="1" covered="0"/><counter type="METHOD" missed="1" covered="0"/></method><method name="getSubnetConfig" desc="(Ljava/lang/String;)Lorg/opendaylight/controller/switchmanager/SubnetConfig;" line="336"><counter type="INSTRUCTION" missed="6" covered="0"/><counter type="LINE" missed="1" covered="0"/><counter type="COMPLEXITY" missed="1" covered="0"/><counter type="METHOD" missed="1" covered="0"/></method><method name="getSpanConfigList" desc="(Lorg/opendaylight/controller/sal/core/Node;)Ljava/util/List;" line="340"><counter type="INSTRUCTION" missed="30" covered="0"/><counter type="BRANCH" missed="4" covered="0"/><counter type="LINE" missed="6" covered="0"/><counter type="COMPLEXITY" missed="3" covered="0"/><counter type="METHOD" missed="1" covered="0"/></method><method name="getNodeConfigList" desc="()Ljava/util/List;" line="351"><counter type="INSTRUCTION" missed="7" covered="0"/><counter type="LINE" missed="1" covered="0"/><counter type="COMPLEXITY" missed="1" covered="0"/><counter type="METHOD" missed="1" covered="0"/></method><method name="getSwitchConfig" desc="(Ljava/lang/String;)Lorg/opendaylight/controller/switchmanager/SwitchConfig;" line="356"><counter type="INSTRUCTION" missed="6" covered="0"/><counter type="LINE" missed="1" covered="0"/><counter type="COMPLEXITY" missed="1" covered="0"/><counter type="METHOD" missed="1" covered="0"/></method><method name="getSwitchByNode" desc="(Lorg/opendaylight/controller/sal/core/Node;)Lorg/opendaylight/controller/switchmanager/Switch;" line="360"><counter type="INSTRUCTION" missed="56" covered="0"/><counter type="BRANCH" missed="6" covered="0"/><counter type="LINE" missed="14" covered="0"/><counter type="COMPLEXITY" missed="4" covered="0"/><counter type="METHOD" missed="1" covered="0"/></method><method name="getNetworkDevices" desc="()Ljava/util/List;" line="383"><counter type="INSTRUCTION" missed="28" covered="0"/><counter type="BRANCH" missed="4" covered="0"/><counter type="LINE" missed="6" covered="0"/><counter type="COMPLEXITY" missed="3" covered="0"/><counter type="METHOD" missed="1" covered="0"/></method><method name="updateConfig" desc="(Lorg/opendaylight/controller/switchmanager/SubnetConfig;Z)V" line="395"><counter type="INSTRUCTION" missed="17" covered="0"/><counter type="BRANCH" missed="2" covered="0"/><counter type="LINE" missed="5" covered="0"/><counter type="COMPLEXITY" missed="2" covered="0"/><counter type="METHOD" missed="1" covered="0"/></method><method name="updateDatabase" desc="(Lorg/opendaylight/controller/switchmanager/SubnetConfig;Z)V" line="403"><counter type="INSTRUCTION" missed="43" covered="0"/><counter type="BRANCH" missed="8" covered="0"/><counter type="LINE" missed="13" covered="0"/><counter type="COMPLEXITY" missed="5" covered="0"/><counter type="METHOD" missed="1" covered="0"/></method><method name="semanticCheck" desc="(Lorg/opendaylight/controller/switchmanager/SubnetConfig;)Lorg/opendaylight/controller/sal/utils/Status;" line="424"><counter type="INSTRUCTION" missed="52" covered="0"/><counter type="BRANCH" missed="8" covered="0"/><counter type="LINE" missed="10" covered="0"/><counter type="COMPLEXITY" missed="5" covered="0"/><counter type="METHOD" missed="1" covered="0"/></method><method name="addRemoveSubnet" desc="(Lorg/opendaylight/controller/switchmanager/SubnetConfig;Z)Lorg/opendaylight/controller/sal/utils/Status;" line="441"><counter type="INSTRUCTION" missed="51" covered="0"/><counter type="BRANCH" missed="8" covered="0"/><counter type="LINE" missed="14" covered="0"/><counter type="COMPLEXITY" missed="5" covered="0"/><counter type="METHOD" missed="1" covered="0"/></method><method name="addSubnet" desc="(Lorg/opendaylight/controller/switchmanager/SubnetConfig;)Lorg/opendaylight/controller/sal/utils/Status;" line="473"><counter type="INSTRUCTION" missed="5" covered="0"/><counter type="LINE" missed="1" covered="0"/><counter type="COMPLEXITY" missed="1" covered="0"/><counter type="METHOD" missed="1" covered="0"/></method><method name="removeSubnet" desc="(Lorg/opendaylight/controller/switchmanager/SubnetConfig;)Lorg/opendaylight/controller/sal/utils/Status;" line="478"><counter type="INSTRUCTION" missed="5" covered="0"/><counter type="LINE" missed="1" covered="0"/><counter type="COMPLEXITY" missed="1" covered="0"/><counter type="METHOD" missed="1" covered="0"/></method><method name="removeSubnet" desc="(Ljava/lang/String;)Lorg/opendaylight/controller/sal/utils/Status;" line="483"><counter type="INSTRUCTION" missed="19" covered="0"/><counter type="BRANCH" missed="2" covered="0"/><counter type="LINE" missed="4" covered="0"/><counter type="COMPLEXITY" missed="2" covered="0"/><counter type="METHOD" missed="1" covered="0"/></method><method name="addPortsToSubnet" desc="(Ljava/lang/String;Ljava/lang/String;)Lorg/opendaylight/controller/sal/utils/Status;" line="493"><counter type="INSTRUCTION" missed="47" covered="0"/><counter type="BRANCH" missed="4" covered="0"/><counter type="LINE" missed="10" covered="0"/><counter type="COMPLEXITY" missed="3" covered="0"/><counter type="METHOD" missed="1" covered="0"/></method><method name="removePortsFromSubnet" desc="(Ljava/lang/String;Ljava/lang/String;)Lorg/opendaylight/controller/sal/utils/Status;" line="513"><counter type="INSTRUCTION" missed="37" covered="0"/><counter type="BRANCH" missed="2" covered="0"/><counter type="LINE" missed="8" covered="0"/><counter type="COMPLEXITY" missed="2" covered="0"/><counter type="METHOD" missed="1" covered="0"/></method><method name="getContainerName" desc="()Ljava/lang/String;" line="527"><counter type="INSTRUCTION" missed="9" covered="0"/><counter type="BRANCH" missed="2" covered="0"/><counter type="LINE" missed="3" covered="0"/><counter type="COMPLEXITY" missed="2" covered="0"/><counter type="METHOD" missed="1" covered="0"/></method><method name="getSubnetByNetworkAddress" desc="(Ljava/net/InetAddress;)Lorg/opendaylight/controller/switchmanager/Subnet;" line="536"><counter type="INSTRUCTION" missed="29" covered="0"/><counter type="BRANCH" missed="4" covered="0"/><counter type="LINE" missed="6" covered="0"/><counter type="COMPLEXITY" missed="3" covered="0"/><counter type="METHOD" missed="1" covered="0"/></method><method name="readObject" desc="(Ljava/io/ObjectInputStream;)Ljava/lang/Object;" line="551"><counter type="INSTRUCTION" missed="3" covered="0"/><counter type="LINE" missed="1" covered="0"/><counter type="COMPLEXITY" missed="1" covered="0"/><counter type="METHOD" missed="1" covered="0"/></method><method name="loadSubnetConfiguration" desc="()V" line="556"><counter type="INSTRUCTION" missed="31" covered="0"/><counter type="BRANCH" missed="4" covered="0"/><counter type="LINE" missed="8" covered="0"/><counter type="COMPLEXITY" missed="3" covered="0"/><counter type="METHOD" missed="1" covered="0"/></method><method name="loadSpanConfiguration" desc="()V" line="571"><counter type="INSTRUCTION" missed="31" covered="0"/><counter type="BRANCH" missed="4" covered="0"/><counter type="LINE" missed="8" covered="0"/><counter type="COMPLEXITY" missed="3" covered="0"/><counter type="METHOD" missed="1" covered="0"/></method><method name="loadSwitchConfiguration" desc="()V" line="586"><counter type="INSTRUCTION" missed="30" covered="0"/><counter type="BRANCH" missed="4" covered="0"/><counter type="LINE" missed="8" covered="0"/><counter type="COMPLEXITY" missed="3" covered="0"/><counter type="METHOD" missed="1" covered="0"/></method><method name="updateSwitchConfig" desc="(Lorg/opendaylight/controller/switchmanager/SwitchConfig;)V" line="601"><counter type="INSTRUCTION" missed="102" covered="0"/><counter type="BRANCH" missed="10" covered="0"/><counter type="LINE" missed="24" covered="0"/><counter type="COMPLEXITY" missed="6" covered="0"/><counter type="METHOD" missed="1" covered="0"/></method><method name="saveSwitchConfig" desc="()Lorg/opendaylight/controller/sal/utils/Status;" line="641"><counter type="INSTRUCTION" missed="13" covered="0"/><counter type="LINE" missed="2" covered="0"/><counter type="COMPLEXITY" missed="1" covered="0"/><counter type="METHOD" missed="1" covered="0"/></method><method name="saveSwitchConfigInternal" desc="()Lorg/opendaylight/controller/sal/utils/Status;" line="646"><counter type="INSTRUCTION" missed="59" covered="0"/><counter type="BRANCH" missed="4" covered="0"/><counter type="LINE" missed="13" covered="0"/><counter type="COMPLEXITY" missed="3" covered="0"/><counter type="METHOD" missed="1" covered="0"/></method><method name="getSpanConfigList" desc="()Ljava/util/List;" line="669"><counter type="INSTRUCTION" missed="7" covered="0"/><counter type="LINE" missed="1" covered="0"/><counter type="COMPLEXITY" missed="1" covered="0"/><counter type="METHOD" missed="1" covered="0"/></method><method name="addSpanConfig" desc="(Lorg/opendaylight/controller/switchmanager/SpanConfig;)Lorg/opendaylight/controller/sal/utils/Status;" line="675"><counter type="INSTRUCTION" missed="47" covered="0"/><counter type="BRANCH" missed="4" covered="0"/><counter type="LINE" missed="9" covered="0"/><counter type="COMPLEXITY" missed="3" covered="0"/><counter type="METHOD" missed="1" covered="0"/></method><method name="removeSpanConfig" desc="(Lorg/opendaylight/controller/switchmanager/SpanConfig;)Lorg/opendaylight/controller/sal/utils/Status;" line="697"><counter type="INSTRUCTION" missed="19" covered="0"/><counter type="LINE" missed="3" covered="0"/><counter type="COMPLEXITY" missed="1" covered="0"/><counter type="METHOD" missed="1" covered="0"/></method><method name="getSpanPorts" desc="(Lorg/opendaylight/controller/sal/core/Node;)Ljava/util/List;" line="707"><counter type="INSTRUCTION" missed="27" covered="0"/><counter type="BRANCH" missed="4" covered="0"/><counter type="LINE" missed="5" covered="0"/><counter type="COMPLEXITY" missed="3" covered="0"/><counter type="METHOD" missed="1" covered="0"/></method><method name="entryCreated" desc="(Ljava/lang/Long;Ljava/lang/String;Z)V" line="719"><counter type="INSTRUCTION" missed="1" covered="0"/><counter type="LINE" missed="1" covered="0"/><counter type="COMPLEXITY" missed="1" covered="0"/><counter type="METHOD" missed="1" covered="0"/></method><method name="entryUpdated" desc="(Ljava/lang/Long;Ljava/lang/String;Ljava/lang/String;Z)V" line="724"><counter type="INSTRUCTION" missed="4" covered="0"/><counter type="LINE" missed="2" covered="0"/><counter type="COMPLEXITY" missed="1" covered="0"/><counter type="METHOD" missed="1" covered="0"/></method><method name="entryDeleted" desc="(Ljava/lang/Long;Ljava/lang/String;Z)V" line="729"><counter type="INSTRUCTION" missed="1" covered="0"/><counter type="LINE" missed="1" covered="0"/><counter type="COMPLEXITY" missed="1" covered="0"/><counter type="METHOD" missed="1" covered="0"/></method><method name="addNode" desc="(Lorg/opendaylight/controller/sal/core/Node;Ljava/util/Set;)V" line="732"><counter type="INSTRUCTION" missed="118" covered="0"/><counter type="BRANCH" missed="16" covered="0"/><counter type="LINE" missed="28" covered="0"/><counter type="COMPLEXITY" missed="9" covered="0"/><counter type="METHOD" missed="1" covered="0"/></method><method name="removeNode" desc="(Lorg/opendaylight/controller/sal/core/Node;)V" line="782"><counter type="INSTRUCTION" missed="22" covered="0"/><counter type="BRANCH" missed="2" covered="0"/><counter type="LINE" missed="7" covered="0"/><counter type="COMPLEXITY" missed="2" covered="0"/><counter type="METHOD" missed="1" covered="0"/></method><method name="updateNode" desc="(Lorg/opendaylight/controller/sal/core/Node;Ljava/util/Set;)V" line="796"><counter type="INSTRUCTION" missed="64" covered="0"/><counter type="BRANCH" missed="14" covered="0"/><counter type="LINE" missed="14" covered="0"/><counter type="COMPLEXITY" missed="8" covered="0"/><counter type="METHOD" missed="1" covered="0"/></method><method name="updateNode" desc="(Lorg/opendaylight/controller/sal/core/Node;Lorg/opendaylight/controller/sal/core/UpdateType;Ljava/util/Set;)V" line="823"><counter type="INSTRUCTION" missed="42" covered="0"/><counter type="BRANCH" missed="4" covered="0"/><counter type="LINE" missed="10" covered="0"/><counter type="COMPLEXITY" missed="4" covered="0"/><counter type="METHOD" missed="1" covered="0"/></method><method name="updateNodeConnector" desc="(Lorg/opendaylight/controller/sal/core/NodeConnector;Lorg/opendaylight/controller/sal/core/UpdateType;Ljava/util/Set;)V" line="843"><counter type="INSTRUCTION" missed="93" covered="0"/><counter type="BRANCH" missed="9" covered="0"/><counter type="LINE" missed="22" covered="0"/><counter type="COMPLEXITY" missed="6" covered="0"/><counter type="METHOD" missed="1" covered="0"/></method><method name="getNodes" desc="()Ljava/util/Set;" line="885"><counter type="INSTRUCTION" missed="12" covered="0"/><counter type="BRANCH" missed="2" covered="0"/><counter type="LINE" missed="2" covered="0"/><counter type="COMPLEXITY" missed="2" covered="0"/><counter type="METHOD" missed="1" covered="0"/></method><method name="getNodeProps" desc="(Lorg/opendaylight/controller/sal/core/Node;)Ljava/util/Map;" line="900"><counter type="INSTRUCTION" missed="34" covered="0"/><counter type="BRANCH" missed="6" covered="0"/><counter type="LINE" missed="11" covered="0"/><counter type="COMPLEXITY" missed="4" covered="0"/><counter type="METHOD" missed="1" covered="0"/></method><method name="getNodeProp" desc="(Lorg/opendaylight/controller/sal/core/Node;Ljava/lang/String;)Lorg/opendaylight/controller/sal/core/Property;" line="921"><counter type="INSTRUCTION" missed="13" covered="0"/><counter type="BRANCH" missed="2" covered="0"/><counter type="LINE" missed="2" covered="0"/><counter type="COMPLEXITY" missed="2" covered="0"/><counter type="METHOD" missed="1" covered="0"/></method><method name="setNodeProp" desc="(Lorg/opendaylight/controller/sal/core/Node;Lorg/opendaylight/controller/sal/core/Property;)V" line="928"><counter type="INSTRUCTION" missed="20" covered="0"/><counter type="BRANCH" missed="2" covered="0"/><counter type="LINE" missed="6" covered="0"/><counter type="COMPLEXITY" missed="2" covered="0"/><counter type="METHOD" missed="1" covered="0"/></method><method name="removeNodeProp" desc="(Lorg/opendaylight/controller/sal/core/Node;Ljava/lang/String;)Lorg/opendaylight/controller/sal/utils/Status;" line="939"><counter type="INSTRUCTION" missed="22" covered="0"/><counter type="BRANCH" missed="2" covered="0"/><counter type="LINE" missed="5" covered="0"/><counter type="COMPLEXITY" missed="2" covered="0"/><counter type="METHOD" missed="1" covered="0"/></method><method name="removeNodeAllProps" desc="(Lorg/opendaylight/controller/sal/core/Node;)Lorg/opendaylight/controller/sal/utils/Status;" line="949"><counter type="INSTRUCTION" missed="11" covered="0"/><counter type="LINE" missed="2" covered="0"/><counter type="COMPLEXITY" missed="1" covered="0"/><counter type="METHOD" missed="1" covered="0"/></method><method name="getUpNodeConnectors" desc="(Lorg/opendaylight/controller/sal/core/Node;)Ljava/util/Set;" line="955"><counter type="INSTRUCTION" missed="39" covered="0"/><counter type="BRANCH" missed="8" covered="0"/><counter type="LINE" missed="9" covered="0"/><counter type="COMPLEXITY" missed="5" covered="0"/><counter type="METHOD" missed="1" covered="0"/></method><method name="getNodeConnectors" desc="(Lorg/opendaylight/controller/sal/core/Node;)Ljava/util/Set;" line="974"><counter type="INSTRUCTION" missed="34" covered="0"/><counter type="BRANCH" missed="6" covered="0"/><counter type="LINE" missed="8" covered="0"/><counter type="COMPLEXITY" missed="4" covered="0"/><counter type="METHOD" missed="1" covered="0"/></method><method name="getPhysicalNodeConnectors" desc="(Lorg/opendaylight/controller/sal/core/Node;)Ljava/util/Set;" line="991"><counter type="INSTRUCTION" missed="38" covered="0"/><counter type="BRANCH" missed="8" covered="0"/><counter type="LINE" missed="9" covered="0"/><counter type="COMPLEXITY" missed="5" covered="0"/><counter type="METHOD" missed="1" covered="0"/></method><method name="getNodeConnectorProps" desc="(Lorg/opendaylight/controller/sal/core/NodeConnector;)Ljava/util/Map;" line="1010"><counter type="INSTRUCTION" missed="34" covered="0"/><counter type="BRANCH" missed="6" covered="0"/><counter type="LINE" missed="11" covered="0"/><counter type="COMPLEXITY" missed="4" covered="0"/><counter type="METHOD" missed="1" covered="0"/></method><method name="getNodeConnectorProp" desc="(Lorg/opendaylight/controller/sal/core/NodeConnector;Ljava/lang/String;)Lorg/opendaylight/controller/sal/core/Property;" line="1031"><counter type="INSTRUCTION" missed="13" covered="0"/><counter type="BRANCH" missed="2" covered="0"/><counter type="LINE" missed="2" covered="0"/><counter type="COMPLEXITY" missed="2" covered="0"/><counter type="METHOD" missed="1" covered="0"/></method><method name="getHardwareMAC" desc="()[B" line="1038"><counter type="INSTRUCTION" missed="37" covered="0"/><counter type="BRANCH" missed="4" covered="0"/><counter type="LINE" missed="13" covered="0"/><counter type="COMPLEXITY" missed="3" covered="0"/><counter type="METHOD" missed="1" covered="0"/></method><method name="getControllerMAC" desc="()[B" line="1060"><counter type="INSTRUCTION" missed="3" covered="0"/><counter type="LINE" missed="1" covered="0"/><counter type="COMPLEXITY" missed="1" covered="0"/><counter type="METHOD" missed="1" covered="0"/></method><method name="isHostRefreshEnabled" desc="()Z" line="1065"><counter type="INSTRUCTION" missed="2" covered="0"/><counter type="LINE" missed="1" covered="0"/><counter type="COMPLEXITY" missed="1" covered="0"/><counter type="METHOD" missed="1" covered="0"/></method><method name="getHostRetryCount" desc="()I" line="1070"><counter type="INSTRUCTION" missed="3" covered="0"/><counter type="LINE" missed="1" covered="0"/><counter type="COMPLEXITY" missed="1" covered="0"/><counter type="METHOD" missed="1" covered="0"/></method><method name="getNodeConnector" desc="(Lorg/opendaylight/controller/sal/core/Node;Ljava/lang/String;)Lorg/opendaylight/controller/sal/core/NodeConnector;" line="1075"><counter type="INSTRUCTION" missed="20" covered="0"/><counter type="BRANCH" missed="4" covered="0"/><counter type="LINE" missed="6" covered="0"/><counter type="COMPLEXITY" missed="3" covered="0"/><counter type="METHOD" missed="1" covered="0"/></method><method name="addNodeConnectorProp" desc="(Lorg/opendaylight/controller/sal/core/NodeConnector;Lorg/opendaylight/controller/sal/core/Property;)Lorg/opendaylight/controller/sal/utils/Status;" line="1099"><counter type="INSTRUCTION" missed="78" covered="0"/><counter type="BRANCH" missed="10" covered="0"/><counter type="LINE" missed="17" covered="0"/><counter type="COMPLEXITY" missed="6" covered="0"/><counter type="METHOD" missed="1" covered="0"/></method><method name="removeNodeConnectorProp" desc="(Lorg/opendaylight/controller/sal/core/NodeConnector;Ljava/lang/String;)Lorg/opendaylight/controller/sal/utils/Status;" line="1143"><counter type="INSTRUCTION" missed="61" covered="0"/><counter type="BRANCH" missed="8" covered="0"/><counter type="LINE" missed="15" covered="0"/><counter type="COMPLEXITY" missed="5" covered="0"/><counter type="METHOD" missed="1" covered="0"/></method><method name="removeNodeConnectorAllProps" desc="(Lorg/opendaylight/controller/sal/core/NodeConnector;)Lorg/opendaylight/controller/sal/utils/Status;" line="1178"><counter type="INSTRUCTION" missed="44" covered="0"/><counter type="BRANCH" missed="6" covered="0"/><counter type="LINE" missed="11" covered="0"/><counter type="COMPLEXITY" missed="4" covered="0"/><counter type="METHOD" missed="1" covered="0"/></method><method name="init" desc="(Lorg/apache/felix/dm/Component;)V" line="1201"><counter type="INSTRUCTION" missed="30" covered="0"/><counter type="BRANCH" missed="2" covered="0"/><counter type="LINE" missed="10" covered="0"/><counter type="COMPLEXITY" missed="2" covered="0"/><counter type="METHOD" missed="1" covered="0"/></method><method name="destroy" desc="()V" line="1222"><counter type="INSTRUCTION" missed="3" covered="0"/><counter type="LINE" missed="2" covered="0"/><counter type="COMPLEXITY" missed="1" covered="0"/><counter type="METHOD" missed="1" covered="0"/></method><method name="start" desc="()V" line="1232"><counter type="INSTRUCTION" missed="3" covered="0"/><counter type="LINE" missed="2" covered="0"/><counter type="COMPLEXITY" missed="1" covered="0"/><counter type="METHOD" missed="1" covered="0"/></method><method name="started" desc="()V" line="1240"><counter type="INSTRUCTION" missed="3" covered="0"/><counter type="LINE" missed="2" covered="0"/><counter type="COMPLEXITY" missed="1" covered="0"/><counter type="METHOD" missed="1" covered="0"/></method><method name="stop" desc="()V" line="1250"><counter type="INSTRUCTION" missed="1" covered="0"/><counter type="LINE" missed="1" covered="0"/><counter type="COMPLEXITY" missed="1" covered="0"/><counter type="METHOD" missed="1" covered="0"/></method><method name="setInventoryService" desc="(Lorg/opendaylight/controller/sal/inventory/IInventoryService;)V" line="1253"><counter type="INSTRUCTION" missed="10" covered="0"/><counter type="LINE" missed="4" covered="0"/><counter type="COMPLEXITY" missed="1" covered="0"/><counter type="METHOD" missed="1" covered="0"/></method><method name="unsetInventoryService" desc="(Lorg/opendaylight/controller/sal/inventory/IInventoryService;)V" line="1261"><counter type="INSTRUCTION" missed="9" covered="0"/><counter type="LINE" missed="4" covered="0"/><counter type="COMPLEXITY" missed="1" covered="0"/><counter type="METHOD" missed="1" covered="0"/></method><method name="setSwitchManagerAware" desc="(Lorg/opendaylight/controller/switchmanager/ISwitchManagerAware;)V" line="1269"><counter type="INSTRUCTION" missed="16" covered="0"/><counter type="BRANCH" missed="2" covered="0"/><counter type="LINE" missed="5" covered="0"/><counter type="COMPLEXITY" missed="2" covered="0"/><counter type="METHOD" missed="1" covered="0"/></method><method name="unsetSwitchManagerAware" desc="(Lorg/opendaylight/controller/switchmanager/ISwitchManagerAware;)V" line="1279"><counter type="INSTRUCTION" missed="12" covered="0"/><counter type="BRANCH" missed="2" covered="0"/><counter type="LINE" missed="4" covered="0"/><counter type="COMPLEXITY" missed="2" covered="0"/><counter type="METHOD" missed="1" covered="0"/></method><method name="setInventoryListener" desc="(Lorg/opendaylight/controller/switchmanager/IInventoryListener;)V" line="1286"><counter type="INSTRUCTION" missed="16" covered="0"/><counter type="BRANCH" missed="2" covered="0"/><counter type="LINE" missed="5" covered="0"/><counter type="COMPLEXITY" missed="2" covered="0"/><counter type="METHOD" missed="1" covered="0"/></method><method name="unsetInventoryListener" desc="(Lorg/opendaylight/controller/switchmanager/IInventoryListener;)V" line="1296"><counter type="INSTRUCTION" missed="12" covered="0"/><counter type="BRANCH" missed="2" covered="0"/><counter type="LINE" missed="4" covered="0"/><counter type="COMPLEXITY" missed="2" covered="0"/><counter type="METHOD" missed="1" covered="0"/></method><method name="setSpanAware" desc="(Lorg/opendaylight/controller/switchmanager/ISpanAware;)V" line="1303"><counter type="INSTRUCTION" missed="16" covered="0"/><counter type="BRANCH" missed="2" covered="0"/><counter type="LINE" missed="5" covered="0"/><counter type="COMPLEXITY" missed="2" covered="0"/><counter type="METHOD" missed="1" covered="0"/></method><method name="unsetSpanAware" desc="(Lorg/opendaylight/controller/switchmanager/ISpanAware;)V" line="1313"><counter type="INSTRUCTION" missed="12" covered="0"/><counter type="BRANCH" missed="2" covered="0"/><counter type="LINE" missed="4" covered="0"/><counter type="COMPLEXITY" missed="2" covered="0"/><counter type="METHOD" missed="1" covered="0"/></method><method name="setClusterContainerService" desc="(Lorg/opendaylight/controller/clustering/services/IClusterContainerServices;)V" line="1320"><counter type="INSTRUCTION" missed="7" covered="0"/><counter type="LINE" missed="3" covered="0"/><counter type="COMPLEXITY" missed="1" covered="0"/><counter type="METHOD" missed="1" covered="0"/></method><method name="unsetClusterContainerService" desc="(Lorg/opendaylight/controller/clustering/services/IClusterContainerServices;)V" line="1325"><counter type="INSTRUCTION" missed="11" covered="0"/><counter type="BRANCH" missed="2" covered="0"/><counter type="LINE" missed="4" covered="0"/><counter type="COMPLEXITY" missed="2" covered="0"/><counter type="METHOD" missed="1" covered="0"/></method><method name="getInventories" desc="()V" line="1332"><counter type="INSTRUCTION" missed="53" covered="0"/><counter type="BRANCH" missed="6" covered="0"/><counter type="LINE" missed="12" covered="0"/><counter type="COMPLEXITY" missed="4" covered="0"/><counter type="METHOD" missed="1" covered="0"/></method><method name="clearInventories" desc="()V" line="1351"><counter type="INSTRUCTION" missed="13" covered="0"/><counter type="LINE" missed="5" covered="0"/><counter type="COMPLEXITY" missed="1" covered="0"/><counter type="METHOD" missed="1" covered="0"/></method><method name="notifyNode" desc="(Lorg/opendaylight/controller/sal/core/Node;Lorg/opendaylight/controller/sal/core/UpdateType;Ljava/util/Map;)V" line="1359"><counter type="INSTRUCTION" missed="31" covered="0"/><counter type="BRANCH" missed="2" covered="0"/><counter type="LINE" missed="4" covered="0"/><counter type="COMPLEXITY" missed="2" covered="0"/><counter type="METHOD" missed="1" covered="0"/></method><method name="notifyNodeConnector" desc="(Lorg/opendaylight/controller/sal/core/NodeConnector;Lorg/opendaylight/controller/sal/core/UpdateType;Ljava/util/Map;)V" line="1368"><counter type="INSTRUCTION" missed="31" covered="0"/><counter type="BRANCH" missed="2" covered="0"/><counter type="LINE" missed="4" covered="0"/><counter type="COMPLEXITY" missed="2" covered="0"/><counter type="METHOD" missed="1" covered="0"/></method><method name="switchManagerAwareNotify" desc="(Lorg/opendaylight/controller/switchmanager/ISwitchManagerAware;)V" line="1379"><counter type="INSTRUCTION" missed="45" covered="0"/><counter type="BRANCH" missed="8" covered="0"/><counter type="LINE" missed="7" covered="0"/><counter type="COMPLEXITY" missed="5" covered="0"/><counter type="METHOD" missed="1" covered="0"/></method><method name="bulkUpdateService" desc="(Lorg/opendaylight/controller/switchmanager/IInventoryListener;)V" line="1393"><counter type="INSTRUCTION" missed="50" covered="0"/><counter type="BRANCH" missed="4" covered="0"/><counter type="LINE" missed="8" covered="0"/><counter type="COMPLEXITY" missed="3" covered="0"/><counter type="METHOD" missed="1" covered="0"/></method><method name="spanAwareNotify" desc="(Lorg/opendaylight/controller/switchmanager/ISpanAware;)V" line="1407"><counter type="INSTRUCTION" missed="32" covered="0"/><counter type="BRANCH" missed="4" covered="0"/><counter type="LINE" missed="4" covered="0"/><counter type="COMPLEXITY" missed="3" covered="0"/><counter type="METHOD" missed="1" covered="0"/></method><method name="registerWithOSGIConsole" desc="()V" line="1415"><counter type="INSTRUCTION" missed="13" covered="0"/><counter type="LINE" missed="5" covered="0"/><counter type="COMPLEXITY" missed="1" covered="0"/><counter type="METHOD" missed="1" covered="0"/></method><method name="isNodeConnectorEnabled" desc="(Lorg/opendaylight/controller/sal/core/NodeConnector;)Ljava/lang/Boolean;" line="1423"><counter type="INSTRUCTION" missed="35" covered="0"/><counter type="BRANCH" missed="10" covered="0"/><counter type="LINE" missed="8" covered="0"/><counter type="COMPLEXITY" missed="6" covered="0"/><counter type="METHOD" missed="1" covered="0"/></method><method name="getHelp" desc="()Ljava/lang/String;" line="1437"><counter type="INSTRUCTION" missed="39" covered="0"/><counter type="LINE" missed="10" covered="0"/><counter type="COMPLEXITY" missed="1" covered="0"/><counter type="METHOD" missed="1" covered="0"/></method><method name="_pns" desc="(Lorg/eclipse/osgi/framework/console/CommandInterpreter;)V" line="1450"><counter type="INSTRUCTION" missed="101" covered="0"/><counter type="BRANCH" missed="12" covered="0"/><counter type="LINE" missed="20" covered="0"/><counter type="COMPLEXITY" missed="7" covered="0"/><counter type="METHOD" missed="1" covered="0"/></method><method name="_pencs" desc="(Lorg/eclipse/osgi/framework/console/CommandInterpreter;)V" line="1475"><counter type="INSTRUCTION" missed="53" covered="0"/><counter type="BRANCH" missed="10" covered="0"/><counter type="LINE" missed="17" covered="0"/><counter type="COMPLEXITY" missed="6" covered="0"/><counter type="METHOD" missed="1" covered="0"/></method><method name="_pncs" desc="(Lorg/eclipse/osgi/framework/console/CommandInterpreter;)V" line="1501"><counter type="INSTRUCTION" missed="152" covered="0"/><counter type="BRANCH" missed="16" covered="0"/><counter type="LINE" missed="28" covered="0"/><counter type="COMPLEXITY" missed="9" covered="0"/><counter type="METHOD" missed="1" covered="0"/></method><method name="_pdm" desc="(Lorg/eclipse/osgi/framework/console/CommandInterpreter;)V" line="1538"><counter type="INSTRUCTION" missed="138" covered="0"/><counter type="BRANCH" missed="26" covered="0"/><counter type="LINE" missed="39" covered="0"/><counter type="COMPLEXITY" missed="14" covered="0"/><counter type="METHOD" missed="1" covered="0"/></method><method name="_snt" desc="(Lorg/eclipse/osgi/framework/console/CommandInterpreter;)V" line="1593"><counter type="INSTRUCTION" missed="41" covered="0"/><counter type="BRANCH" missed="6" covered="0"/><counter type="LINE" missed="16" covered="0"/><counter type="COMPLEXITY" missed="4" covered="0"/><counter type="METHOD" missed="1" covered="0"/></method><method name="_hostRefresh" desc="(Lorg/eclipse/osgi/framework/console/CommandInterpreter;)V" line="1616"><counter type="INSTRUCTION" missed="43" covered="0"/><counter type="BRANCH" missed="10" covered="0"/><counter type="LINE" missed="16" covered="0"/><counter type="COMPLEXITY" missed="6" covered="0"/><counter type="METHOD" missed="1" covered="0"/></method><method name="_hostRetry" desc="(Lorg/eclipse/osgi/framework/console/CommandInterpreter;)V" line="1638"><counter type="INSTRUCTION" missed="27" covered="0"/><counter type="BRANCH" missed="2" covered="0"/><counter type="LINE" missed="9" covered="0"/><counter type="COMPLEXITY" missed="2" covered="0"/><counter type="METHOD" missed="1" covered="0"/></method><method name="getNodeMAC" desc="(Lorg/opendaylight/controller/sal/core/Node;)[B" line="1654"><counter type="INSTRUCTION" missed="13" covered="0"/><counter type="BRANCH" missed="2" covered="0"/><counter type="LINE" missed="3" covered="0"/><counter type="COMPLEXITY" missed="2" covered="0"/><counter type="METHOD" missed="1" covered="0"/></method><method name="isSpecial" desc="(Lorg/opendaylight/controller/sal/core/NodeConnector;)Z" line="1661"><counter type="INSTRUCTION" missed="24" covered="0"/><counter type="BRANCH" missed="8" covered="0"/><counter type="LINE" missed="6" covered="0"/><counter type="COMPLEXITY" missed="5" covered="0"/><counter type="METHOD" missed="1" covered="0"/></method><method name="addSpanPorts" desc="(Lorg/opendaylight/controller/sal/core/Node;Ljava/util/List;)V" line="1674"><counter type="INSTRUCTION" missed="38" covered="0"/><counter type="BRANCH" missed="6" covered="0"/><counter type="LINE" missed="8" covered="0"/><counter type="COMPLEXITY" missed="4" covered="0"/><counter type="METHOD" missed="1" covered="0"/></method><method name="addSpanPorts" desc="(Lorg/opendaylight/controller/sal/core/Node;)V" line="1689"><counter type="INSTRUCTION" missed="19" covered="0"/><counter type="BRANCH" missed="2" covered="0"/><counter type="LINE" missed="3" covered="0"/><counter type="COMPLEXITY" missed="2" covered="0"/><counter type="METHOD" missed="1" covered="0"/></method><method name="addSpanPort" desc="(Lorg/opendaylight/controller/sal/core/NodeConnector;)V" line="1695"><counter type="INSTRUCTION" missed="14" covered="0"/><counter type="LINE" missed="4" covered="0"/><counter type="COMPLEXITY" missed="1" covered="0"/><counter type="METHOD" missed="1" covered="0"/></method><method name="removeSpanPorts" desc="(Lorg/opendaylight/controller/sal/core/Node;Ljava/util/List;)V" line="1704"><counter type="INSTRUCTION" missed="38" covered="0"/><counter type="BRANCH" missed="6" covered="0"/><counter type="LINE" missed="8" covered="0"/><counter type="COMPLEXITY" missed="4" covered="0"/><counter type="METHOD" missed="1" covered="0"/></method><method name="removeSpanPorts" desc="(Lorg/opendaylight/controller/sal/core/Node;)V" line="1719"><counter type="INSTRUCTION" missed="19" covered="0"/><counter type="BRANCH" missed="2" covered="0"/><counter type="LINE" missed="3" covered="0"/><counter type="COMPLEXITY" missed="2" covered="0"/><counter type="METHOD" missed="1" covered="0"/></method><method name="removeSpanPort" desc="(Lorg/opendaylight/controller/sal/core/NodeConnector;)V" line="1725"><counter type="INSTRUCTION" missed="14" covered="0"/><counter type="LINE" missed="4" covered="0"/><counter type="COMPLEXITY" missed="1" covered="0"/><counter type="METHOD" missed="1" covered="0"/></method><method name="addNodeProps" desc="(Lorg/opendaylight/controller/sal/core/Node;Ljava/util/Map;)V" line="1731"><counter type="INSTRUCTION" missed="13" covered="0"/><counter type="BRANCH" missed="2" covered="0"/><counter type="LINE" missed="4" covered="0"/><counter type="COMPLEXITY" missed="2" covered="0"/><counter type="METHOD" missed="1" covered="0"/></method><method name="removeNodeProps" desc="(Lorg/opendaylight/controller/sal/core/Node;)V" line="1738"><counter type="INSTRUCTION" missed="11" covered="0"/><counter type="BRANCH" missed="2" covered="0"/><counter type="LINE" missed="3" covered="0"/><counter type="COMPLEXITY" missed="2" covered="0"/><counter type="METHOD" missed="1" covered="0"/></method><method name="saveConfiguration" desc="()Lorg/opendaylight/controller/sal/utils/Status;" line="1745"><counter type="INSTRUCTION" missed="3" covered="0"/><counter type="LINE" missed="1" covered="0"/><counter type="COMPLEXITY" missed="1" covered="0"/><counter type="METHOD" missed="1" covered="0"/></method><method name="createProperty" desc="(Ljava/lang/String;Ljava/lang/String;)Lorg/opendaylight/controller/sal/core/Property;" line="1760"><counter type="INSTRUCTION" missed="64" covered="0"/><counter type="BRANCH" missed="10" covered="0"/><counter type="LINE" missed="18" covered="0"/><counter type="COMPLEXITY" missed="6" covered="0"/><counter type="METHOD" missed="1" covered="0"/></method><method name="getNodeDescription" desc="(Lorg/opendaylight/controller/sal/core/Node;)Ljava/lang/String;" line="1791"><counter type="INSTRUCTION" missed="30" covered="0"/><counter type="BRANCH" missed="8" covered="0"/><counter type="LINE" missed="9" covered="0"/><counter type="COMPLEXITY" missed="5" covered="0"/><counter type="METHOD" missed="1" covered="0"/></method><counter type="INSTRUCTION" missed="3555" covered="0"/><counter type="BRANCH" missed="425" covered="0"/><counter type="LINE" missed="892" covered="0"/><counter type="COMPLEXITY" missed="326" covered="0"/><counter type="METHOD" missed="112" covered="0"/><counter type="CLASS" missed="1" covered="0"/></class><class name="org/opendaylight/controller/switchmanager/internal/SwitchManagerImpl$ReasonCode"><method name="&lt;clinit&gt;" desc="()V" line="118"><counter type="INSTRUCTION" missed="59" covered="0"/><counter type="LINE" missed="4" covered="0"/><counter type="COMPLEXITY" missed="1" covered="0"/><counter type="METHOD" missed="1" covered="0"/></method><method name="&lt;init&gt;" desc="(Ljava/lang/String;ILjava/lang/String;)V" line="125"><counter type="INSTRUCTION" missed="8" covered="0"/><counter type="LINE" missed="3" covered="0"/><counter type="COMPLEXITY" missed="1" covered="0"/><counter type="METHOD" missed="1" covered="0"/></method><method name="toString" desc="()Ljava/lang/String;" line="131"><counter type="INSTRUCTION" missed="3" covered="0"/><counter type="LINE" missed="1" covered="0"/><counter type="COMPLEXITY" missed="1" covered="0"/><counter type="METHOD" missed="1" covered="0"/></method><method name="values" desc="()[Lorg/opendaylight/controller/switchmanager/internal/SwitchManagerImpl$ReasonCode;" line="1"><counter type="INSTRUCTION" missed="16" covered="0"/><counter type="LINE" missed="1" covered="0"/><counter type="COMPLEXITY" missed="1" covered="0"/><counter type="METHOD" missed="1" covered="0"/></method><method name="valueOf" desc="(Ljava/lang/String;)Lorg/opendaylight/controller/switchmanager/internal/SwitchManagerImpl$ReasonCode;" line="1"><counter type="INSTRUCTION" missed="5" covered="0"/><counter type="LINE" missed="1" covered="0"/><counter type="COMPLEXITY" missed="1" covered="0"/><counter type="METHOD" missed="1" covered="0"/></method><counter type="INSTRUCTION" missed="91" covered="0"/><counter type="LINE" missed="9" covered="0"/><counter type="COMPLEXITY" missed="5" covered="0"/><counter type="METHOD" missed="5" covered="0"/><counter type="CLASS" missed="1" covered="0"/></class><sourcefile name="SwitchManagerImpl.java"><line nr="1" mi="21" ci="0" mb="0" cb="0"/><line nr="85" mi="3" ci="0" mb="0" cb="0"/><line nr="89" mi="1" ci="0" mb="0" cb="0"/><line nr="90" mi="2" ci="0" mb="0" cb="0"/><line nr="91" mi="3" ci="0" mb="0" cb="0"/><line nr="93" mi="6" ci="0" mb="0" cb="0"/><line nr="94" mi="3" ci="0" mb="0" cb="0"/><line nr="95" mi="5" ci="0" mb="0" cb="0"/><line nr="105" mi="1" ci="0" mb="0" cb="0"/><line nr="106" mi="5" ci="0" mb="0" cb="0"/><line nr="107" mi="1" ci="0" mb="0" cb="0"/><line nr="108" mi="5" ci="0" mb="0" cb="0"/><line nr="109" mi="1" ci="0" mb="0" cb="0"/><line nr="110" mi="5" ci="0" mb="0" cb="0"/><line nr="112" mi="3" ci="0" mb="0" cb="0"/><line nr="113" mi="3" ci="0" mb="0" cb="0"/><line nr="114" mi="3" ci="0" mb="0" cb="0"/><line nr="115" mi="3" ci="0" mb="0" cb="0"/><line nr="116" mi="3" ci="0" mb="0" cb="0"/><line nr="118" mi="24" ci="0" mb="0" cb="0"/><line nr="119" mi="18" ci="0" mb="0" cb="0"/><line nr="120" mi="14" ci="0" mb="0" cb="0"/><line nr="121" mi="3" ci="0" mb="0" cb="0"/><line nr="125" mi="4" ci="0" mb="0" cb="0"/><line nr="126" mi="3" ci="0" mb="0" cb="0"/><line nr="127" mi="1" ci="0" mb="0" cb="0"/><line nr="131" mi="3" ci="0" mb="0" cb="0"/><line nr="136" mi="11" ci="0" mb="0" cb="0"/><line nr="137" mi="11" ci="0" mb="2" cb="0"/><line nr="139" mi="5" ci="0" mb="0" cb="0"/><line nr="140" mi="2" ci="0" mb="0" cb="0"/><line nr="141" mi="3" ci="0" mb="0" cb="0"/><line nr="142" mi="2" ci="0" mb="0" cb="0"/><line nr="146" mi="1" ci="0" mb="0" cb="0"/><line nr="150" mi="11" ci="0" mb="0" cb="0"/><line nr="151" mi="11" ci="0" mb="2" cb="0"/><line nr="153" mi="6" ci="0" mb="0" cb="0"/><line nr="154" mi="2" ci="0" mb="0" cb="0"/><line nr="155" mi="3" ci="0" mb="0" cb="0"/><line nr="156" mi="2" ci="0" mb="0" cb="0"/><line nr="160" mi="1" ci="0" mb="0" cb="0"/><line nr="163" mi="11" ci="0" mb="0" cb="0"/><line nr="164" mi="12" ci="0" mb="2" cb="0"/><line nr="166" mi="4" ci="0" mb="0" cb="0"/><line nr="167" mi="2" ci="0" mb="0" cb="0"/><line nr="168" mi="3" ci="0" mb="0" cb="0"/><line nr="169" mi="2" ci="0" mb="0" cb="0"/><line nr="173" mi="1" ci="0" mb="0" cb="0"/><line nr="177" mi="15" ci="0" mb="0" cb="0"/><line nr="178" mi="15" ci="0" mb="0" cb="0"/><line nr="179" mi="12" ci="0" mb="0" cb="0"/><line nr="180" mi="3" ci="0" mb="0" cb="0"/><line nr="183" mi="2" ci="0" mb="0" cb="0"/><line nr="184" mi="2" ci="0" mb="0" cb="0"/><line nr="190" mi="4" ci="0" mb="2" cb="0"/><line nr="191" mi="2" ci="0" mb="0" cb="0"/><line nr="193" mi="4" ci="0" mb="2" cb="0"/><line nr="194" mi="2" ci="0" mb="0" cb="0"/><line nr="196" mi="4" ci="0" mb="2" cb="0"/><line nr="197" mi="2" ci="0" mb="0" cb="0"/><line nr="200" mi="4" ci="0" mb="0" cb="0"/><line nr="201" mi="1" ci="0" mb="0" cb="0"/><line nr="204" mi="4" ci="0" mb="0" cb="0"/><line nr="205" mi="1" ci="0" mb="0" cb="0"/><line nr="209" mi="3" ci="0" mb="2" cb="0"/><line nr="210" mi="3" ci="0" mb="0" cb="0"/><line nr="211" mi="1" ci="0" mb="0" cb="0"/><line nr="215" mi="4" ci="0" mb="0" cb="0"/><line nr="216" mi="1" ci="0" mb="0" cb="0"/><line nr="217" mi="2" ci="0" mb="0" cb="0"/><line nr="218" mi="5" ci="0" mb="0" cb="0"/><line nr="219" mi="2" ci="0" mb="0" cb="0"/><line nr="220" mi="5" ci="0" mb="0" cb="0"/><line nr="221" mi="2" ci="0" mb="0" cb="0"/><line nr="222" mi="5" ci="0" mb="0" cb="0"/><line nr="223" mi="2" ci="0" mb="0" cb="0"/><line nr="224" mi="4" ci="0" mb="0" cb="0"/><line nr="225" mi="1" ci="0" mb="0" cb="0"/><line nr="226" mi="2" ci="0" mb="0" cb="0"/><line nr="227" mi="5" ci="0" mb="0" cb="0"/><line nr="228" mi="2" ci="0" mb="0" cb="0"/><line nr="229" mi="4" ci="0" mb="0" cb="0"/><line nr="230" mi="1" ci="0" mb="0" cb="0"/><line nr="231" mi="2" ci="0" mb="0" cb="0"/><line nr="232" mi="4" ci="0" mb="0" cb="0"/><line nr="233" mi="1" ci="0" mb="0" cb="0"/><line nr="234" mi="2" ci="0" mb="0" cb="0"/><line nr="235" mi="2" ci="0" mb="0" cb="0"/><line nr="236" mi="4" ci="0" mb="0" cb="0"/><line nr="237" mi="1" ci="0" mb="0" cb="0"/><line nr="238" mi="3" ci="0" mb="0" cb="0"/><line nr="240" mi="1" ci="0" mb="0" cb="0"/><line nr="244" mi="3" ci="0" mb="2" cb="0"/><line nr="245" mi="3" ci="0" mb="0" cb="0"/><line nr="246" mi="1" ci="0" mb="0" cb="0"/><line nr="249" mi="4" ci="0" mb="0" cb="0"/><line nr="250" mi="2" ci="0" mb="0" cb="0"/><line nr="251" mi="3" ci="0" mb="2" cb="0"/><line nr="252" mi="3" ci="0" mb="0" cb="0"/><line nr="255" mi="4" ci="0" mb="0" cb="0"/><line nr="256" mi="2" ci="0" mb="0" cb="0"/><line nr="257" mi="3" ci="0" mb="2" cb="0"/><line nr="258" mi="3" ci="0" mb="0" cb="0"/><line nr="261" mi="4" ci="0" mb="0" cb="0"/><line nr="262" mi="2" ci="0" mb="0" cb="0"/><line nr="263" mi="3" ci="0" mb="2" cb="0"/><line nr="264" mi="3" ci="0" mb="0" cb="0"/><line nr="267" mi="4" ci="0" mb="0" cb="0"/><line nr="268" mi="2" ci="0" mb="0" cb="0"/><line nr="269" mi="3" ci="0" mb="2" cb="0"/><line nr="270" mi="3" ci="0" mb="0" cb="0"/><line nr="273" mi="4" ci="0" mb="0" cb="0"/><line nr="274" mi="2" ci="0" mb="0" cb="0"/><line nr="275" mi="3" ci="0" mb="2" cb="0"/><line nr="276" mi="3" ci="0" mb="0" cb="0"/><line nr="279" mi="4" ci="0" mb="0" cb="0"/><line nr="280" mi="2" ci="0" mb="0" cb="0"/><line nr="281" mi="3" ci="0" mb="2" cb="0"/><line nr="282" mi="3" ci="0" mb="0" cb="0"/><line nr="285" mi="4" ci="0" mb="0" cb="0"/><line nr="286" mi="2" ci="0" mb="0" cb="0"/><line nr="287" mi="3" ci="0" mb="2" cb="0"/><line nr="288" mi="3" ci="0" mb="0" cb="0"/><line nr="291" mi="4" ci="0" mb="0" cb="0"/><line nr="292" mi="2" ci="0" mb="0" cb="0"/><line nr="293" mi="3" ci="0" mb="2" cb="0"/><line nr="294" mi="3" ci="0" mb="0" cb="0"/><line nr="296" mi="1" ci="0" mb="0" cb="0"/><line nr="299" mi="5" ci="0" mb="0" cb="0"/><line nr="300" mi="5" ci="0" mb="0" cb="0"/><line nr="301" mi="5" ci="0" mb="0" cb="0"/><line nr="302" mi="5" ci="0" mb="0" cb="0"/><line nr="303" mi="5" ci="0" mb="0" cb="0"/><line nr="304" mi="5" ci="0" mb="0" cb="0"/><line nr="305" mi="5" ci="0" mb="0" cb="0"/><line nr="306" mi="5" ci="0" mb="0" cb="0"/><line nr="307" mi="1" ci="0" mb="0" cb="0"/><line nr="311" mi="3" ci="0" mb="2" cb="0"/><line nr="312" mi="3" ci="0" mb="0" cb="0"/><line nr="313" mi="1" ci="0" mb="0" cb="0"/><line nr="316" mi="4" ci="0" mb="0" cb="0"/><line nr="317" mi="4" ci="0" mb="0" cb="0"/><line nr="318" mi="4" ci="0" mb="0" cb="0"/><line nr="319" mi="4" ci="0" mb="0" cb="0"/><line nr="320" mi="4" ci="0" mb="0" cb="0"/><line nr="321" mi="4" ci="0" mb="0" cb="0"/><line nr="322" mi="2" ci="0" mb="0" cb="0"/><line nr="323" mi="2" ci="0" mb="0" cb="0"/><line nr="324" mi="2" ci="0" mb="0" cb="0"/><line nr="325" mi="2" ci="0" mb="0" cb="0"/><line nr="326" mi="2" ci="0" mb="0" cb="0"/><line nr="327" mi="1" ci="0" mb="0" cb="0"/><line nr="331" mi="7" ci="0" mb="0" cb="0"/><line nr="336" mi="6" ci="0" mb="0" cb="0"/><line nr="340" mi="4" ci="0" mb="0" cb="0"/><line nr="341" mi="3" ci="0" mb="0" cb="0"/><line nr="342" mi="13" ci="0" mb="2" cb="0"/><line nr="343" mi="4" ci="0" mb="2" cb="0"/><line nr="344" mi="4" ci="0" mb="0" cb="0"/><line nr="347" mi="2" ci="0" mb="0" cb="0"/><line nr="351" mi="7" ci="0" mb="0" cb="0"/><line nr="356" mi="6" ci="0" mb="0" cb="0"/><line nr="360" mi="5" ci="0" mb="0" cb="0"/><line nr="361" mi="3" ci="0" mb="0" cb="0"/><line nr="362" mi="5" ci="0" mb="0" cb="0"/><line nr="363" mi="1" ci="0" mb="0" cb="0"/><line nr="364" mi="2" ci="0" mb="2" cb="0"/><line nr="365" mi="4" ci="0" mb="0" cb="0"/><line nr="367" mi="4" ci="0" mb="0" cb="0"/><line nr="368" mi="3" ci="0" mb="0" cb="0"/><line nr="370" mi="4" ci="0" mb="0" cb="0"/><line nr="371" mi="11" ci="0" mb="2" cb="0"/><line nr="372" mi="5" ci="0" mb="2" cb="0"/><line nr="373" mi="4" ci="0" mb="0" cb="0"/><line nr="376" mi="3" ci="0" mb="0" cb="0"/><line nr="378" mi="2" ci="0" mb="0" cb="0"/><line nr="383" mi="3" ci="0" mb="0" cb="0"/><line nr="384" mi="4" ci="0" mb="0" cb="0"/><line nr="385" mi="2" ci="0" mb="2" cb="0"/><line nr="386" mi="11" ci="0" mb="2" cb="0"/><line nr="387" mi="6" ci="0" mb="0" cb="0"/><line nr="391" mi="2" ci="0" mb="0" cb="0"/><line nr="395" mi="2" ci="0" mb="2" cb="0"/><line nr="396" mi="7" ci="0" mb="0" cb="0"/><line nr="397" mi="1" ci="0" mb="0" cb="0"/><line nr="398" mi="6" ci="0" mb="0" cb="0"/><line nr="400" mi="1" ci="0" mb="0" cb="0"/><line nr="403" mi="7" ci="0" mb="0" cb="0"/><line nr="404" mi="2" ci="0" mb="2" cb="0"/><line nr="405" mi="2" ci="0" mb="2" cb="0"/><line nr="406" mi="5" ci="0" mb="0" cb="0"/><line nr="410" mi="3" ci="0" mb="2" cb="0"/><line nr="411" mi="3" ci="0" mb="0" cb="0"/><line nr="412" mi="3" ci="0" mb="0" cb="0"/><line nr="414" mi="7" ci="0" mb="0" cb="0"/><line nr="415" mi="1" ci="0" mb="0" cb="0"/><line nr="416" mi="2" ci="0" mb="2" cb="0"/><line nr="417" mi="1" ci="0" mb="0" cb="0"/><line nr="419" mi="6" ci="0" mb="0" cb="0"/><line nr="421" mi="1" ci="0" mb="0" cb="0"/><line nr="424" mi="5" ci="0" mb="0" cb="0"/><line nr="425" mi="4" ci="0" mb="0" cb="0"/><line nr="426" mi="2" ci="0" mb="2" cb="0"/><line nr="427" mi="6" ci="0" mb="0" cb="0"/><line nr="429" mi="11" ci="0" mb="2" cb="0"/><line nr="430" mi="6" ci="0" mb="0" cb="0"/><line nr="431" mi="2" ci="0" mb="2" cb="0"/><line nr="432" mi="4" ci="0" mb="2" cb="0"/><line nr="433" mi="6" ci="0" mb="0" cb="0"/><line nr="436" mi="6" ci="0" mb="0" cb="0"/><line nr="441" mi="3" ci="0" mb="2" cb="0"/><line nr="442" mi="2" ci="0" mb="0" cb="0"/><line nr="443" mi="3" ci="0" mb="0" cb="0"/><line nr="444" mi="6" ci="0" mb="0" cb="0"/><line nr="447" mi="2" ci="0" mb="2" cb="0"/><line nr="449" mi="6" ci="0" mb="2" cb="0"/><line nr="450" mi="5" ci="0" mb="0" cb="0"/><line nr="451" mi="1" ci="0" mb="0" cb="0"/><line nr="454" mi="4" ci="0" mb="0" cb="0"/><line nr="455" mi="3" ci="0" mb="2" cb="0"/><line nr="456" mi="2" ci="0" mb="0" cb="0"/><line nr="460" mi="4" ci="0" mb="0" cb="0"/><line nr="463" mi="4" ci="0" mb="0" cb="0"/><line nr="465" mi="6" ci="0" mb="0" cb="0"/><line nr="473" mi="5" ci="0" mb="0" cb="0"/><line nr="478" mi="5" ci="0" mb="0" cb="0"/><line nr="483" mi="6" ci="0" mb="0" cb="0"/><line nr="484" mi="2" ci="0" mb="2" cb="0"/><line nr="485" mi="6" ci="0" mb="0" cb="0"/><line nr="487" mi="5" ci="0" mb="0" cb="0"/><line nr="493" mi="6" ci="0" mb="0" cb="0"/><line nr="494" mi="2" ci="0" mb="2" cb="0"/><line nr="495" mi="6" ci="0" mb="0" cb="0"/><line nr="497" mi="4" ci="0" mb="2" cb="0"/><line nr="498" mi="6" ci="0" mb="0" cb="0"/><line nr="501" mi="3" ci="0" mb="0" cb="0"/><line nr="504" mi="7" ci="0" mb="0" cb="0"/><line nr="505" mi="4" ci="0" mb="0" cb="0"/><line nr="506" mi="3" ci="0" mb="0" cb="0"/><line nr="507" mi="6" ci="0" mb="0" cb="0"/><line nr="513" mi="6" ci="0" mb="0" cb="0"/><line nr="514" mi="2" ci="0" mb="2" cb="0"/><line nr="515" mi="6" ci="0" mb="0" cb="0"/><line nr="517" mi="3" ci="0" mb="0" cb="0"/><line nr="520" mi="7" ci="0" mb="0" cb="0"/><line nr="521" mi="4" ci="0" mb="0" cb="0"/><line nr="522" mi="3" ci="0" mb="0" cb="0"/><line nr="523" mi="6" ci="0" mb="0" cb="0"/><line nr="527" mi="3" ci="0" mb="2" cb="0"/><line nr="528" mi="3" ci="0" mb="0" cb="0"/><line nr="530" mi="3" ci="0" mb="0" cb="0"/><line nr="536" mi="4" ci="0" mb="0" cb="0"/><line nr="537" mi="11" ci="0" mb="2" cb="0"/><line nr="538" mi="6" ci="0" mb="0" cb="0"/><line nr="539" mi="4" ci="0" mb="2" cb="0"/><line nr="540" mi="2" ci="0" mb="0" cb="0"/><line nr="543" mi="2" ci="0" mb="0" cb="0"/><line nr="551" mi="3" ci="0" mb="0" cb="0"/><line nr="556" mi="4" ci="0" mb="0" cb="0"/><line nr="557" mi="3" ci="0" mb="0" cb="0"/><line nr="558" mi="4" ci="0" mb="0" cb="0"/><line nr="560" mi="2" ci="0" mb="2" cb="0"/><line nr="561" mi="1" ci="0" mb="0" cb="0"/><line nr="564" mi="12" ci="0" mb="2" cb="0"/><line nr="565" mi="4" ci="0" mb="0" cb="0"/><line nr="567" mi="1" ci="0" mb="0" cb="0"/><line nr="571" mi="4" ci="0" mb="0" cb="0"/><line nr="572" mi="3" ci="0" mb="0" cb="0"/><line nr="573" mi="4" ci="0" mb="0" cb="0"/><line nr="575" mi="2" ci="0" mb="2" cb="0"/><line nr="576" mi="1" ci="0" mb="0" cb="0"/><line nr="579" mi="12" ci="0" mb="2" cb="0"/><line nr="580" mi="4" ci="0" mb="0" cb="0"/><line nr="582" mi="1" ci="0" mb="0" cb="0"/><line nr="586" mi="4" ci="0" mb="0" cb="0"/><line nr="587" mi="3" ci="0" mb="0" cb="0"/><line nr="588" mi="4" ci="0" mb="0" cb="0"/><line nr="590" mi="2" ci="0" mb="2" cb="0"/><line nr="591" mi="1" ci="0" mb="0" cb="0"/><line nr="594" mi="12" ci="0" mb="2" cb="0"/><line nr="595" mi="3" ci="0" mb="0" cb="0"/><line nr="597" mi="1" ci="0" mb="0" cb="0"/><line nr="601" mi="2" ci="0" mb="0" cb="0"/><line nr="603" mi="7" ci="0" mb="0" cb="0"/><line nr="604" mi="8" ci="0" mb="4" cb="0"/><line nr="605" mi="2" ci="0" mb="0" cb="0"/><line nr="608" mi="7" ci="0" mb="0" cb="0"/><line nr="611" mi="3" ci="0" mb="2" cb="0"/><line nr="612" mi="3" ci="0" mb="0" cb="0"/><line nr="613" mi="3" ci="0" mb="0" cb="0"/><line nr="615" mi="5" ci="0" mb="2" cb="0"/><line nr="616" mi="6" ci="0" mb="0" cb="0"/><line nr="617" mi="1" ci="0" mb="0" cb="0"/><line nr="618" mi="4" ci="0" mb="0" cb="0"/><line nr="620" mi="6" ci="0" mb="0" cb="0"/><line nr="621" mi="6" ci="0" mb="0" cb="0"/><line nr="622" mi="7" ci="0" mb="0" cb="0"/><line nr="623" mi="6" ci="0" mb="0" cb="0"/><line nr="624" mi="4" ci="0" mb="0" cb="0"/><line nr="626" mi="4" ci="0" mb="0" cb="0"/><line nr="627" mi="2" ci="0" mb="0" cb="0"/><line nr="629" mi="2" ci="0" mb="2" cb="0"/><line nr="630" mi="5" ci="0" mb="0" cb="0"/><line nr="633" mi="2" ci="0" mb="0" cb="0"/><line nr="634" mi="5" ci="0" mb="0" cb="0"/><line nr="636" mi="1" ci="0" mb="0" cb="0"/><line nr="641" mi="10" ci="0" mb="0" cb="0"/><line nr="642" mi="3" ci="0" mb="0" cb="0"/><line nr="646" mi="4" ci="0" mb="0" cb="0"/><line nr="647" mi="4" ci="0" mb="0" cb="0"/><line nr="649" mi="5" ci="0" mb="0" cb="0"/><line nr="650" mi="5" ci="0" mb="0" cb="0"/><line nr="651" mi="5" ci="0" mb="0" cb="0"/><line nr="652" mi="5" ci="0" mb="0" cb="0"/><line nr="653" mi="5" ci="0" mb="0" cb="0"/><line nr="654" mi="5" ci="0" mb="0" cb="0"/><line nr="656" mi="4" ci="0" mb="2" cb="0"/><line nr="657" mi="3" ci="0" mb="2" cb="0"/><line nr="658" mi="2" ci="0" mb="0" cb="0"/><line nr="660" mi="6" ci="0" mb="0" cb="0"/><line nr="663" mi="6" ci="0" mb="0" cb="0"/><line nr="669" mi="7" ci="0" mb="0" cb="0"/><line nr="675" mi="3" ci="0" mb="2" cb="0"/><line nr="676" mi="2" ci="0" mb="0" cb="0"/><line nr="677" mi="3" ci="0" mb="0" cb="0"/><line nr="678" mi="6" ci="0" mb="0" cb="0"/><line nr="682" mi="7" ci="0" mb="2" cb="0"/><line nr="683" mi="6" ci="0" mb="0" cb="0"/><line nr="687" mi="6" ci="0" mb="0" cb="0"/><line nr="690" mi="8" ci="0" mb="0" cb="0"/><line nr="692" mi="6" ci="0" mb="0" cb="0"/><line nr="697" mi="6" ci="0" mb="0" cb="0"/><line nr="700" mi="7" ci="0" mb="0" cb="0"/><line nr="702" mi="6" ci="0" mb="0" cb="0"/><line nr="707" mi="4" ci="0" mb="0" cb="0"/><line nr="709" mi="12" ci="0" mb="2" cb="0"/><line nr="710" mi="5" ci="0" mb="2" cb="0"/><line nr="711" mi="4" ci="0" mb="0" cb="0"/><line nr="714" mi="2" ci="0" mb="0" cb="0"/><line nr="719" mi="1" ci="0" mb="0" cb="0"/><line nr="724" mi="3" ci="0" mb="0" cb="0"/><line nr="725" mi="1" ci="0" mb="0" cb="0"/><line nr="729" mi="1" ci="0" mb="0" cb="0"/><line nr="732" mi="5" ci="0" mb="0" cb="0"/><line nr="733" mi="3" ci="0" mb="2" cb="0"/><line nr="734" mi="1" ci="0" mb="0" cb="0"/><line nr="738" mi="5" ci="0" mb="2" cb="0"/><line nr="739" mi="6" ci="0" mb="0" cb="0"/><line nr="740" mi="1" ci="0" mb="0" cb="0"/><line nr="741" mi="4" ci="0" mb="0" cb="0"/><line nr="745" mi="2" ci="0" mb="2" cb="0"/><line nr="746" mi="11" ci="0" mb="2" cb="0"/><line nr="747" mi="6" ci="0" mb="0" cb="0"/><line nr="752" mi="2" ci="0" mb="0" cb="0"/><line nr="753" mi="3" ci="0" mb="2" cb="0"/><line nr="754" mi="3" ci="0" mb="0" cb="0"/><line nr="755" mi="13" ci="0" mb="2" cb="0"/><line nr="756" mi="5" ci="0" mb="2" cb="0"/><line nr="757" mi="4" ci="0" mb="0" cb="0"/><line nr="758" mi="2" ci="0" mb="0" cb="0"/><line nr="759" mi="6" ci="0" mb="0" cb="0"/><line nr="760" mi="7" ci="0" mb="0" cb="0"/><line nr="761" mi="6" ci="0" mb="0" cb="0"/><line nr="762" mi="3" ci="0" mb="0" cb="0"/><line nr="763" mi="1" ci="0" mb="0" cb="0"/><line nr="767" mi="4" ci="0" mb="0" cb="0"/><line nr="770" mi="3" ci="0" mb="0" cb="0"/><line nr="773" mi="5" ci="0" mb="0" cb="0"/><line nr="776" mi="2" ci="0" mb="2" cb="0"/><line nr="777" mi="4" ci="0" mb="0" cb="0"/><line nr="779" mi="1" ci="0" mb="0" cb="0"/><line nr="782" mi="4" ci="0" mb="0" cb="0"/><line nr="783" mi="3" ci="0" mb="2" cb="0"/><line nr="784" mi="1" ci="0" mb="0" cb="0"/><line nr="786" mi="5" ci="0" mb="0" cb="0"/><line nr="789" mi="3" ci="0" mb="0" cb="0"/><line nr="792" mi="5" ci="0" mb="0" cb="0"/><line nr="793" mi="1" ci="0" mb="0" cb="0"/><line nr="796" mi="5" ci="0" mb="0" cb="0"/><line nr="797" mi="8" ci="0" mb="4" cb="0"/><line nr="798" mi="5" ci="0" mb="4" cb="0"/><line nr="799" mi="1" ci="0" mb="0" cb="0"/><line nr="803" mi="5" ci="0" mb="2" cb="0"/><line nr="804" mi="6" ci="0" mb="0" cb="0"/><line nr="805" mi="1" ci="0" mb="0" cb="0"/><line nr="806" mi="4" ci="0" mb="0" cb="0"/><line nr="810" mi="2" ci="0" mb="2" cb="0"/><line nr="811" mi="11" ci="0" mb="2" cb="0"/><line nr="812" mi="6" ci="0" mb="0" cb="0"/><line nr="815" mi="4" ci="0" mb="0" cb="0"/><line nr="818" mi="5" ci="0" mb="0" cb="0"/><line nr="819" mi="1" ci="0" mb="0" cb="0"/><line nr="823" mi="3" ci="0" mb="0" cb="0"/><line nr="824" mi="19" ci="0" mb="0" cb="0"/><line nr="825" mi="5" ci="0" mb="4" cb="0"/><line nr="827" mi="4" ci="0" mb="0" cb="0"/><line nr="828" mi="1" ci="0" mb="0" cb="0"/><line nr="830" mi="4" ci="0" mb="0" cb="0"/><line nr="831" mi="1" ci="0" mb="0" cb="0"/><line nr="833" mi="3" ci="0" mb="0" cb="0"/><line nr="834" mi="1" ci="0" mb="0" cb="0"/><line nr="838" mi="1" ci="0" mb="0" cb="0"/><line nr="843" mi="3" ci="0" mb="0" cb="0"/><line nr="844" mi="4" ci="0" mb="0" cb="0"/><line nr="846" mi="3" ci="0" mb="0" cb="0"/><line nr="847" mi="19" ci="0" mb="0" cb="0"/><line nr="849" mi="3" ci="0" mb="2" cb="0"/><line nr="850" mi="1" ci="0" mb="0" cb="0"/><line nr="853" mi="5" ci="0" mb="3" cb="0"/><line nr="856" mi="2" ci="0" mb="2" cb="0"/><line nr="857" mi="11" ci="0" mb="2" cb="0"/><line nr="858" mi="5" ci="0" mb="0" cb="0"/><line nr="859" mi="6" ci="0" mb="0" cb="0"/><line nr="861" mi="1" ci="0" mb="0" cb="0"/><line nr="862" mi="5" ci="0" mb="0" cb="0"/><line nr="863" mi="4" ci="0" mb="0" cb="0"/><line nr="867" mi="3" ci="0" mb="0" cb="0"/><line nr="868" mi="1" ci="0" mb="0" cb="0"/><line nr="870" mi="4" ci="0" mb="0" cb="0"/><line nr="871" mi="3" ci="0" mb="0" cb="0"/><line nr="874" mi="3" ci="0" mb="0" cb="0"/><line nr="875" mi="1" ci="0" mb="0" cb="0"/><line nr="880" mi="5" ci="0" mb="0" cb="0"/><line nr="881" mi="1" ci="0" mb="0" cb="0"/><line nr="885" mi="11" ci="0" mb="2" cb="0"/><line nr="886" mi="1" ci="0" mb="0" cb="0"/><line nr="900" mi="3" ci="0" mb="2" cb="0"/><line nr="901" mi="2" ci="0" mb="0" cb="0"/><line nr="902" mi="3" ci="0" mb="2" cb="0"/><line nr="903" mi="6" ci="0" mb="0" cb="0"/><line nr="904" mi="2" ci="0" mb="2" cb="0"/><line nr="906" mi="5" ci="0" mb="0" cb="0"/><line nr="909" mi="2" ci="0" mb="0" cb="0"/><line nr="912" mi="2" ci="0" mb="0" cb="0"/><line nr="913" mi="2" ci="0" mb="0" cb="0"/><line nr="914" mi="3" ci="0" mb="0" cb="0"/><line nr="915" mi="4" ci="0" mb="0" cb="0"/><line nr="921" mi="4" ci="0" mb="0" cb="0"/><line nr="922" mi="9" ci="0" mb="2" cb="0"/><line nr="928" mi="4" ci="0" mb="0" cb="0"/><line nr="929" mi="2" ci="0" mb="2" cb="0"/><line nr="930" mi="1" ci="0" mb="0" cb="0"/><line nr="933" mi="6" ci="0" mb="0" cb="0"/><line nr="934" mi="6" ci="0" mb="0" cb="0"/><line nr="935" mi="1" ci="0" mb="0" cb="0"/><line nr="939" mi="4" ci="0" mb="0" cb="0"/><line nr="940" mi="2" ci="0" mb="2" cb="0"/><line nr="941" mi="4" ci="0" mb="0" cb="0"/><line nr="942" mi="6" ci="0" mb="0" cb="0"/><line nr="944" mi="6" ci="0" mb="0" cb="0"/><line nr="949" mi="5" ci="0" mb="0" cb="0"/><line nr="950" mi="6" ci="0" mb="0" cb="0"/><line nr="955" mi="3" ci="0" mb="2" cb="0"/><line nr="956" mi="2" ci="0" mb="0" cb="0"/><line nr="959" mi="4" ci="0" mb="0" cb="0"/><line nr="960" mi="13" ci="0" mb="2" cb="0"/><line nr="961" mi="5" ci="0" mb="2" cb="0"/><line nr="962" mi="1" ci="0" mb="0" cb="0"/><line nr="964" mi="5" ci="0" mb="2" cb="0"/><line nr="965" mi="4" ci="0" mb="0" cb="0"/><line nr="969" mi="2" ci="0" mb="0" cb="0"/><line nr="974" mi="3" ci="0" mb="2" cb="0"/><line nr="975" mi="2" ci="0" mb="0" cb="0"/><line nr="978" mi="4" ci="0" mb="0" cb="0"/><line nr="979" mi="13" ci="0" mb="2" cb="0"/><line nr="980" mi="5" ci="0" mb="2" cb="0"/><line nr="981" mi="1" ci="0" mb="0" cb="0"/><line nr="983" mi="4" ci="0" mb="0" cb="0"/><line nr="986" mi="2" ci="0" mb="0" cb="0"/><line nr="991" mi="3" ci="0" mb="2" cb="0"/><line nr="992" mi="2" ci="0" mb="0" cb="0"/><line nr="995" mi="4" ci="0" mb="0" cb="0"/><line nr="996" mi="13" ci="0" mb="2" cb="0"/><line nr="997" mi="5" ci="0" mb="2" cb="0"/><line nr="998" mi="4" ci="0" mb="2" cb="0"/><line nr="999" mi="1" ci="0" mb="0" cb="0"/><line nr="1001" mi="4" ci="0" mb="0" cb="0"/><line nr="1004" mi="2" ci="0" mb="0" cb="0"/><line nr="1010" mi="3" ci="0" mb="2" cb="0"/><line nr="1011" mi="2" ci="0" mb="0" cb="0"/><line nr="1012" mi="3" ci="0" mb="2" cb="0"/><line nr="1013" mi="6" ci="0" mb="0" cb="0"/><line nr="1014" mi="2" ci="0" mb="2" cb="0"/><line nr="1015" mi="5" ci="0" mb="0" cb="0"/><line nr="1018" mi="2" ci="0" mb="0" cb="0"/><line nr="1021" mi="2" ci="0" mb="0" cb="0"/><line nr="1022" mi="2" ci="0" mb="0" cb="0"/><line nr="1023" mi="3" ci="0" mb="0" cb="0"/><line nr="1024" mi="4" ci="0" mb="0" cb="0"/><line nr="1031" mi="4" ci="0" mb="0" cb="0"/><line nr="1032" mi="9" ci="0" mb="2" cb="0"/><line nr="1038" mi="2" ci="0" mb="0" cb="0"/><line nr="1039" mi="2" ci="0" mb="0" cb="0"/><line nr="1040" mi="4" ci="0" mb="0" cb="0"/><line nr="1041" mi="2" ci="0" mb="0" cb="0"/><line nr="1043" mi="2" ci="0" mb="0" cb="0"/><line nr="1044" mi="4" ci="0" mb="2" cb="0"/><line nr="1045" mi="4" ci="0" mb="0" cb="0"/><line nr="1047" mi="3" ci="0" mb="0" cb="0"/><line nr="1048" mi="2" ci="0" mb="0" cb="0"/><line nr="1049" mi="4" ci="0" mb="0" cb="0"/><line nr="1051" mi="2" ci="0" mb="2" cb="0"/><line nr="1052" mi="2" ci="0" mb="0" cb="0"/><line nr="1055" mi="2" ci="0" mb="0" cb="0"/><line nr="1060" mi="3" ci="0" mb="0" cb="0"/><line nr="1065" mi="2" ci="0" mb="0" cb="0"/><line nr="1070" mi="3" ci="0" mb="0" cb="0"/><line nr="1075" mi="3" ci="0" mb="2" cb="0"/><line nr="1076" mi="2" ci="0" mb="0" cb="0"/><line nr="1079" mi="6" ci="0" mb="0" cb="0"/><line nr="1080" mi="2" ci="0" mb="2" cb="0"/><line nr="1081" mi="2" ci="0" mb="0" cb="0"/><line nr="1084" mi="5" ci="0" mb="0" cb="0"/><line nr="1099" mi="4" ci="0" mb="0" cb="0"/><line nr="1101" mi="2" ci="0" mb="2" cb="0"/><line nr="1102" mi="4" ci="0" mb="0" cb="0"/><line nr="1107" mi="2" ci="0" mb="2" cb="0"/><line nr="1108" mi="6" ci="0" mb="0" cb="0"/><line nr="1109" mi="6" ci="0" mb="0" cb="0"/><line nr="1112" mi="6" ci="0" mb="0" cb="0"/><line nr="1113" mi="6" ci="0" mb="0" cb="0"/><line nr="1115" mi="5" ci="0" mb="2" cb="0"/><line nr="1116" mi="3" ci="0" mb="2" cb="0"/><line nr="1117" mi="3" ci="0" mb="0" cb="0"/><line nr="1118" mi="6" ci="0" mb="0" cb="0"/><line nr="1119" mi="2" ci="0" mb="2" cb="0"/><line nr="1120" mi="4" ci="0" mb="0" cb="0"/><line nr="1123" mi="7" ci="0" mb="0" cb="0"/><line nr="1124" mi="6" ci="0" mb="0" cb="0"/><line nr="1128" mi="6" ci="0" mb="0" cb="0"/><line nr="1143" mi="4" ci="0" mb="0" cb="0"/><line nr="1145" mi="2" ci="0" mb="2" cb="0"/><line nr="1147" mi="6" ci="0" mb="0" cb="0"/><line nr="1150" mi="4" ci="0" mb="0" cb="0"/><line nr="1151" mi="6" ci="0" mb="0" cb="0"/><line nr="1153" mi="3" ci="0" mb="2" cb="0"/><line nr="1154" mi="5" ci="0" mb="0" cb="0"/><line nr="1155" mi="1" ci="0" mb="0" cb="0"/><line nr="1156" mi="2" ci="0" mb="2" cb="0"/><line nr="1157" mi="3" ci="0" mb="0" cb="0"/><line nr="1158" mi="6" ci="0" mb="0" cb="0"/><line nr="1159" mi="2" ci="0" mb="2" cb="0"/><line nr="1160" mi="5" ci="0" mb="0" cb="0"/><line nr="1161" mi="6" ci="0" mb="0" cb="0"/><line nr="1166" mi="6" ci="0" mb="0" cb="0"/><line nr="1178" mi="3" ci="0" mb="2" cb="0"/><line nr="1179" mi="5" ci="0" mb="0" cb="0"/><line nr="1180" mi="1" ci="0" mb="0" cb="0"/><line nr="1181" mi="2" ci="0" mb="2" cb="0"/><line nr="1182" mi="3" ci="0" mb="0" cb="0"/><line nr="1183" mi="6" ci="0" mb="0" cb="0"/><line nr="1184" mi="2" ci="0" mb="2" cb="0"/><line nr="1185" mi="5" ci="0" mb="0" cb="0"/><line nr="1186" mi="6" ci="0" mb="0" cb="0"/><line nr="1190" mi="5" ci="0" mb="0" cb="0"/><line nr="1192" mi="6" ci="0" mb="0" cb="0"/><line nr="1201" mi="3" ci="0" mb="0" cb="0"/><line nr="1202" mi="2" ci="0" mb="2" cb="0"/><line nr="1203" mi="6" ci="0" mb="0" cb="0"/><line nr="1204" mi="5" ci="0" mb="0" cb="0"/><line nr="1205" mi="1" ci="0" mb="0" cb="0"/><line nr="1207" mi="3" ci="0" mb="0" cb="0"/><line nr="1209" mi="6" ci="0" mb="0" cb="0"/><line nr="1210" mi="1" ci="0" mb="0" cb="0"/><line nr="1212" mi="2" ci="0" mb="0" cb="0"/><line nr="1213" mi="1" ci="0" mb="0" cb="0"/><line nr="1222" mi="2" ci="0" mb="0" cb="0"/><line nr="1223" mi="1" ci="0" mb="0" cb="0"/><line nr="1232" mi="2" ci="0" mb="0" cb="0"/><line nr="1233" mi="1" ci="0" mb="0" cb="0"/><line nr="1240" mi="2" ci="0" mb="0" cb="0"/><line nr="1241" mi="1" ci="0" mb="0" cb="0"/><line nr="1250" mi="1" ci="0" mb="0" cb="0"/><line nr="1253" mi="4" ci="0" mb="0" cb="0"/><line nr="1254" mi="3" ci="0" mb="0" cb="0"/><line nr="1257" mi="2" ci="0" mb="0" cb="0"/><line nr="1258" mi="1" ci="0" mb="0" cb="0"/><line nr="1261" mi="3" ci="0" mb="0" cb="0"/><line nr="1262" mi="3" ci="0" mb="0" cb="0"/><line nr="1265" mi="2" ci="0" mb="0" cb="0"/><line nr="1266" mi="1" ci="0" mb="0" cb="0"/><line nr="1269" mi="4" ci="0" mb="0" cb="0"/><line nr="1270" mi="3" ci="0" mb="2" cb="0"/><line nr="1271" mi="5" ci="0" mb="0" cb="0"/><line nr="1275" mi="3" ci="0" mb="0" cb="0"/><line nr="1276" mi="1" ci="0" mb="0" cb="0"/><line nr="1279" mi="3" ci="0" mb="0" cb="0"/><line nr="1280" mi="3" ci="0" mb="2" cb="0"/><line nr="1281" mi="5" ci="0" mb="0" cb="0"/><line nr="1283" mi="1" ci="0" mb="0" cb="0"/><line nr="1286" mi="4" ci="0" mb="0" cb="0"/><line nr="1287" mi="3" ci="0" mb="2" cb="0"/><line nr="1288" mi="5" ci="0" mb="0" cb="0"/><line nr="1292" mi="3" ci="0" mb="0" cb="0"/><line nr="1293" mi="1" ci="0" mb="0" cb="0"/><line nr="1296" mi="3" ci="0" mb="0" cb="0"/><line nr="1297" mi="3" ci="0" mb="2" cb="0"/><line nr="1298" mi="5" ci="0" mb="0" cb="0"/><line nr="1300" mi="1" ci="0" mb="0" cb="0"/><line nr="1303" mi="4" ci="0" mb="0" cb="0"/><line nr="1304" mi="3" ci="0" mb="2" cb="0"/><line nr="1305" mi="5" ci="0" mb="0" cb="0"/><line nr="1309" mi="3" ci="0" mb="0" cb="0"/><line nr="1310" mi="1" ci="0" mb="0" cb="0"/><line nr="1313" mi="3" ci="0" mb="0" cb="0"/><line nr="1314" mi="3" ci="0" mb="2" cb="0"/><line nr="1315" mi="5" ci="0" mb="0" cb="0"/><line nr="1317" mi="1" ci="0" mb="0" cb="0"/><line nr="1320" mi="3" ci="0" mb="0" cb="0"/><line nr="1321" mi="3" ci="0" mb="0" cb="0"/><line nr="1322" mi="1" ci="0" mb="0" cb="0"/><line nr="1325" mi="4" ci="0" mb="2" cb="0"/><line nr="1326" mi="3" ci="0" mb="0" cb="0"/><line nr="1327" mi="3" ci="0" mb="0" cb="0"/><line nr="1329" mi="1" ci="0" mb="0" cb="0"/><line nr="1332" mi="3" ci="0" mb="2" cb="0"/><line nr="1333" mi="3" ci="0" mb="0" cb="0"/><line nr="1334" mi="1" ci="0" mb="0" cb="0"/><line nr="1337" mi="5" ci="0" mb="0" cb="0"/><line nr="1338" mi="4" ci="0" mb="0" cb="0"/><line nr="1339" mi="2" ci="0" mb="2" cb="0"/><line nr="1340" mi="11" ci="0" mb="2" cb="0"/><line nr="1341" mi="3" ci="0" mb="0" cb="0"/><line nr="1342" mi="11" ci="0" mb="0" cb="0"/><line nr="1343" mi="4" ci="0" mb="0" cb="0"/><line nr="1347" mi="5" ci="0" mb="0" cb="0"/><line nr="1348" mi="1" ci="0" mb="0" cb="0"/><line nr="1351" mi="3" ci="0" mb="0" cb="0"/><line nr="1352" mi="3" ci="0" mb="0" cb="0"/><line nr="1353" mi="3" ci="0" mb="0" cb="0"/><line nr="1354" mi="3" ci="0" mb="0" cb="0"/><line nr="1355" mi="1" ci="0" mb="0" cb="0"/><line nr="1359" mi="11" ci="0" mb="0" cb="0"/><line nr="1360" mi="12" ci="0" mb="2" cb="0"/><line nr="1361" mi="5" ci="0" mb="0" cb="0"/><line nr="1364" mi="1" ci="0" mb="0" cb="0"/><line nr="1368" mi="11" ci="0" mb="0" cb="0"/><line nr="1369" mi="12" ci="0" mb="2" cb="0"/><line nr="1370" mi="5" ci="0" mb="0" cb="0"/><line nr="1373" mi="1" ci="0" mb="0" cb="0"/><line nr="1379" mi="13" ci="0" mb="2" cb="0"/><line nr="1380" mi="4" ci="0" mb="0" cb="0"/><line nr="1383" mi="12" ci="0" mb="2" cb="0"/><line nr="1384" mi="5" ci="0" mb="0" cb="0"/><line nr="1385" mi="5" ci="0" mb="4" cb="0"/><line nr="1386" mi="5" ci="0" mb="0" cb="0"/><line nr="1389" mi="1" ci="0" mb="0" cb="0"/><line nr="1393" mi="2" ci="0" mb="0" cb="0"/><line nr="1395" mi="12" ci="0" mb="2" cb="0"/><line nr="1396" mi="6" ci="0" mb="0" cb="0"/><line nr="1397" mi="5" ci="0" mb="0" cb="0"/><line nr="1400" mi="13" ci="0" mb="2" cb="0"/><line nr="1401" mi="6" ci="0" mb="0" cb="0"/><line nr="1402" mi="5" ci="0" mb="0" cb="0"/><line nr="1404" mi="1" ci="0" mb="0" cb="0"/><line nr="1407" mi="12" ci="0" mb="2" cb="0"/><line nr="1408" mi="13" ci="0" mb="2" cb="0"/><line nr="1409" mi="6" ci="0" mb="0" cb="0"/><line nr="1412" mi="1" ci="0" mb="0" cb="0"/><line nr="1415" mi="4" ci="0" mb="0" cb="0"/><line nr="1416" mi="1" ci="0" mb="0" cb="0"/><line nr="1417" mi="6" ci="0" mb="0" cb="0"/><line nr="1418" mi="1" ci="0" mb="0" cb="0"/><line nr="1419" mi="1" ci="0" mb="0" cb="0"/><line nr="1423" mi="2" ci="0" mb="2" cb="0"/><line nr="1424" mi="3" ci="0" mb="0" cb="0"/><line nr="1427" mi="5" ci="0" mb="0" cb="0"/><line nr="1428" mi="1" ci="0" mb="0" cb="0"/><line nr="1429" mi="5" ci="0" mb="0" cb="0"/><line nr="1430" mi="1" ci="0" mb="0" cb="0"/><line nr="1431" mi="12" ci="0" mb="4" cb="0"/><line nr="1432" mi="6" ci="0" mb="4" cb="0"/><line nr="1437" mi="4" ci="0" mb="0" cb="0"/><line nr="1438" mi="4" ci="0" mb="0" cb="0"/><line nr="1439" mi="4" ci="0" mb="0" cb="0"/><line nr="1440" mi="4" ci="0" mb="0" cb="0"/><line nr="1441" mi="4" ci="0" mb="0" cb="0"/><line nr="1442" mi="4" ci="0" mb="0" cb="0"/><line nr="1443" mi="4" ci="0" mb="0" cb="0"/><line nr="1444" mi="4" ci="0" mb="0" cb="0"/><line nr="1445" mi="4" ci="0" mb="0" cb="0"/><line nr="1446" mi="3" ci="0" mb="0" cb="0"/><line nr="1450" mi="3" ci="0" mb="0" cb="0"/><line nr="1451" mi="3" ci="0" mb="2" cb="0"/><line nr="1452" mi="1" ci="0" mb="0" cb="0"/><line nr="1454" mi="4" ci="0" mb="0" cb="0"/><line nr="1455" mi="2" ci="0" mb="2" cb="0"/><line nr="1456" mi="1" ci="0" mb="0" cb="0"/><line nr="1458" mi="11" ci="0" mb="2" cb="0"/><line nr="1459" mi="5" ci="0" mb="0" cb="0"/><line nr="1460" mi="1" ci="0" mb="0" cb="0"/><line nr="1461" mi="6" ci="0" mb="0" cb="0"/><line nr="1462" mi="7" ci="0" mb="2" cb="0"/><line nr="1463" mi="5" ci="0" mb="0" cb="0"/><line nr="1464" mi="1" ci="0" mb="0" cb="0"/><line nr="1465" mi="5" ci="0" mb="2" cb="0"/><line nr="1466" mi="3" ci="0" mb="0" cb="0"/><line nr="1467" mi="7" ci="0" mb="2" cb="0"/><line nr="1468" mi="16" ci="0" mb="0" cb="0"/><line nr="1469" mi="9" ci="0" mb="0" cb="0"/><line nr="1471" mi="10" ci="0" mb="0" cb="0"/><line nr="1472" mi="1" ci="0" mb="0" cb="0"/><line nr="1475" mi="3" ci="0" mb="0" cb="0"/><line nr="1476" mi="2" ci="0" mb="2" cb="0"/><line nr="1477" mi="3" ci="0" mb="0" cb="0"/><line nr="1478" mi="1" ci="0" mb="0" cb="0"/><line nr="1481" mi="3" ci="0" mb="0" cb="0"/><line nr="1482" mi="2" ci="0" mb="2" cb="0"/><line nr="1483" mi="3" ci="0" mb="0" cb="0"/><line nr="1484" mi="1" ci="0" mb="0" cb="0"/><line nr="1487" mi="4" ci="0" mb="0" cb="0"/><line nr="1488" mi="2" ci="0" mb="2" cb="0"/><line nr="1489" mi="1" ci="0" mb="0" cb="0"/><line nr="1491" mi="11" ci="0" mb="2" cb="0"/><line nr="1492" mi="2" ci="0" mb="2" cb="0"/><line nr="1493" mi="1" ci="0" mb="0" cb="0"/><line nr="1495" mi="3" ci="0" mb="0" cb="0"/><line nr="1497" mi="10" ci="0" mb="0" cb="0"/><line nr="1498" mi="1" ci="0" mb="0" cb="0"/><line nr="1501" mi="3" ci="0" mb="0" cb="0"/><line nr="1502" mi="2" ci="0" mb="2" cb="0"/><line nr="1503" mi="3" ci="0" mb="0" cb="0"/><line nr="1504" mi="1" ci="0" mb="0" cb="0"/><line nr="1507" mi="3" ci="0" mb="0" cb="0"/><line nr="1508" mi="2" ci="0" mb="2" cb="0"/><line nr="1509" mi="3" ci="0" mb="0" cb="0"/><line nr="1510" mi="1" ci="0" mb="0" cb="0"/><line nr="1513" mi="3" ci="0" mb="0" cb="0"/><line nr="1514" mi="4" ci="0" mb="0" cb="0"/><line nr="1515" mi="2" ci="0" mb="2" cb="0"/><line nr="1516" mi="1" ci="0" mb="0" cb="0"/><line nr="1518" mi="11" ci="0" mb="2" cb="0"/><line nr="1519" mi="2" ci="0" mb="2" cb="0"/><line nr="1520" mi="1" ci="0" mb="0" cb="0"/><line nr="1522" mi="4" ci="0" mb="0" cb="0"/><line nr="1523" mi="5" ci="0" mb="0" cb="0"/><line nr="1524" mi="5" ci="0" mb="0" cb="0"/><line nr="1525" mi="5" ci="0" mb="0" cb="0"/><line nr="1526" mi="9" ci="0" mb="0" cb="0"/><line nr="1527" mi="20" ci="0" mb="2" cb="0"/><line nr="1528" mi="9" ci="0" mb="0" cb="0"/><line nr="1529" mi="15" ci="0" mb="2" cb="0"/><line nr="1530" mi="9" ci="0" mb="0" cb="0"/><line nr="1531" mi="15" ci="0" mb="2" cb="0"/><line nr="1532" mi="3" ci="0" mb="0" cb="0"/><line nr="1534" mi="10" ci="0" mb="0" cb="0"/><line nr="1535" mi="1" ci="0" mb="0" cb="0"/><line nr="1538" mi="3" ci="0" mb="0" cb="0"/><line nr="1539" mi="2" ci="0" mb="2" cb="0"/><line nr="1540" mi="3" ci="0" mb="0" cb="0"/><line nr="1541" mi="1" ci="0" mb="0" cb="0"/><line nr="1544" mi="3" ci="0" mb="0" cb="0"/><line nr="1545" mi="2" ci="0" mb="2" cb="0"/><line nr="1546" mi="3" ci="0" mb="0" cb="0"/><line nr="1547" mi="1" ci="0" mb="0" cb="0"/><line nr="1550" mi="4" ci="0" mb="0" cb="0"/><line nr="1552" mi="3" ci="0" mb="0" cb="0"/><line nr="1553" mi="2" ci="0" mb="2" cb="0"/><line nr="1554" mi="1" ci="0" mb="0" cb="0"/><line nr="1556" mi="3" ci="0" mb="0" cb="0"/><line nr="1558" mi="5" ci="0" mb="4" cb="0"/><line nr="1559" mi="11" ci="0" mb="2" cb="0"/><line nr="1560" mi="4" ci="0" mb="0" cb="0"/><line nr="1561" mi="6" ci="0" mb="2" cb="0"/><line nr="1562" mi="4" ci="0" mb="0" cb="0"/><line nr="1563" mi="2" ci="0" mb="2" cb="0"/><line nr="1564" mi="3" ci="0" mb="0" cb="0"/><line nr="1565" mi="4" ci="0" mb="2" cb="0"/><line nr="1566" mi="5" ci="0" mb="0" cb="0"/><line nr="1568" mi="3" ci="0" mb="0" cb="0"/><line nr="1569" mi="3" ci="0" mb="0" cb="0"/><line nr="1570" mi="2" ci="0" mb="2" cb="0"/><line nr="1571" mi="5" ci="0" mb="0" cb="0"/><line nr="1572" mi="2" ci="0" mb="2" cb="0"/><line nr="1573" mi="3" ci="0" mb="0" cb="0"/><line nr="1574" mi="1" ci="0" mb="0" cb="0"/><line nr="1575" mi="5" ci="0" mb="2" cb="0"/><line nr="1576" mi="4" ci="0" mb="0" cb="0"/><line nr="1577" mi="1" ci="0" mb="0" cb="0"/><line nr="1582" mi="7" ci="0" mb="0" cb="0"/><line nr="1583" mi="2" ci="0" mb="0" cb="0"/><line nr="1584" mi="6" ci="0" mb="2" cb="0"/><line nr="1585" mi="8" ci="0" mb="0" cb="0"/><line nr="1587" mi="6" ci="0" mb="0" cb="0"/><line nr="1588" mi="4" ci="0" mb="0" cb="0"/><line nr="1590" mi="1" ci="0" mb="0" cb="0"/><line nr="1593" mi="3" ci="0" mb="0" cb="0"/><line nr="1594" mi="2" ci="0" mb="2" cb="0"/><line nr="1595" mi="3" ci="0" mb="0" cb="0"/><line nr="1596" mi="1" ci="0" mb="0" cb="0"/><line nr="1599" mi="3" ci="0" mb="0" cb="0"/><line nr="1600" mi="2" ci="0" mb="2" cb="0"/><line nr="1601" mi="3" ci="0" mb="0" cb="0"/><line nr="1602" mi="1" ci="0" mb="0" cb="0"/><line nr="1605" mi="3" ci="0" mb="0" cb="0"/><line nr="1606" mi="2" ci="0" mb="2" cb="0"/><line nr="1607" mi="3" ci="0" mb="0" cb="0"/><line nr="1608" mi="1" ci="0" mb="0" cb="0"/><line nr="1610" mi="3" ci="0" mb="0" cb="0"/><line nr="1611" mi="6" ci="0" mb="0" cb="0"/><line nr="1612" mi="4" ci="0" mb="0" cb="0"/><line nr="1613" mi="1" ci="0" mb="0" cb="0"/><line nr="1616" mi="3" ci="0" mb="0" cb="0"/><line nr="1617" mi="2" ci="0" mb="2" cb="0"/><line nr="1618" mi="3" ci="0" mb="0" cb="0"/><line nr="1619" mi="1" ci="0" mb="0" cb="0"/><line nr="1621" mi="5" ci="0" mb="2" cb="0"/><line nr="1622" mi="2" ci="0" mb="0" cb="0"/><line nr="1623" mi="6" ci="0" mb="2" cb="0"/><line nr="1624" mi="2" ci="0" mb="0" cb="0"/><line nr="1625" mi="5" ci="0" mb="2" cb="0"/><line nr="1626" mi="2" ci="0" mb="2" cb="0"/><line nr="1627" mi="3" ci="0" mb="0" cb="0"/><line nr="1628" mi="1" ci="0" mb="0" cb="0"/><line nr="1629" mi="3" ci="0" mb="0" cb="0"/><line nr="1631" mi="1" ci="0" mb="0" cb="0"/><line nr="1632" mi="3" ci="0" mb="0" cb="0"/><line nr="1634" mi="1" ci="0" mb="0" cb="0"/><line nr="1638" mi="3" ci="0" mb="0" cb="0"/><line nr="1639" mi="2" ci="0" mb="2" cb="0"/><line nr="1640" mi="6" ci="0" mb="0" cb="0"/><line nr="1641" mi="4" ci="0" mb="0" cb="0"/><line nr="1642" mi="1" ci="0" mb="0" cb="0"/><line nr="1645" mi="4" ci="0" mb="0" cb="0"/><line nr="1646" mi="2" ci="0" mb="0" cb="0"/><line nr="1647" mi="3" ci="0" mb="0" cb="0"/><line nr="1649" mi="1" ci="0" mb="0" cb="0"/><line nr="1654" mi="5" ci="0" mb="0" cb="0"/><line nr="1655" mi="1" ci="0" mb="0" cb="0"/><line nr="1656" mi="7" ci="0" mb="2" cb="0"/><line nr="1661" mi="5" ci="0" mb="2" cb="0"/><line nr="1662" mi="5" ci="0" mb="2" cb="0"/><line nr="1663" mi="5" ci="0" mb="2" cb="0"/><line nr="1664" mi="5" ci="0" mb="2" cb="0"/><line nr="1665" mi="2" ci="0" mb="0" cb="0"/><line nr="1667" mi="2" ci="0" mb="0" cb="0"/><line nr="1674" mi="4" ci="0" mb="0" cb="0"/><line nr="1676" mi="11" ci="0" mb="2" cb="0"/><line nr="1677" mi="5" ci="0" mb="2" cb="0"/><line nr="1678" mi="4" ci="0" mb="0" cb="0"/><line nr="1682" mi="3" ci="0" mb="2" cb="0"/><line nr="1683" mi="5" ci="0" mb="0" cb="0"/><line nr="1684" mi="5" ci="0" mb="0" cb="0"/><line nr="1686" mi="1" ci="0" mb="0" cb="0"/><line nr="1689" mi="13" ci="0" mb="2" cb="0"/><line nr="1690" mi="5" ci="0" mb="0" cb="0"/><line nr="1692" mi="1" ci="0" mb="0" cb="0"/><line nr="1695" mi="4" ci="0" mb="0" cb="0"/><line nr="1696" mi="4" ci="0" mb="0" cb="0"/><line nr="1697" mi="5" ci="0" mb="0" cb="0"/><line nr="1698" mi="1" ci="0" mb="0" cb="0"/><line nr="1704" mi="4" ci="0" mb="0" cb="0"/><line nr="1706" mi="11" ci="0" mb="2" cb="0"/><line nr="1707" mi="5" ci="0" mb="2" cb="0"/><line nr="1708" mi="4" ci="0" mb="0" cb="0"/><line nr="1712" mi="3" ci="0" mb="2" cb="0"/><line nr="1713" mi="5" ci="0" mb="0" cb="0"/><line nr="1714" mi="5" ci="0" mb="0" cb="0"/><line nr="1716" mi="1" ci="0" mb="0" cb="0"/><line nr="1719" mi="13" ci="0" mb="2" cb="0"/><line nr="1720" mi="5" ci="0" mb="0" cb="0"/><line nr="1722" mi="1" ci="0" mb="0" cb="0"/><line nr="1725" mi="4" ci="0" mb="0" cb="0"/><line nr="1726" mi="4" ci="0" mb="0" cb="0"/><line nr="1727" mi="5" ci="0" mb="0" cb="0"/><line nr="1728" mi="1" ci="0" mb="0" cb="0"/><line nr="1731" mi="2" ci="0" mb="2" cb="0"/><line nr="1732" mi="4" ci="0" mb="0" cb="0"/><line nr="1734" mi="6" ci="0" mb="0" cb="0"/><line nr="1735" mi="1" ci="0" mb="0" cb="0"/><line nr="1738" mi="5" ci="0" mb="2" cb="0"/><line nr="1739" mi="5" ci="0" mb="0" cb="0"/><line nr="1741" mi="1" ci="0" mb="0" cb="0"/><line nr="1745" mi="3" ci="0" mb="0" cb="0"/><line nr="1760" mi="2" ci="0" mb="2" cb="0"/><line nr="1761" mi="3" ci="0" mb="0" cb="0"/><line nr="1762" mi="2" ci="0" mb="0" cb="0"/><line nr="1764" mi="2" ci="0" mb="2" cb="0"/><line nr="1765" mi="3" ci="0" mb="0" cb="0"/><line nr="1766" mi="2" ci="0" mb="0" cb="0"/><line nr="1770" mi="4" ci="0" mb="2" cb="0"/><line nr="1771" mi="5" ci="0" mb="0" cb="0"/><line nr="1772" mi="4" ci="0" mb="2" cb="0"/><line nr="1773" mi="3" ci="0" mb="0" cb="0"/><line nr="1774" mi="5" ci="0" mb="0" cb="0"/><line nr="1775" mi="4" ci="0" mb="2" cb="0"/><line nr="1776" mi="3" ci="0" mb="0" cb="0"/><line nr="1777" mi="5" ci="0" mb="0" cb="0"/><line nr="1779" mi="4" ci="0" mb="0" cb="0"/><line nr="1781" mi="2" ci="0" mb="0" cb="0"/><line nr="1782" mi="5" ci="0" mb="0" cb="0"/><line nr="1785" mi="2" ci="0" mb="0" cb="0"/><line nr="1791" mi="5" ci="0" mb="0" cb="0"/><line nr="1792" mi="2" ci="0" mb="2" cb="0"/><line nr="1793" mi="3" ci="0" mb="0" cb="0"/><line nr="1794" mi="5" ci="0" mb="4" cb="0"/><line nr="1795" mi="2" ci="0" mb="0" cb="0"/><line nr="1800" mi="5" ci="0" mb="0" cb="0"/><line nr="1801" mi="1" ci="0" mb="0" cb="0"/><line nr="1802" mi="5" ci="0" mb="2" cb="0"/><line nr="1803" mi="2" ci="0" mb="0" cb="0"/><counter type="INSTRUCTION" missed="3646" covered="0"/><counter type="BRANCH" missed="425" covered="0"/><counter type="LINE" missed="901" covered="0"/><counter type="COMPLEXITY" missed="331" covered="0"/><counter type="METHOD" missed="117" covered="0"/><counter type="CLASS" missed="2" covered="0"/></sourcefile><sourcefile name="Activator.java"><line nr="36" mi="3" ci="0" mb="0" cb="0"/><line nr="37" mi="1" ci="0" mb="0" cb="0"/><line nr="38" mi="3" ci="0" mb="0" cb="0"/><line nr="48" mi="1" ci="0" mb="0" cb="0"/><line nr="57" mi="1" ci="0" mb="0" cb="0"/><line nr="69" mi="7" ci="0" mb="0" cb="0"/><line nr="70" mi="2" ci="0" mb="0" cb="0"/><line nr="87" mi="4" ci="0" mb="2" cb="0"/><line nr="88" mi="4" ci="0" mb="0" cb="0"/><line nr="89" mi="4" ci="0" mb="0" cb="0"/><line nr="90" mi="4" ci="0" mb="0" cb="0"/><line nr="91" mi="5" ci="0" mb="0" cb="0"/><line nr="93" mi="7" ci="0" mb="0" cb="0"/><line nr="94" mi="5" ci="0" mb="0" cb="0"/><line nr="95" mi="5" ci="0" mb="0" cb="0"/><line nr="96" mi="5" ci="0" mb="0" cb="0"/><line nr="97" mi="4" ci="0" mb="0" cb="0"/><line nr="101" mi="7" ci="0" mb="0" cb="0"/><line nr="102" mi="2" ci="0" mb="0" cb="0"/><line nr="103" mi="2" ci="0" mb="0" cb="0"/><line nr="104" mi="2" ci="0" mb="0" cb="0"/><line nr="105" mi="7" ci="0" mb="0" cb="0"/><line nr="106" mi="2" ci="0" mb="0" cb="0"/><line nr="107" mi="2" ci="0" mb="0" cb="0"/><line nr="108" mi="2" ci="0" mb="0" cb="0"/><line nr="109" mi="7" ci="0" mb="0" cb="0"/><line nr="110" mi="2" ci="0" mb="0" cb="0"/><line nr="111" mi="2" ci="0" mb="0" cb="0"/><line nr="112" mi="2" ci="0" mb="0" cb="0"/><line nr="113" mi="7" ci="0" mb="0" cb="0"/><line nr="114" mi="3" ci="0" mb="0" cb="0"/><line nr="115" mi="3" ci="0" mb="0" cb="0"/><line nr="116" mi="7" ci="0" mb="0" cb="0"/><line nr="117" mi="2" ci="0" mb="0" cb="0"/><line nr="118" mi="1" ci="0" mb="0" cb="0"/><line nr="119" mi="3" ci="0" mb="0" cb="0"/><line nr="121" mi="1" ci="0" mb="0" cb="0"/><counter type="INSTRUCTION" missed="131" covered="0"/><counter type="BRANCH" missed="2" covered="0"/><counter type="LINE" missed="37" covered="0"/><counter type="COMPLEXITY" missed="7" covered="0"/><counter type="METHOD" missed="6" covered="0"/><counter type="CLASS" missed="1" covered="0"/></sourcefile><counter type="INSTRUCTION" missed="3777" covered="0"/><counter type="BRANCH" missed="427" covered="0"/><counter type="LINE" missed="938" covered="0"/><counter type="COMPLEXITY" missed="338" covered="0"/><counter type="METHOD" missed="123" covered="0"/><counter type="CLASS" missed="3" covered="0"/></package><counter type="INSTRUCTION" missed="3777" covered="0"/><counter type="BRANCH" missed="427" covered="0"/><counter type="LINE" missed="938" covered="0"/><counter type="COMPLEXITY" missed="338" covered="0"/><counter type="METHOD" missed="123" covered="0"/><counter type="CLASS" missed="3" covered="0"/></report>